{"/Users/ali/Documents/workSpace/katalzeai/rmc-app-frontend/src/app/documents/_components/DocumentsDataTable.tsx": {"path":"/Users/ali/Documents/workSpace/katalzeai/rmc-app-frontend/src/app/documents/_components/DocumentsDataTable.tsx","statementMap":{"0":{"start":{"line":3,"column":0},"end":{"line":3,"column":44}},"1":{"start":{"line":4,"column":0},"end":{"line":4,"column":39}},"2":{"start":{"line":5,"column":0},"end":{"line":5,"column":null}},"3":{"start":{"line":22,"column":0},"end":{"line":22,"column":null}},"4":{"start":{"line":33,"column":0},"end":{"line":33,"column":null}},"5":{"start":{"line":37,"column":0},"end":{"line":37,"column":84}},"6":{"start":{"line":38,"column":0},"end":{"line":38,"column":50}},"7":{"start":{"line":39,"column":0},"end":{"line":39,"column":52}},"8":{"start":{"line":40,"column":0},"end":{"line":40,"column":48}},"9":{"start":{"line":41,"column":0},"end":{"line":41,"column":56}},"10":{"start":{"line":42,"column":0},"end":{"line":42,"column":44}},"11":{"start":{"line":43,"column":0},"end":{"line":43,"column":43}},"12":{"start":{"line":67,"column":32},"end":{"line":67,"column":58}},"13":{"start":{"line":68,"column":44},"end":{"line":68,"column":76}},"14":{"start":{"line":69,"column":50},"end":{"line":69,"column":79}},"15":{"start":{"line":70,"column":42},"end":{"line":70,"column":54}},"16":{"start":{"line":71,"column":42},"end":{"line":71,"column":54}},"17":{"start":{"line":72,"column":38},"end":{"line":75,"column":4}},"18":{"start":{"line":76,"column":34},"end":{"line":76,"column":48}},"19":{"start":{"line":77,"column":36},"end":{"line":77,"column":59}},"20":{"start":{"line":79,"column":2},"end":{"line":102,"column":5}},"21":{"start":{"line":80,"column":25},"end":{"line":92,"column":6}},"22":{"start":{"line":80,"column":36},"end":{"line":92,"column":6}},"23":{"start":{"line":81,"column":22},"end":{"line":81,"column":29}},"24":{"start":{"line":82,"column":23},"end":{"line":89,"column":8}},"25":{"start":{"line":90,"column":6},"end":{"line":90,"column":45}},"26":{"start":{"line":91,"column":6},"end":{"line":91,"column":45}},"27":{"start":{"line":93,"column":4},"end":{"line":93,"column":19}},"28":{"start":{"line":104,"column":16},"end":{"line":126,"column":4}},"29":{"start":{"line":128,"column":29},"end":{"line":145,"column":4}},"30":{"start":{"line":128,"column":40},"end":{"line":145,"column":4}},"31":{"start":{"line":129,"column":25},"end":{"line":129,"column":57}},"32":{"start":{"line":130,"column":29},"end":{"line":131,"column":null}},"33":{"start":{"line":131,"column":16},"end":{"line":131,"column":50}},"34":{"start":{"line":133,"column":22},"end":{"line":134,"column":null}},"35":{"start":{"line":134,"column":35},"end":{"line":134,"column":62}},"36":{"start":{"line":136,"column":21},"end":{"line":138,"column":null}},"37":{"start":{"line":137,"column":24},"end":{"line":137,"column":48}},"38":{"start":{"line":140,"column":4},"end":{"line":140,"column":23}},"39":{"start":{"line":141,"column":4},"end":{"line":141,"column":20}},"40":{"start":{"line":142,"column":4},"end":{"line":144,"column":7}},"41":{"start":{"line":147,"column":25},"end":{"line":154,"column":4}},"42":{"start":{"line":156,"column":2},"end":{"line":332,"column":4}},"43":{"start":{"line":178,"column":16},"end":{"line":178,"column":52}},"44":{"start":{"line":197,"column":38},"end":{"line":197,"column":57}},"45":{"start":{"line":199,"column":20},"end":{"line":199,"column":41}},"46":{"start":{"line":208,"column":28},"end":{"line":208,"column":76}},"47":{"start":{"line":245,"column":16},"end":{"line":245,"column":45}},"48":{"start":{"line":261,"column":16},"end":{"line":262,"column":null}},"49":{"start":{"line":267,"column":20},"end":{"line":268,"column":null}},"50":{"start":{"line":292,"column":29},"end":{"line":292,"column":49}},"51":{"start":{"line":306,"column":29},"end":{"line":306,"column":54}},"52":{"start":{"line":321,"column":29},"end":{"line":321,"column":45}},"53":{"start":{"line":61,"column":0},"end":{"line":61,"column":16}}},"fnMap":{"0":{"name":"DocumentsDataTable","decl":{"start":{"line":61,"column":16},"end":{"line":61,"column":34}},"loc":{"start":{"line":66,"column":42},"end":{"line":333,"column":1}}},"1":{"name":"(anonymous_9)","decl":{"start":{"line":79,"column":12},"end":{"line":79,"column":15}},"loc":{"start":{"line":79,"column":17},"end":{"line":94,"column":3}}},"2":{"name":"(anonymous_10)","decl":{"start":{"line":80,"column":25},"end":{"line":80,"column":34}},"loc":{"start":{"line":80,"column":36},"end":{"line":92,"column":6}}},"3":{"name":"(anonymous_11)","decl":{"start":{"line":80,"column":36},"end":{"line":80,"column":null}},"loc":{"start":{"line":80,"column":36},"end":{"line":92,"column":5}}},"4":{"name":"(anonymous_12)","decl":{"start":{"line":128,"column":29},"end":{"line":128,"column":38}},"loc":{"start":{"line":128,"column":40},"end":{"line":145,"column":4}}},"5":{"name":"(anonymous_13)","decl":{"start":{"line":128,"column":40},"end":{"line":128,"column":null}},"loc":{"start":{"line":128,"column":40},"end":{"line":145,"column":3}}},"6":{"name":"(anonymous_14)","decl":{"start":{"line":131,"column":6},"end":{"line":131,"column":7}},"loc":{"start":{"line":131,"column":16},"end":{"line":131,"column":50}}},"7":{"name":"(anonymous_15)","decl":{"start":{"line":134,"column":27},"end":{"line":134,"column":28}},"loc":{"start":{"line":134,"column":35},"end":{"line":134,"column":62}}},"8":{"name":"(anonymous_16)","decl":{"start":{"line":137,"column":6},"end":{"line":137,"column":7}},"loc":{"start":{"line":137,"column":24},"end":{"line":137,"column":48}}},"9":{"name":"(anonymous_17)","decl":{"start":{"line":177,"column":24},"end":{"line":177,"column":25}},"loc":{"start":{"line":177,"column":34},"end":{"line":179,"column":15}}},"10":{"name":"(anonymous_18)","decl":{"start":{"line":197,"column":26},"end":{"line":197,"column":27}},"loc":{"start":{"line":197,"column":38},"end":{"line":197,"column":57}}},"11":{"name":"(anonymous_19)","decl":{"start":{"line":198,"column":23},"end":{"line":198,"column":24}},"loc":{"start":{"line":199,"column":20},"end":{"line":199,"column":41}}},"12":{"name":"(anonymous_20)","decl":{"start":{"line":207,"column":36},"end":{"line":207,"column":37}},"loc":{"start":{"line":207,"column":46},"end":{"line":209,"column":27}}},"13":{"name":"(anonymous_21)","decl":{"start":{"line":244,"column":54},"end":{"line":244,"column":55}},"loc":{"start":{"line":245,"column":16},"end":{"line":245,"column":45}}},"14":{"name":"(anonymous_22)","decl":{"start":{"line":260,"column":44},"end":{"line":260,"column":45}},"loc":{"start":{"line":261,"column":16},"end":{"line":262,"column":null}}},"15":{"name":"(anonymous_23)","decl":{"start":{"line":266,"column":45},"end":{"line":266,"column":46}},"loc":{"start":{"line":267,"column":20},"end":{"line":268,"column":null}}},"16":{"name":"(anonymous_24)","decl":{"start":{"line":292,"column":23},"end":{"line":292,"column":26}},"loc":{"start":{"line":292,"column":29},"end":{"line":292,"column":49}}},"17":{"name":"(anonymous_25)","decl":{"start":{"line":306,"column":22},"end":{"line":306,"column":23}},"loc":{"start":{"line":306,"column":29},"end":{"line":306,"column":54}}},"18":{"name":"(anonymous_26)","decl":{"start":{"line":321,"column":23},"end":{"line":321,"column":26}},"loc":{"start":{"line":321,"column":29},"end":{"line":321,"column":45}}}},"branchMap":{"0":{"loc":{"start":{"line":86,"column":18},"end":{"line":86,"column":59}},"type":"cond-expr","locations":[{"start":{"line":86,"column":39},"end":{"line":86,"column":47}},{"start":{"line":86,"column":50},"end":{"line":86,"column":59}}]},"1":{"loc":{"start":{"line":87,"column":14},"end":{"line":87,"column":57}},"type":"cond-expr","locations":[{"start":{"line":87,"column":35},"end":{"line":87,"column":45}},{"start":{"line":87,"column":48},"end":{"line":87,"column":57}}]},"2":{"loc":{"start":{"line":165,"column":15},"end":{"line":165,"column":65}},"type":"cond-expr","locations":[{"start":{"line":165,"column":42},"end":{"line":165,"column":53}},{"start":{"line":165,"column":56},"end":{"line":165,"column":65}}]},"3":{"loc":{"start":{"line":211,"column":48},"end":{"line":211,"column":86}},"type":"binary-expr","locations":[{"start":{"line":211,"column":48},"end":{"line":211,"column":73}},{"start":{"line":211,"column":77},"end":{"line":211,"column":86}}]},"4":{"loc":{"start":{"line":221,"column":33},"end":{"line":223,"column":null}},"type":"cond-expr","locations":[{"start":{"line":222,"column":8},"end":{"line":222,"column":41}},{"start":{"line":223,"column":8},"end":{"line":223,"column":null}}]},"5":{"loc":{"start":{"line":246,"column":19},"end":{"line":250,"column":null}},"type":"cond-expr","locations":[{"start":{"line":247,"column":22},"end":{"line":247,"column":26}},{"start":{"line":248,"column":22},"end":{"line":250,"column":null}}]},"6":{"loc":{"start":{"line":263,"column":30},"end":{"line":263,"column":63}},"type":"binary-expr","locations":[{"start":{"line":263,"column":30},"end":{"line":263,"column":49}},{"start":{"line":263,"column":53},"end":{"line":263,"column":63}}]}},"s":{"0":1,"1":1,"2":1,"3":1,"4":1,"5":1,"6":1,"7":1,"8":1,"9":1,"10":1,"11":1,"12":10,"13":10,"14":10,"15":10,"16":10,"17":10,"18":10,"19":10,"20":10,"21":9,"22":9,"23":9,"24":9,"25":9,"26":9,"27":9,"28":10,"29":10,"30":0,"31":0,"32":0,"33":0,"34":0,"35":0,"36":0,"37":0,"38":0,"39":0,"40":0,"41":10,"42":10,"43":5,"44":20,"45":20,"46":0,"47":20,"48":20,"49":40,"50":0,"51":0,"52":0,"53":1},"f":{"0":10,"1":9,"2":9,"3":9,"4":0,"5":0,"6":0,"7":0,"8":0,"9":5,"10":20,"11":20,"12":0,"13":20,"14":20,"15":40,"16":0,"17":0,"18":0},"b":{"0":[0,9],"1":[0,9],"2":[5,5],"3":[20,20],"4":[10,0],"5":[0,20],"6":[20,0]}}
,"/Users/ali/Documents/workSpace/katalzeai/rmc-app-frontend/src/app/documents/_components/columnHeader.tsx": {"path":"/Users/ali/Documents/workSpace/katalzeai/rmc-app-frontend/src/app/documents/_components/columnHeader.tsx","statementMap":{"0":{"start":{"line":3,"column":0},"end":{"line":3,"column":43}},"1":{"start":{"line":6,"column":0},"end":{"line":6,"column":50}},"2":{"start":{"line":7,"column":0},"end":{"line":7,"column":46}},"3":{"start":{"line":8,"column":0},"end":{"line":8,"column":50}},"4":{"start":{"line":16,"column":70},"end":{"line":45,"column":1}},"5":{"start":{"line":20,"column":22},"end":{"line":32,"column":3}},"6":{"start":{"line":21,"column":23},"end":{"line":21,"column":43}},"7":{"start":{"line":22,"column":4},"end":{"line":31,"column":null}},"8":{"start":{"line":24,"column":8},"end":{"line":24,"column":33}},"9":{"start":{"line":27,"column":8},"end":{"line":27,"column":31}},"10":{"start":{"line":30,"column":8},"end":{"line":30,"column":33}},"11":{"start":{"line":34,"column":2},"end":{"line":44,"column":4}},"12":{"start":{"line":37,"column":21},"end":{"line":37,"column":73}},"13":{"start":{"line":47,"column":0},"end":{"line":47,"column":38}}},"fnMap":{"0":{"name":"(anonymous_1)","decl":{"start":{"line":16,"column":70},"end":{"line":16,"column":71}},"loc":{"start":{"line":19,"column":5},"end":{"line":45,"column":1}}},"1":{"name":"(anonymous_2)","decl":{"start":{"line":20,"column":22},"end":{"line":20,"column":25}},"loc":{"start":{"line":20,"column":27},"end":{"line":32,"column":3}}},"2":{"name":"(anonymous_3)","decl":{"start":{"line":37,"column":15},"end":{"line":37,"column":18}},"loc":{"start":{"line":37,"column":21},"end":{"line":37,"column":73}}}},"branchMap":{"0":{"loc":{"start":{"line":22,"column":4},"end":{"line":31,"column":null}},"type":"switch","locations":[{"start":{"line":23,"column":6},"end":{"line":25,"column":null}},{"start":{"line":26,"column":6},"end":{"line":28,"column":null}},{"start":{"line":29,"column":6},"end":{"line":30,"column":33}}]}},"s":{"0":3,"1":3,"2":3,"3":3,"4":3,"5":5,"6":5,"7":5,"8":1,"9":2,"10":2,"11":5,"12":2,"13":3},"f":{"0":5,"1":5,"2":2},"b":{"0":[1,2,2]}}
,"/Users/ali/Documents/workSpace/katalzeai/rmc-app-frontend/src/app/documents/_components/columns.tsx": {"path":"/Users/ali/Documents/workSpace/katalzeai/rmc-app-frontend/src/app/documents/_components/columns.tsx","statementMap":{"0":{"start":{"line":3,"column":0},"end":{"line":3,"column":60}},"1":{"start":{"line":5,"column":0},"end":{"line":5,"column":29}},"2":{"start":{"line":7,"column":0},"end":{"line":7,"column":60}},"3":{"start":{"line":8,"column":0},"end":{"line":8,"column":44}},"4":{"start":{"line":9,"column":0},"end":{"line":9,"column":38}},"5":{"start":{"line":10,"column":0},"end":{"line":10,"column":58}},"6":{"start":{"line":13,"column":0},"end":{"line":13,"column":52}},"7":{"start":{"line":15,"column":13},"end":{"line":230,"column":2}},"8":{"start":{"line":19,"column":6},"end":{"line":27,"column":null}},"9":{"start":{"line":25,"column":25},"end":{"line":25,"column":74}},"10":{"start":{"line":31,"column":6},"end":{"line":38,"column":null}},"11":{"start":{"line":37,"column":25},"end":{"line":37,"column":61}},"12":{"start":{"line":47,"column":6},"end":{"line":47,"column":80}},"13":{"start":{"line":50,"column":6},"end":{"line":64,"column":null}},"14":{"start":{"line":73,"column":6},"end":{"line":73,"column":null}},"15":{"start":{"line":78,"column":6},"end":{"line":91,"column":null}},"16":{"start":{"line":100,"column":6},"end":{"line":100,"column":null}},"17":{"start":{"line":105,"column":6},"end":{"line":111,"column":null}},"18":{"start":{"line":120,"column":6},"end":{"line":120,"column":null}},"19":{"start":{"line":125,"column":6},"end":{"line":125,"column":58}},"20":{"start":{"line":125,"column":39},"end":{"line":125,"column":58}},"21":{"start":{"line":126,"column":6},"end":{"line":142,"column":null}},"22":{"start":{"line":127,"column":8},"end":{"line":141,"column":10}},"23":{"start":{"line":143,"column":6},"end":{"line":149,"column":8}},"24":{"start":{"line":157,"column":6},"end":{"line":157,"column":77}},"25":{"start":{"line":160,"column":6},"end":{"line":160,"column":56}},"26":{"start":{"line":160,"column":37},"end":{"line":160,"column":56}},"27":{"start":{"line":161,"column":6},"end":{"line":177,"column":null}},"28":{"start":{"line":162,"column":8},"end":{"line":176,"column":10}},"29":{"start":{"line":178,"column":6},"end":{"line":184,"column":8}},"30":{"start":{"line":192,"column":6},"end":{"line":192,"column":null}},"31":{"start":{"line":196,"column":23},"end":{"line":196,"column":72}},"32":{"start":{"line":202,"column":6},"end":{"line":202,"column":null}},"33":{"start":{"line":207,"column":19},"end":{"line":207,"column":51}},"34":{"start":{"line":208,"column":28},"end":{"line":208,"column":60}},"35":{"start":{"line":209,"column":6},"end":{"line":209,"column":40}},"36":{"start":{"line":216,"column":6},"end":{"line":216,"column":77}},"37":{"start":{"line":219,"column":6},"end":{"line":225,"column":null}}},"fnMap":{"0":{"name":"(anonymous_1)","decl":{"start":{"line":18,"column":12},"end":{"line":18,"column":13}},"loc":{"start":{"line":19,"column":6},"end":{"line":27,"column":null}}},"1":{"name":"(anonymous_2)","decl":{"start":{"line":25,"column":18},"end":{"line":25,"column":19}},"loc":{"start":{"line":25,"column":25},"end":{"line":25,"column":74}}},"2":{"name":"(anonymous_3)","decl":{"start":{"line":30,"column":10},"end":{"line":30,"column":11}},"loc":{"start":{"line":31,"column":6},"end":{"line":38,"column":null}}},"3":{"name":"(anonymous_4)","decl":{"start":{"line":37,"column":18},"end":{"line":37,"column":19}},"loc":{"start":{"line":37,"column":25},"end":{"line":37,"column":61}}},"4":{"name":"(anonymous_5)","decl":{"start":{"line":46,"column":12},"end":{"line":46,"column":13}},"loc":{"start":{"line":47,"column":6},"end":{"line":47,"column":80}}},"5":{"name":"(anonymous_6)","decl":{"start":{"line":49,"column":10},"end":{"line":49,"column":11}},"loc":{"start":{"line":50,"column":6},"end":{"line":64,"column":null}}},"6":{"name":"(anonymous_7)","decl":{"start":{"line":72,"column":12},"end":{"line":72,"column":13}},"loc":{"start":{"line":73,"column":6},"end":{"line":73,"column":null}}},"7":{"name":"(anonymous_8)","decl":{"start":{"line":77,"column":10},"end":{"line":77,"column":11}},"loc":{"start":{"line":78,"column":6},"end":{"line":91,"column":null}}},"8":{"name":"(anonymous_9)","decl":{"start":{"line":99,"column":12},"end":{"line":99,"column":13}},"loc":{"start":{"line":100,"column":6},"end":{"line":100,"column":null}}},"9":{"name":"(anonymous_10)","decl":{"start":{"line":104,"column":10},"end":{"line":104,"column":11}},"loc":{"start":{"line":105,"column":6},"end":{"line":111,"column":null}}},"10":{"name":"(anonymous_11)","decl":{"start":{"line":119,"column":12},"end":{"line":119,"column":13}},"loc":{"start":{"line":120,"column":6},"end":{"line":120,"column":null}}},"11":{"name":"(anonymous_12)","decl":{"start":{"line":124,"column":10},"end":{"line":124,"column":11}},"loc":{"start":{"line":124,"column":22},"end":{"line":150,"column":5}}},"12":{"name":"(anonymous_13)","decl":{"start":{"line":156,"column":12},"end":{"line":156,"column":13}},"loc":{"start":{"line":157,"column":6},"end":{"line":157,"column":77}}},"13":{"name":"(anonymous_14)","decl":{"start":{"line":159,"column":10},"end":{"line":159,"column":11}},"loc":{"start":{"line":159,"column":22},"end":{"line":185,"column":5}}},"14":{"name":"(anonymous_15)","decl":{"start":{"line":191,"column":12},"end":{"line":191,"column":13}},"loc":{"start":{"line":192,"column":6},"end":{"line":192,"column":null}}},"15":{"name":"(anonymous_16)","decl":{"start":{"line":196,"column":10},"end":{"line":196,"column":11}},"loc":{"start":{"line":196,"column":23},"end":{"line":196,"column":72}}},"16":{"name":"(anonymous_17)","decl":{"start":{"line":201,"column":12},"end":{"line":201,"column":13}},"loc":{"start":{"line":202,"column":6},"end":{"line":202,"column":null}}},"17":{"name":"(anonymous_18)","decl":{"start":{"line":206,"column":10},"end":{"line":206,"column":11}},"loc":{"start":{"line":206,"column":22},"end":{"line":210,"column":5}}},"18":{"name":"(anonymous_19)","decl":{"start":{"line":215,"column":12},"end":{"line":215,"column":13}},"loc":{"start":{"line":216,"column":6},"end":{"line":216,"column":77}}},"19":{"name":"(anonymous_20)","decl":{"start":{"line":218,"column":10},"end":{"line":218,"column":11}},"loc":{"start":{"line":219,"column":6},"end":{"line":225,"column":null}}}},"branchMap":{"0":{"loc":{"start":{"line":51,"column":28},"end":{"line":51,"column":83}},"type":"cond-expr","locations":[{"start":{"line":51,"column":65},"end":{"line":51,"column":73}},{"start":{"line":51,"column":76},"end":{"line":51,"column":83}}]},"1":{"loc":{"start":{"line":125,"column":6},"end":{"line":125,"column":58}},"type":"if","locations":[{"start":{"line":125,"column":6},"end":{"line":125,"column":58}}]},"2":{"loc":{"start":{"line":126,"column":6},"end":{"line":142,"column":null}},"type":"if","locations":[{"start":{"line":126,"column":6},"end":{"line":142,"column":null}}]},"3":{"loc":{"start":{"line":160,"column":6},"end":{"line":160,"column":56}},"type":"if","locations":[{"start":{"line":160,"column":6},"end":{"line":160,"column":56}}]},"4":{"loc":{"start":{"line":161,"column":6},"end":{"line":177,"column":null}},"type":"if","locations":[{"start":{"line":161,"column":6},"end":{"line":177,"column":null}}]},"5":{"loc":{"start":{"line":220,"column":9},"end":{"line":223,"column":null}},"type":"cond-expr","locations":[{"start":{"line":221,"column":10},"end":{"line":221,"column":32}},{"start":{"line":223,"column":10},"end":{"line":223,"column":31}}]}},"s":{"0":3,"1":3,"2":3,"3":3,"4":3,"5":3,"6":3,"7":3,"8":1,"9":0,"10":2,"11":0,"12":1,"13":2,"14":1,"15":2,"16":1,"17":2,"18":1,"19":2,"20":0,"21":2,"22":0,"23":2,"24":1,"25":2,"26":0,"27":2,"28":0,"29":2,"30":1,"31":2,"32":1,"33":2,"34":2,"35":2,"36":1,"37":2},"f":{"0":1,"1":0,"2":2,"3":0,"4":1,"5":2,"6":1,"7":2,"8":1,"9":2,"10":1,"11":2,"12":1,"13":2,"14":1,"15":2,"16":1,"17":2,"18":1,"19":2},"b":{"0":[1,1],"1":[0],"2":[0],"3":[0],"4":[0],"5":[1,1]}}
,"/Users/ali/Documents/workSpace/katalzeai/rmc-app-frontend/src/app/documents/_components/metrics.tsx": {"path":"/Users/ali/Documents/workSpace/katalzeai/rmc-app-frontend/src/app/documents/_components/metrics.tsx","statementMap":{"0":{"start":{"line":1,"column":0},"end":{"line":1,"column":55}},"1":{"start":{"line":2,"column":0},"end":{"line":2,"column":59}},"2":{"start":{"line":4,"column":23},"end":{"line":48,"column":2}},"3":{"start":{"line":4,"column":34},"end":{"line":48,"column":2}},"4":{"start":{"line":5,"column":18},"end":{"line":5,"column":36}},"5":{"start":{"line":6,"column":2},"end":{"line":47,"column":4}},"6":{"start":{"line":4,"column":13},"end":{"line":4,"column":23}}},"fnMap":{"0":{"name":"(anonymous_7)","decl":{"start":{"line":4,"column":23},"end":{"line":4,"column":32}},"loc":{"start":{"line":4,"column":34},"end":{"line":48,"column":2}}},"1":{"name":"(anonymous_8)","decl":{"start":{"line":4,"column":34},"end":{"line":4,"column":null}},"loc":{"start":{"line":4,"column":34},"end":{"line":48,"column":1}}}},"branchMap":{},"s":{"0":1,"1":1,"2":1,"3":1,"4":1,"5":1,"6":1},"f":{"0":1,"1":1},"b":{}}
,"/Users/ali/Documents/workSpace/katalzeai/rmc-app-frontend/src/app/documents/_modals/DocumentApprovalModal.tsx": {"path":"/Users/ali/Documents/workSpace/katalzeai/rmc-app-frontend/src/app/documents/_modals/DocumentApprovalModal.tsx","statementMap":{"0":{"start":{"line":3,"column":0},"end":{"line":3,"column":null}},"1":{"start":{"line":11,"column":0},"end":{"line":11,"column":44}},"2":{"start":{"line":13,"column":0},"end":{"line":13,"column":62}},"3":{"start":{"line":14,"column":0},"end":{"line":14,"column":50}},"4":{"start":{"line":23,"column":68},"end":{"line":95,"column":1}},"5":{"start":{"line":28,"column":17},"end":{"line":28,"column":28}},"6":{"start":{"line":29,"column":43},"end":{"line":29,"column":58}},"7":{"start":{"line":31,"column":24},"end":{"line":41,"column":3}},"8":{"start":{"line":32,"column":4},"end":{"line":32,"column":15}},"9":{"start":{"line":33,"column":4},"end":{"line":39,"column":null}},"10":{"start":{"line":34,"column":6},"end":{"line":34,"column":41}},"11":{"start":{"line":36,"column":6},"end":{"line":38,"column":9}},"12":{"start":{"line":40,"column":4},"end":{"line":40,"column":21}},"13":{"start":{"line":43,"column":2},"end":{"line":94,"column":4}},"14":{"start":{"line":61,"column":12},"end":{"line":88,"column":null}},"15":{"start":{"line":80,"column":35},"end":{"line":80,"column":50}},"16":{"start":{"line":97,"column":0},"end":{"line":97,"column":37}}},"fnMap":{"0":{"name":"(anonymous_1)","decl":{"start":{"line":23,"column":68},"end":{"line":23,"column":69}},"loc":{"start":{"line":27,"column":5},"end":{"line":95,"column":1}}},"1":{"name":"(anonymous_2)","decl":{"start":{"line":31,"column":24},"end":{"line":31,"column":27}},"loc":{"start":{"line":31,"column":29},"end":{"line":41,"column":3}}},"2":{"name":"(anonymous_3)","decl":{"start":{"line":60,"column":11},"end":{"line":60,"column":12}},"loc":{"start":{"line":61,"column":12},"end":{"line":88,"column":null}}},"3":{"name":"(anonymous_4)","decl":{"start":{"line":80,"column":29},"end":{"line":80,"column":32}},"loc":{"start":{"line":80,"column":35},"end":{"line":80,"column":50}}}},"branchMap":{"0":{"loc":{"start":{"line":33,"column":4},"end":{"line":39,"column":null}},"type":"if","locations":[{"start":{"line":33,"column":4},"end":{"line":39,"column":null}},{"start":{"line":35,"column":11},"end":{"line":39,"column":null}}]},"1":{"loc":{"start":{"line":68,"column":23},"end":{"line":70,"column":null}},"type":"cond-expr","locations":[{"start":{"line":68,"column":43},"end":{"line":69,"column":41}},{"start":{"line":69,"column":43},"end":{"line":70,"column":null}}]},"2":{"loc":{"start":{"line":68,"column":83},"end":{"line":68,"column":113}},"type":"cond-expr","locations":[{"start":{"line":68,"column":105},"end":{"line":68,"column":108}},{"start":{"line":68,"column":111},"end":{"line":68,"column":113}}]}},"s":{"0":1,"1":1,"2":1,"3":1,"4":1,"5":8,"6":8,"7":8,"8":2,"9":2,"10":1,"11":1,"12":2,"13":8,"14":12,"15":2,"16":1},"f":{"0":8,"1":2,"2":12,"3":2},"b":{"0":[1,1],"1":[12,0],"2":[3,9]}}
,"/Users/ali/Documents/workSpace/katalzeai/rmc-app-frontend/src/app/documents/_modals/DocumentCancelModal.tsx": {"path":"/Users/ali/Documents/workSpace/katalzeai/rmc-app-frontend/src/app/documents/_modals/DocumentCancelModal.tsx","statementMap":{"0":{"start":{"line":2,"column":0},"end":{"line":2,"column":null}},"1":{"start":{"line":11,"column":0},"end":{"line":11,"column":62}},"2":{"start":{"line":19,"column":61},"end":{"line":89,"column":1}},"3":{"start":{"line":23,"column":23},"end":{"line":25,"column":3}},"4":{"start":{"line":24,"column":4},"end":{"line":24,"column":15}},"5":{"start":{"line":26,"column":43},"end":{"line":26,"column":58}},"6":{"start":{"line":28,"column":2},"end":{"line":39,"column":null}},"7":{"start":{"line":29,"column":4},"end":{"line":38,"column":6}},"8":{"start":{"line":41,"column":2},"end":{"line":88,"column":4}},"9":{"start":{"line":59,"column":12},"end":{"line":82,"column":null}},"10":{"start":{"line":91,"column":0},"end":{"line":91,"column":36}}},"fnMap":{"0":{"name":"(anonymous_1)","decl":{"start":{"line":19,"column":61},"end":{"line":19,"column":62}},"loc":{"start":{"line":22,"column":5},"end":{"line":89,"column":1}}},"1":{"name":"(anonymous_2)","decl":{"start":{"line":23,"column":23},"end":{"line":23,"column":26}},"loc":{"start":{"line":23,"column":28},"end":{"line":25,"column":3}}},"2":{"name":"(anonymous_3)","decl":{"start":{"line":58,"column":11},"end":{"line":58,"column":12}},"loc":{"start":{"line":59,"column":12},"end":{"line":82,"column":null}}}},"branchMap":{"0":{"loc":{"start":{"line":28,"column":2},"end":{"line":39,"column":null}},"type":"if","locations":[{"start":{"line":28,"column":2},"end":{"line":39,"column":null}}]},"1":{"loc":{"start":{"line":65,"column":61},"end":{"line":65,"column":91}},"type":"cond-expr","locations":[{"start":{"line":65,"column":83},"end":{"line":65,"column":86}},{"start":{"line":65,"column":89},"end":{"line":65,"column":91}}]}},"s":{"0":2,"1":2,"2":2,"3":9,"4":3,"5":9,"6":9,"7":2,"8":7,"9":8,"10":2},"f":{"0":9,"1":3,"2":8},"b":{"0":[2],"1":[3,5]}}
,"/Users/ali/Documents/workSpace/katalzeai/rmc-app-frontend/src/app/documents/_modals/DocumentConfirmEditModal.tsx": {"path":"/Users/ali/Documents/workSpace/katalzeai/rmc-app-frontend/src/app/documents/_modals/DocumentConfirmEditModal.tsx","statementMap":{"0":{"start":{"line":1,"column":0},"end":{"line":1,"column":null}},"1":{"start":{"line":10,"column":0},"end":{"line":10,"column":56}},"2":{"start":{"line":11,"column":0},"end":{"line":11,"column":60}},"3":{"start":{"line":19,"column":69},"end":{"line":92,"column":1}},"4":{"start":{"line":23,"column":24},"end":{"line":25,"column":3}},"5":{"start":{"line":24,"column":4},"end":{"line":24,"column":16}},"6":{"start":{"line":26,"column":43},"end":{"line":26,"column":58}},"7":{"start":{"line":28,"column":2},"end":{"line":41,"column":null}},"8":{"start":{"line":29,"column":4},"end":{"line":40,"column":6}},"9":{"start":{"line":43,"column":2},"end":{"line":91,"column":4}},"10":{"start":{"line":61,"column":12},"end":{"line":85,"column":null}},"11":{"start":{"line":94,"column":0},"end":{"line":94,"column":40}}},"fnMap":{"0":{"name":"(anonymous_1)","decl":{"start":{"line":19,"column":69},"end":{"line":19,"column":70}},"loc":{"start":{"line":22,"column":5},"end":{"line":92,"column":1}}},"1":{"name":"(anonymous_2)","decl":{"start":{"line":23,"column":24},"end":{"line":23,"column":27}},"loc":{"start":{"line":23,"column":29},"end":{"line":25,"column":3}}},"2":{"name":"(anonymous_3)","decl":{"start":{"line":60,"column":11},"end":{"line":60,"column":12}},"loc":{"start":{"line":61,"column":12},"end":{"line":85,"column":null}}}},"branchMap":{"0":{"loc":{"start":{"line":28,"column":2},"end":{"line":41,"column":null}},"type":"if","locations":[{"start":{"line":28,"column":2},"end":{"line":41,"column":null}}]},"1":{"loc":{"start":{"line":67,"column":61},"end":{"line":67,"column":91}},"type":"cond-expr","locations":[{"start":{"line":67,"column":83},"end":{"line":67,"column":86}},{"start":{"line":67,"column":89},"end":{"line":67,"column":91}}]}},"s":{"0":2,"1":2,"2":2,"3":2,"4":11,"5":3,"6":11,"7":11,"8":2,"9":9,"10":10,"11":2},"f":{"0":11,"1":3,"2":10},"b":{"0":[2],"1":[0,10]}}
,"/Users/ali/Documents/workSpace/katalzeai/rmc-app-frontend/src/app/documents/_modals/DocumentRejectionModal.tsx": {"path":"/Users/ali/Documents/workSpace/katalzeai/rmc-app-frontend/src/app/documents/_modals/DocumentRejectionModal.tsx","statementMap":{"0":{"start":{"line":3,"column":0},"end":{"line":3,"column":42}},"1":{"start":{"line":4,"column":0},"end":{"line":4,"column":null}},"2":{"start":{"line":14,"column":0},"end":{"line":14,"column":55}},"3":{"start":{"line":16,"column":0},"end":{"line":16,"column":66}},"4":{"start":{"line":17,"column":0},"end":{"line":17,"column":56}},"5":{"start":{"line":18,"column":0},"end":{"line":18,"column":60}},"6":{"start":{"line":25,"column":70},"end":{"line":138,"column":1}},"7":{"start":{"line":29,"column":17},"end":{"line":29,"column":44}},"8":{"start":{"line":30,"column":17},"end":{"line":30,"column":28}},"9":{"start":{"line":31,"column":43},"end":{"line":31,"column":58}},"10":{"start":{"line":36,"column":6},"end":{"line":36,"column":35}},"11":{"start":{"line":38,"column":19},"end":{"line":51,"column":4}},"12":{"start":{"line":38,"column":54},"end":{"line":51,"column":4}},"13":{"start":{"line":39,"column":4},"end":{"line":41,"column":null}},"14":{"start":{"line":40,"column":6},"end":{"line":40,"column":13}},"15":{"start":{"line":42,"column":4},"end":{"line":42,"column":49}},"16":{"start":{"line":43,"column":4},"end":{"line":49,"column":null}},"17":{"start":{"line":44,"column":6},"end":{"line":44,"column":41}},"18":{"start":{"line":46,"column":6},"end":{"line":48,"column":9}},"19":{"start":{"line":50,"column":4},"end":{"line":50,"column":21}},"20":{"start":{"line":53,"column":2},"end":{"line":137,"column":4}},"21":{"start":{"line":72,"column":12},"end":{"line":131,"column":null}},"22":{"start":{"line":140,"column":0},"end":{"line":140,"column":38}}},"fnMap":{"0":{"name":"(anonymous_8)","decl":{"start":{"line":25,"column":70},"end":{"line":25,"column":71}},"loc":{"start":{"line":28,"column":5},"end":{"line":138,"column":1}}},"1":{"name":"(anonymous_9)","decl":{"start":{"line":38,"column":19},"end":{"line":38,"column":26}},"loc":{"start":{"line":38,"column":54},"end":{"line":51,"column":4}}},"2":{"name":"(anonymous_10)","decl":{"start":{"line":38,"column":54},"end":{"line":38,"column":null}},"loc":{"start":{"line":38,"column":54},"end":{"line":51,"column":3}}},"3":{"name":"(anonymous_11)","decl":{"start":{"line":71,"column":11},"end":{"line":71,"column":12}},"loc":{"start":{"line":72,"column":12},"end":{"line":131,"column":null}}}},"branchMap":{"0":{"loc":{"start":{"line":39,"column":4},"end":{"line":41,"column":null}},"type":"if","locations":[{"start":{"line":39,"column":4},"end":{"line":41,"column":null}}]},"1":{"loc":{"start":{"line":43,"column":4},"end":{"line":49,"column":null}},"type":"if","locations":[{"start":{"line":43,"column":4},"end":{"line":49,"column":null}},{"start":{"line":45,"column":11},"end":{"line":49,"column":null}}]},"2":{"loc":{"start":{"line":112,"column":57},"end":{"line":112,"column":90}},"type":"binary-expr","locations":[{"start":{"line":112,"column":57},"end":{"line":112,"column":70}},{"start":{"line":112,"column":74},"end":{"line":112,"column":90}}]},"3":{"loc":{"start":{"line":116,"column":23},"end":{"line":116,"column":null}},"type":"binary-expr","locations":[{"start":{"line":116,"column":23},"end":{"line":116,"column":36}},{"start":{"line":116,"column":40},"end":{"line":116,"column":null}}]}},"s":{"0":1,"1":1,"2":1,"3":1,"4":1,"5":1,"6":1,"7":9,"8":9,"9":9,"10":9,"11":9,"12":2,"13":2,"14":0,"15":2,"16":2,"17":1,"18":1,"19":2,"20":9,"21":12,"22":1},"f":{"0":9,"1":2,"2":2,"3":12},"b":{"0":[0],"1":[1,1],"2":[12,1],"3":[12,1]}}
,"/Users/ali/Documents/workSpace/katalzeai/rmc-app-frontend/src/app/documents/_modals/DocumentReportIssueModal.tsx": {"path":"/Users/ali/Documents/workSpace/katalzeai/rmc-app-frontend/src/app/documents/_modals/DocumentReportIssueModal.tsx","statementMap":{"0":{"start":{"line":3,"column":0},"end":{"line":3,"column":42}},"1":{"start":{"line":4,"column":0},"end":{"line":4,"column":39}},"2":{"start":{"line":5,"column":0},"end":{"line":5,"column":null}},"3":{"start":{"line":14,"column":0},"end":{"line":14,"column":44}},"4":{"start":{"line":16,"column":0},"end":{"line":16,"column":70}},"5":{"start":{"line":17,"column":0},"end":{"line":17,"column":66}},"6":{"start":{"line":23,"column":74},"end":{"line":105,"column":1}},"7":{"start":{"line":26,"column":23},"end":{"line":30,"column":null}},"8":{"start":{"line":27,"column":4},"end":{"line":29,"column":null}},"9":{"start":{"line":32,"column":35},"end":{"line":32,"column":45}},"10":{"start":{"line":34,"column":17},"end":{"line":34,"column":28}},"11":{"start":{"line":39,"column":6},"end":{"line":39,"column":35}},"12":{"start":{"line":41,"column":19},"end":{"line":45,"column":3}},"13":{"start":{"line":42,"column":4},"end":{"line":42,"column":21}},"14":{"start":{"line":43,"column":4},"end":{"line":43,"column":24}},"15":{"start":{"line":44,"column":4},"end":{"line":44,"column":25}},"16":{"start":{"line":47,"column":2},"end":{"line":104,"column":4}},"17":{"start":{"line":57,"column":10},"end":{"line":99,"column":null}},"18":{"start":{"line":107,"column":0},"end":{"line":107,"column":40}}},"fnMap":{"0":{"name":"(anonymous_1)","decl":{"start":{"line":23,"column":74},"end":{"line":23,"column":75}},"loc":{"start":{"line":25,"column":5},"end":{"line":105,"column":1}}},"1":{"name":"(anonymous_2)","decl":{"start":{"line":26,"column":23},"end":{"line":26,"column":26}},"loc":{"start":{"line":27,"column":4},"end":{"line":29,"column":null}}},"2":{"name":"(anonymous_3)","decl":{"start":{"line":41,"column":19},"end":{"line":41,"column":22}},"loc":{"start":{"line":41,"column":24},"end":{"line":45,"column":3}}},"3":{"name":"(anonymous_4)","decl":{"start":{"line":56,"column":9},"end":{"line":56,"column":10}},"loc":{"start":{"line":57,"column":10},"end":{"line":99,"column":null}}}},"branchMap":{"0":{"loc":{"start":{"line":80,"column":51},"end":{"line":80,"column":84}},"type":"binary-expr","locations":[{"start":{"line":80,"column":51},"end":{"line":80,"column":64}},{"start":{"line":80,"column":68},"end":{"line":80,"column":84}}]},"1":{"loc":{"start":{"line":84,"column":17},"end":{"line":87,"column":null}},"type":"binary-expr","locations":[{"start":{"line":84,"column":17},"end":{"line":84,"column":30}},{"start":{"line":85,"column":18},"end":{"line":85,"column":null}}]}},"s":{"0":3,"1":3,"2":3,"3":3,"4":3,"5":3,"6":3,"7":15,"8":0,"9":15,"10":15,"11":15,"12":15,"13":2,"14":2,"15":2,"16":15,"17":7,"18":3},"f":{"0":15,"1":0,"2":2,"3":7},"b":{"0":[7,1],"1":[7,1]}}
,"/Users/ali/Documents/workSpace/katalzeai/rmc-app-frontend/src/app/documents/_services/index.ts": {"path":"/Users/ali/Documents/workSpace/katalzeai/rmc-app-frontend/src/app/documents/_services/index.ts","statementMap":{"0":{"start":{"line":1,"column":0},"end":{"line":1,"column":30}},"1":{"start":{"line":8,"column":30},"end":{"line":8,"column":44}},"2":{"start":{"line":33,"column":31},"end":{"line":39,"column":2}},"3":{"start":{"line":33,"column":52},"end":{"line":39,"column":2}},"4":{"start":{"line":34,"column":19},"end":{"line":36,"column":40}},"5":{"start":{"line":38,"column":2},"end":{"line":38,"column":14}},"6":{"start":{"line":33,"column":13},"end":{"line":33,"column":31}},"7":{"start":{"line":41,"column":36},"end":{"line":46,"column":2}},"8":{"start":{"line":41,"column":71},"end":{"line":46,"column":2}},"9":{"start":{"line":42,"column":19},"end":{"line":44,"column":41}},"10":{"start":{"line":45,"column":2},"end":{"line":45,"column":14}},"11":{"start":{"line":41,"column":13},"end":{"line":41,"column":36}},"12":{"start":{"line":49,"column":19},"end":{"line":53,"column":42}},"13":{"start":{"line":54,"column":2},"end":{"line":54,"column":14}},"14":{"start":{"line":48,"column":0},"end":{"line":48,"column":22}},"15":{"start":{"line":58,"column":2},"end":{"line":62,"column":12}},"16":{"start":{"line":57,"column":0},"end":{"line":57,"column":16}},"17":{"start":{"line":66,"column":2},"end":{"line":70,"column":12}},"18":{"start":{"line":65,"column":0},"end":{"line":65,"column":16}},"19":{"start":{"line":74,"column":2},"end":{"line":78,"column":12}},"20":{"start":{"line":73,"column":0},"end":{"line":73,"column":16}},"21":{"start":{"line":88,"column":23},"end":{"line":92,"column":4}},"22":{"start":{"line":93,"column":2},"end":{"line":95,"column":null}},"23":{"start":{"line":94,"column":4},"end":{"line":94,"column":42}},"24":{"start":{"line":96,"column":2},"end":{"line":98,"column":null}},"25":{"start":{"line":97,"column":4},"end":{"line":97,"column":44}},"26":{"start":{"line":99,"column":2},"end":{"line":101,"column":null}},"27":{"start":{"line":100,"column":4},"end":{"line":100,"column":49}},"28":{"start":{"line":102,"column":2},"end":{"line":106,"column":57}},"29":{"start":{"line":81,"column":0},"end":{"line":81,"column":16}},"30":{"start":{"line":116,"column":23},"end":{"line":120,"column":4}},"31":{"start":{"line":121,"column":2},"end":{"line":123,"column":null}},"32":{"start":{"line":122,"column":4},"end":{"line":122,"column":42}},"33":{"start":{"line":124,"column":2},"end":{"line":126,"column":null}},"34":{"start":{"line":125,"column":4},"end":{"line":125,"column":44}},"35":{"start":{"line":127,"column":2},"end":{"line":129,"column":null}},"36":{"start":{"line":128,"column":4},"end":{"line":128,"column":49}},"37":{"start":{"line":130,"column":2},"end":{"line":134,"column":57}},"38":{"start":{"line":108,"column":0},"end":{"line":108,"column":16}},"39":{"start":{"line":137,"column":35},"end":{"line":143,"column":2}},"40":{"start":{"line":137,"column":56},"end":{"line":143,"column":2}},"41":{"start":{"line":138,"column":19},"end":{"line":140,"column":4}},"42":{"start":{"line":142,"column":2},"end":{"line":142,"column":25}},"43":{"start":{"line":137,"column":13},"end":{"line":137,"column":35}},"44":{"start":{"line":145,"column":31},"end":{"line":148,"column":2}},"45":{"start":{"line":145,"column":52},"end":{"line":148,"column":2}},"46":{"start":{"line":146,"column":19},"end":{"line":146,"column":72}},"47":{"start":{"line":147,"column":2},"end":{"line":147,"column":25}},"48":{"start":{"line":145,"column":13},"end":{"line":145,"column":31}},"49":{"start":{"line":150,"column":39},"end":{"line":154,"column":2}},"50":{"start":{"line":150,"column":60},"end":{"line":154,"column":2}},"51":{"start":{"line":151,"column":19},"end":{"line":151,"column":72}},"52":{"start":{"line":152,"column":15},"end":{"line":152,"column":65}},"53":{"start":{"line":153,"column":2},"end":{"line":153,"column":24}},"54":{"start":{"line":150,"column":13},"end":{"line":150,"column":39}},"55":{"start":{"line":156,"column":26},"end":{"line":161,"column":2}},"56":{"start":{"line":156,"column":37},"end":{"line":161,"column":2}},"57":{"start":{"line":157,"column":15},"end":{"line":159,"column":44}},"58":{"start":{"line":160,"column":2},"end":{"line":160,"column":19}},"59":{"start":{"line":156,"column":13},"end":{"line":156,"column":26}},"60":{"start":{"line":163,"column":27},"end":{"line":168,"column":2}},"61":{"start":{"line":163,"column":38},"end":{"line":168,"column":2}},"62":{"start":{"line":164,"column":15},"end":{"line":166,"column":31}},"63":{"start":{"line":167,"column":2},"end":{"line":167,"column":19}},"64":{"start":{"line":163,"column":13},"end":{"line":163,"column":27}}},"fnMap":{"0":{"name":"(anonymous_8)","decl":{"start":{"line":33,"column":31},"end":{"line":33,"column":38}},"loc":{"start":{"line":33,"column":52},"end":{"line":39,"column":2}}},"1":{"name":"(anonymous_9)","decl":{"start":{"line":33,"column":52},"end":{"line":33,"column":null}},"loc":{"start":{"line":33,"column":52},"end":{"line":39,"column":1}}},"2":{"name":"(anonymous_10)","decl":{"start":{"line":41,"column":36},"end":{"line":41,"column":43}},"loc":{"start":{"line":41,"column":71},"end":{"line":46,"column":2}}},"3":{"name":"(anonymous_11)","decl":{"start":{"line":41,"column":71},"end":{"line":41,"column":null}},"loc":{"start":{"line":41,"column":71},"end":{"line":46,"column":1}}},"4":{"name":"getPendingDocuments","decl":{"start":{"line":48,"column":22},"end":{"line":48,"column":41}},"loc":{"start":{"line":48,"column":41},"end":{"line":55,"column":null}}},"5":{"name":"rejectPendingDocument","decl":{"start":{"line":57,"column":16},"end":{"line":57,"column":37}},"loc":{"start":{"line":57,"column":64},"end":{"line":63,"column":1}}},"6":{"name":"approvePendingDocument","decl":{"start":{"line":65,"column":16},"end":{"line":65,"column":38}},"loc":{"start":{"line":65,"column":75},"end":{"line":71,"column":1}}},"7":{"name":"approveEditsDocument","decl":{"start":{"line":73,"column":16},"end":{"line":73,"column":36}},"loc":{"start":{"line":73,"column":73},"end":{"line":79,"column":1}}},"8":{"name":"getApprovedDocumentsByFilter","decl":{"start":{"line":81,"column":16},"end":{"line":81,"column":44}},"loc":{"start":{"line":87,"column":23},"end":{"line":107,"column":1}}},"9":{"name":"getDocumentsByFilter","decl":{"start":{"line":108,"column":16},"end":{"line":108,"column":36}},"loc":{"start":{"line":115,"column":23},"end":{"line":135,"column":1}}},"10":{"name":"(anonymous_19)","decl":{"start":{"line":137,"column":35},"end":{"line":137,"column":42}},"loc":{"start":{"line":137,"column":56},"end":{"line":143,"column":2}}},"11":{"name":"(anonymous_20)","decl":{"start":{"line":137,"column":56},"end":{"line":137,"column":null}},"loc":{"start":{"line":137,"column":56},"end":{"line":143,"column":1}}},"12":{"name":"(anonymous_21)","decl":{"start":{"line":145,"column":31},"end":{"line":145,"column":38}},"loc":{"start":{"line":145,"column":52},"end":{"line":148,"column":2}}},"13":{"name":"(anonymous_22)","decl":{"start":{"line":145,"column":52},"end":{"line":145,"column":null}},"loc":{"start":{"line":145,"column":52},"end":{"line":148,"column":1}}},"14":{"name":"(anonymous_23)","decl":{"start":{"line":150,"column":39},"end":{"line":150,"column":46}},"loc":{"start":{"line":150,"column":60},"end":{"line":154,"column":2}}},"15":{"name":"(anonymous_24)","decl":{"start":{"line":150,"column":60},"end":{"line":150,"column":null}},"loc":{"start":{"line":150,"column":60},"end":{"line":154,"column":1}}},"16":{"name":"(anonymous_25)","decl":{"start":{"line":156,"column":26},"end":{"line":156,"column":35}},"loc":{"start":{"line":156,"column":37},"end":{"line":161,"column":2}}},"17":{"name":"(anonymous_26)","decl":{"start":{"line":156,"column":37},"end":{"line":156,"column":null}},"loc":{"start":{"line":156,"column":37},"end":{"line":161,"column":1}}},"18":{"name":"(anonymous_27)","decl":{"start":{"line":163,"column":27},"end":{"line":163,"column":36}},"loc":{"start":{"line":163,"column":38},"end":{"line":168,"column":2}}},"19":{"name":"(anonymous_28)","decl":{"start":{"line":163,"column":38},"end":{"line":163,"column":null}},"loc":{"start":{"line":163,"column":38},"end":{"line":168,"column":1}}}},"branchMap":{"0":{"loc":{"start":{"line":93,"column":2},"end":{"line":95,"column":null}},"type":"if","locations":[{"start":{"line":93,"column":2},"end":{"line":95,"column":null}}]},"1":{"loc":{"start":{"line":96,"column":2},"end":{"line":98,"column":null}},"type":"if","locations":[{"start":{"line":96,"column":2},"end":{"line":98,"column":null}}]},"2":{"loc":{"start":{"line":99,"column":2},"end":{"line":101,"column":null}},"type":"if","locations":[{"start":{"line":99,"column":2},"end":{"line":101,"column":null}}]},"3":{"loc":{"start":{"line":117,"column":12},"end":{"line":117,"column":39}},"type":"binary-expr","locations":[{"start":{"line":117,"column":12},"end":{"line":117,"column":30}},{"start":{"line":117,"column":34},"end":{"line":117,"column":39}}]},"4":{"loc":{"start":{"line":117,"column":12},"end":{"line":117,"column":30}},"type":"cond-expr","locations":[{"start":{"line":117,"column":18},"end":{"line":117,"column":20}},{"start":{"line":117,"column":12},"end":{"line":117,"column":30}}]},"5":{"loc":{"start":{"line":117,"column":12},"end":{"line":117,"column":20}},"type":"binary-expr","locations":[{"start":{"line":117,"column":12},"end":{"line":117,"column":20}},{"start":{"line":117,"column":12},"end":{"line":117,"column":20}}]},"6":{"loc":{"start":{"line":121,"column":2},"end":{"line":123,"column":null}},"type":"if","locations":[{"start":{"line":121,"column":2},"end":{"line":123,"column":null}}]},"7":{"loc":{"start":{"line":124,"column":2},"end":{"line":126,"column":null}},"type":"if","locations":[{"start":{"line":124,"column":2},"end":{"line":126,"column":null}}]},"8":{"loc":{"start":{"line":127,"column":2},"end":{"line":129,"column":null}},"type":"if","locations":[{"start":{"line":127,"column":2},"end":{"line":129,"column":null}}]}},"s":{"0":5,"1":5,"2":5,"3":1,"4":1,"5":1,"6":5,"7":5,"8":1,"9":1,"10":1,"11":5,"12":1,"13":1,"14":5,"15":1,"16":5,"17":1,"18":5,"19":1,"20":5,"21":1,"22":1,"23":1,"24":1,"25":1,"26":1,"27":1,"28":1,"29":5,"30":2,"31":2,"32":2,"33":2,"34":2,"35":2,"36":2,"37":2,"38":5,"39":5,"40":1,"41":1,"42":1,"43":5,"44":5,"45":1,"46":1,"47":1,"48":5,"49":5,"50":1,"51":1,"52":1,"53":1,"54":5,"55":5,"56":1,"57":1,"58":1,"59":5,"60":5,"61":1,"62":1,"63":1,"64":5},"f":{"0":1,"1":1,"2":1,"3":1,"4":1,"5":1,"6":1,"7":1,"8":1,"9":2,"10":1,"11":1,"12":1,"13":1,"14":1,"15":1,"16":1,"17":1,"18":1,"19":1},"b":{"0":[1],"1":[1],"2":[1],"3":[2,0],"4":[0,2],"5":[2,2],"6":[2],"7":[2],"8":[2]}}
,"/Users/ali/Documents/workSpace/katalzeai/rmc-app-frontend/src/app/documents/browse/page.tsx": {"path":"/Users/ali/Documents/workSpace/katalzeai/rmc-app-frontend/src/app/documents/browse/page.tsx","statementMap":{"0":{"start":{"line":1,"column":0},"end":{"line":1,"column":62}},"1":{"start":{"line":2,"column":0},"end":{"line":2,"column":65}},"2":{"start":{"line":3,"column":0},"end":{"line":3,"column":49}},"3":{"start":{"line":5,"column":0},"end":{"line":5,"column":71}},"4":{"start":{"line":6,"column":0},"end":{"line":6,"column":49}},"5":{"start":{"line":9,"column":31},"end":{"line":13,"column":4}},"6":{"start":{"line":15,"column":18},"end":{"line":15,"column":33}},"7":{"start":{"line":17,"column":2},"end":{"line":33,"column":4}},"8":{"start":{"line":8,"column":0},"end":{"line":8,"column":30}},"9":{"start":{"line":36,"column":13},"end":{"line":36,"column":39}}},"fnMap":{"0":{"name":"Files","decl":{"start":{"line":8,"column":30},"end":{"line":8,"column":35}},"loc":{"start":{"line":8,"column":35},"end":{"line":34,"column":null}}}},"branchMap":{},"s":{"0":1,"1":1,"2":1,"3":1,"4":1,"5":1,"6":1,"7":1,"8":1,"9":1},"f":{"0":1},"b":{}}
,"/Users/ali/Documents/workSpace/katalzeai/rmc-app-frontend/src/app/documents/browse/[id]/page.tsx": {"path":"/Users/ali/Documents/workSpace/katalzeai/rmc-app-frontend/src/app/documents/browse/[id]/page.tsx","statementMap":{"0":{"start":{"line":1,"column":0},"end":{"line":1,"column":41}},"1":{"start":{"line":2,"column":0},"end":{"line":2,"column":29}},"2":{"start":{"line":4,"column":0},"end":{"line":4,"column":60}},"3":{"start":{"line":5,"column":0},"end":{"line":5,"column":49}},"4":{"start":{"line":6,"column":0},"end":{"line":6,"column":70}},"5":{"start":{"line":7,"column":0},"end":{"line":7,"column":44}},"6":{"start":{"line":8,"column":0},"end":{"line":8,"column":64}},"7":{"start":{"line":10,"column":0},"end":{"line":10,"column":76}},"8":{"start":{"line":15,"column":15},"end":{"line":15,"column":53}},"9":{"start":{"line":16,"column":32},"end":{"line":16,"column":70}},"10":{"start":{"line":17,"column":24},"end":{"line":17,"column":41}},"11":{"start":{"line":19,"column":2},"end":{"line":95,"column":4}},"12":{"start":{"line":12,"column":0},"end":{"line":12,"column":30}}},"fnMap":{"0":{"name":"Page","decl":{"start":{"line":12,"column":30},"end":{"line":12,"column":34}},"loc":{"start":{"line":13,"column":45},"end":{"line":96,"column":null}}}},"branchMap":{"0":{"loc":{"start":{"line":17,"column":24},"end":{"line":17,"column":41}},"type":"binary-expr","locations":[{"start":{"line":17,"column":24},"end":{"line":17,"column":35}},{"start":{"line":17,"column":39},"end":{"line":17,"column":41}}]},"1":{"loc":{"start":{"line":52,"column":13},"end":{"line":83,"column":null}},"type":"cond-expr","locations":[{"start":{"line":53,"column":14},"end":{"line":66,"column":null}},{"start":{"line":69,"column":14},"end":{"line":82,"column":null}}]}},"s":{"0":1,"1":1,"2":1,"3":1,"4":1,"5":1,"6":1,"7":1,"8":1,"9":1,"10":1,"11":1,"12":1},"f":{"0":1},"b":{"0":[1,0],"1":[0,1]}}
,"/Users/ali/Documents/workSpace/katalzeai/rmc-app-frontend/src/app/documents/browse/[id]/_components/DualDocumentContainer.tsx": {"path":"/Users/ali/Documents/workSpace/katalzeai/rmc-app-frontend/src/app/documents/browse/[id]/_components/DualDocumentContainer.tsx","statementMap":{"0":{"start":{"line":3,"column":0},"end":{"line":3,"column":53}},"1":{"start":{"line":5,"column":0},"end":{"line":5,"column":96}},"2":{"start":{"line":6,"column":0},"end":{"line":6,"column":92}},"3":{"start":{"line":10,"column":0},"end":{"line":10,"column":56}},"4":{"start":{"line":19,"column":69},"end":{"line":57,"column":1}},"5":{"start":{"line":25,"column":48},"end":{"line":25,"column":67}},"6":{"start":{"line":26,"column":38},"end":{"line":26,"column":62}},"7":{"start":{"line":28,"column":16},"end":{"line":37,"column":null}},"8":{"start":{"line":29,"column":11},"end":{"line":36,"column":6}},"9":{"start":{"line":34,"column":8},"end":{"line":34,"column":30}},"10":{"start":{"line":40,"column":2},"end":{"line":56,"column":4}},"11":{"start":{"line":19,"column":13},"end":{"line":19,"column":69}}},"fnMap":{"0":{"name":"(anonymous_1)","decl":{"start":{"line":19,"column":69},"end":{"line":19,"column":70}},"loc":{"start":{"line":24,"column":5},"end":{"line":57,"column":1}}},"1":{"name":"(anonymous_2)","decl":{"start":{"line":29,"column":4},"end":{"line":29,"column":7}},"loc":{"start":{"line":29,"column":11},"end":{"line":36,"column":6}}},"2":{"name":"(anonymous_3)","decl":{"start":{"line":33,"column":16},"end":{"line":33,"column":17}},"loc":{"start":{"line":33,"column":30},"end":{"line":35,"column":7}}}},"branchMap":{},"s":{"0":1,"1":1,"2":1,"3":1,"4":1,"5":1,"6":1,"7":1,"8":1,"9":0,"10":1,"11":1},"f":{"0":1,"1":1,"2":0},"b":{}}
,"/Users/ali/Documents/workSpace/katalzeai/rmc-app-frontend/src/app/documents/browse/[id]/_components/ExtractedDataForm.tsx": {"path":"/Users/ali/Documents/workSpace/katalzeai/rmc-app-frontend/src/app/documents/browse/[id]/_components/ExtractedDataForm.tsx","statementMap":{"0":{"start":{"line":1,"column":0},"end":{"line":1,"column":40}},"1":{"start":{"line":2,"column":0},"end":{"line":2,"column":null}},"2":{"start":{"line":8,"column":0},"end":{"line":8,"column":39}},"3":{"start":{"line":9,"column":0},"end":{"line":9,"column":null}},"4":{"start":{"line":18,"column":0},"end":{"line":18,"column":31}},"5":{"start":{"line":20,"column":0},"end":{"line":20,"column":78}},"6":{"start":{"line":21,"column":0},"end":{"line":21,"column":88}},"7":{"start":{"line":22,"column":0},"end":{"line":22,"column":88}},"8":{"start":{"line":23,"column":0},"end":{"line":23,"column":null}},"9":{"start":{"line":27,"column":0},"end":{"line":27,"column":81}},"10":{"start":{"line":28,"column":0},"end":{"line":28,"column":68}},"11":{"start":{"line":29,"column":0},"end":{"line":29,"column":59}},"12":{"start":{"line":30,"column":0},"end":{"line":30,"column":48}},"13":{"start":{"line":31,"column":0},"end":{"line":31,"column":48}},"14":{"start":{"line":32,"column":0},"end":{"line":32,"column":48}},"15":{"start":{"line":33,"column":0},"end":{"line":33,"column":50}},"16":{"start":{"line":34,"column":0},"end":{"line":34,"column":56}},"17":{"start":{"line":35,"column":0},"end":{"line":35,"column":64}},"18":{"start":{"line":36,"column":0},"end":{"line":36,"column":49}},"19":{"start":{"line":49,"column":34},"end":{"line":65,"column":2}},"20":{"start":{"line":49,"column":55},"end":{"line":65,"column":2}},"21":{"start":{"line":50,"column":2},"end":{"line":64,"column":null}},"22":{"start":{"line":51,"column":17},"end":{"line":51,"column":42}},"23":{"start":{"line":52,"column":21},"end":{"line":52,"column":48}},"24":{"start":{"line":53,"column":4},"end":{"line":53,"column":61}},"25":{"start":{"line":54,"column":4},"end":{"line":54,"column":60}},"26":{"start":{"line":55,"column":4},"end":{"line":55,"column":40}},"27":{"start":{"line":56,"column":4},"end":{"line":56,"column":21}},"28":{"start":{"line":57,"column":4},"end":{"line":57,"column":20}},"29":{"start":{"line":58,"column":4},"end":{"line":60,"column":7}},"30":{"start":{"line":61,"column":4},"end":{"line":61,"column":22}},"31":{"start":{"line":63,"column":4},"end":{"line":63,"column":59}},"32":{"start":{"line":49,"column":13},"end":{"line":49,"column":34}},"33":{"start":{"line":73,"column":4},"end":{"line":128,"column":1}},"34":{"start":{"line":77,"column":6},"end":{"line":77,"column":26}},"35":{"start":{"line":75,"column":4},"end":{"line":75,"column":11}},"36":{"start":{"line":75,"column":18},"end":{"line":75,"column":23}},"37":{"start":{"line":75,"column":28},"end":{"line":75,"column":null}},"38":{"start":{"line":76,"column":14},"end":{"line":76,"column":null}},"39":{"start":{"line":79,"column":20},"end":{"line":79,"column":41}},"40":{"start":{"line":80,"column":21},"end":{"line":80,"column":41}},"41":{"start":{"line":81,"column":27},"end":{"line":81,"column":45}},"42":{"start":{"line":82,"column":23},"end":{"line":82,"column":58}},"43":{"start":{"line":83,"column":28},"end":{"line":83,"column":55}},"44":{"start":{"line":85,"column":2},"end":{"line":85,"column":46}},"45":{"start":{"line":85,"column":34},"end":{"line":85,"column":46}},"46":{"start":{"line":87,"column":26},"end":{"line":89,"column":54}},"47":{"start":{"line":91,"column":21},"end":{"line":91,"column":56}},"48":{"start":{"line":93,"column":2},"end":{"line":127,"column":4}},"49":{"start":{"line":129,"column":0},"end":{"line":129,"column":21}},"50":{"start":{"line":131,"column":50},"end":{"line":386,"column":1}},"51":{"start":{"line":142,"column":6},"end":{"line":144,"column":4}},"52":{"start":{"line":145,"column":40},"end":{"line":145,"column":54}},"53":{"start":{"line":146,"column":36},"end":{"line":146,"column":51}},"54":{"start":{"line":147,"column":27},"end":{"line":147,"column":42}},"55":{"start":{"line":148,"column":24},"end":{"line":152,"column":3}},"56":{"start":{"line":149,"column":4},"end":{"line":149,"column":25}},"57":{"start":{"line":150,"column":4},"end":{"line":150,"column":48}},"58":{"start":{"line":150,"column":34},"end":{"line":150,"column":46}},"59":{"start":{"line":151,"column":4},"end":{"line":151,"column":20}},"60":{"start":{"line":154,"column":23},"end":{"line":156,"column":3}},"61":{"start":{"line":155,"column":4},"end":{"line":155,"column":24}},"62":{"start":{"line":158,"column":16},"end":{"line":158,"column":46}},"63":{"start":{"line":159,"column":61},"end":{"line":159,"column":63}},"64":{"start":{"line":161,"column":2},"end":{"line":173,"column":5}},"65":{"start":{"line":162,"column":18},"end":{"line":162,"column":33}},"66":{"start":{"line":163,"column":4},"end":{"line":172,"column":null}},"67":{"start":{"line":164,"column":18},"end":{"line":164,"column":46}},"68":{"start":{"line":165,"column":6},"end":{"line":169,"column":null}},"69":{"start":{"line":166,"column":8},"end":{"line":166,"column":38}},"70":{"start":{"line":168,"column":8},"end":{"line":168,"column":35}},"71":{"start":{"line":171,"column":6},"end":{"line":171,"column":35}},"72":{"start":{"line":175,"column":46},"end":{"line":184,"column":4}},"73":{"start":{"line":175,"column":65},"end":{"line":184,"column":4}},"74":{"start":{"line":176,"column":17},"end":{"line":176,"column":34}},"75":{"start":{"line":177,"column":19},"end":{"line":180,"column":7}},"76":{"start":{"line":177,"column":68},"end":{"line":180,"column":6}},"77":{"start":{"line":181,"column":4},"end":{"line":181,"column":50}},"78":{"start":{"line":182,"column":4},"end":{"line":182,"column":29}},"79":{"start":{"line":183,"column":4},"end":{"line":183,"column":19}},"80":{"start":{"line":186,"column":2},"end":{"line":385,"column":4}},"81":{"start":{"line":221,"column":16},"end":{"line":223,"column":null}},"82":{"start":{"line":222,"column":18},"end":{"line":222,"column":44}},"83":{"start":{"line":229,"column":18},"end":{"line":229,"column":48}},"84":{"start":{"line":242,"column":31},"end":{"line":242,"column":59}},"85":{"start":{"line":308,"column":16},"end":{"line":308,"column":null}},"86":{"start":{"line":329,"column":37},"end":{"line":330,"column":null}},"87":{"start":{"line":330,"column":45},"end":{"line":330,"column":63}},"88":{"start":{"line":332,"column":20},"end":{"line":332,"column":47}},"89":{"start":{"line":332,"column":35},"end":{"line":332,"column":47}},"90":{"start":{"line":333,"column":20},"end":{"line":343,"column":22}},"91":{"start":{"line":361,"column":22},"end":{"line":361,"column":38}},"92":{"start":{"line":362,"column":22},"end":{"line":362,"column":37}},"93":{"start":{"line":131,"column":13},"end":{"line":131,"column":50}}},"fnMap":{"0":{"name":"(anonymous_9)","decl":{"start":{"line":49,"column":34},"end":{"line":49,"column":41}},"loc":{"start":{"line":49,"column":55},"end":{"line":65,"column":2}}},"1":{"name":"(anonymous_10)","decl":{"start":{"line":49,"column":55},"end":{"line":49,"column":null}},"loc":{"start":{"line":49,"column":55},"end":{"line":65,"column":1}}},"2":{"name":"(anonymous_11)","decl":{"start":{"line":73,"column":4},"end":{"line":73,"column":5}},"loc":{"start":{"line":73,"column":14},"end":{"line":128,"column":1}}},"3":{"name":"(anonymous_12)","decl":{"start":{"line":131,"column":50},"end":{"line":131,"column":51}},"loc":{"start":{"line":136,"column":5},"end":{"line":386,"column":1}}},"4":{"name":"(anonymous_13)","decl":{"start":{"line":148,"column":24},"end":{"line":148,"column":27}},"loc":{"start":{"line":148,"column":29},"end":{"line":152,"column":3}}},"5":{"name":"(anonymous_14)","decl":{"start":{"line":150,"column":17},"end":{"line":150,"column":18}},"loc":{"start":{"line":150,"column":34},"end":{"line":150,"column":46}}},"6":{"name":"(anonymous_15)","decl":{"start":{"line":154,"column":23},"end":{"line":154,"column":26}},"loc":{"start":{"line":154,"column":28},"end":{"line":156,"column":3}}},"7":{"name":"(anonymous_16)","decl":{"start":{"line":161,"column":16},"end":{"line":161,"column":17}},"loc":{"start":{"line":161,"column":25},"end":{"line":173,"column":3}}},"8":{"name":"(anonymous_17)","decl":{"start":{"line":175,"column":46},"end":{"line":175,"column":53}},"loc":{"start":{"line":175,"column":65},"end":{"line":184,"column":4}}},"9":{"name":"(anonymous_18)","decl":{"start":{"line":175,"column":65},"end":{"line":175,"column":null}},"loc":{"start":{"line":175,"column":65},"end":{"line":184,"column":3}}},"10":{"name":"(anonymous_19)","decl":{"start":{"line":177,"column":57},"end":{"line":177,"column":58}},"loc":{"start":{"line":177,"column":68},"end":{"line":180,"column":6}}},"11":{"name":"(anonymous_20)","decl":{"start":{"line":220,"column":24},"end":{"line":220,"column":25}},"loc":{"start":{"line":220,"column":32},"end":{"line":224,"column":15}}},"12":{"name":"(anonymous_21)","decl":{"start":{"line":228,"column":25},"end":{"line":228,"column":28}},"loc":{"start":{"line":228,"column":30},"end":{"line":230,"column":17}}},"13":{"name":"(anonymous_22)","decl":{"start":{"line":242,"column":25},"end":{"line":242,"column":28}},"loc":{"start":{"line":242,"column":31},"end":{"line":242,"column":59}}},"14":{"name":"(anonymous_23)","decl":{"start":{"line":307,"column":48},"end":{"line":307,"column":49}},"loc":{"start":{"line":308,"column":16},"end":{"line":308,"column":null}}},"15":{"name":"(anonymous_24)","decl":{"start":{"line":328,"column":31},"end":{"line":328,"column":32}},"loc":{"start":{"line":328,"column":47},"end":{"line":344,"column":19}}},"16":{"name":"(anonymous_25)","decl":{"start":{"line":330,"column":22},"end":{"line":330,"column":23}},"loc":{"start":{"line":330,"column":45},"end":{"line":330,"column":63}}},"17":{"name":"(anonymous_26)","decl":{"start":{"line":360,"column":30},"end":{"line":360,"column":33}},"loc":{"start":{"line":360,"column":35},"end":{"line":363,"column":21}}}},"branchMap":{"0":{"loc":{"start":{"line":85,"column":2},"end":{"line":85,"column":46}},"type":"if","locations":[{"start":{"line":85,"column":2},"end":{"line":85,"column":46}}]},"1":{"loc":{"start":{"line":85,"column":6},"end":{"line":85,"column":32}},"type":"binary-expr","locations":[{"start":{"line":85,"column":6},"end":{"line":85,"column":22}},{"start":{"line":85,"column":26},"end":{"line":85,"column":32}}]},"2":{"loc":{"start":{"line":87,"column":26},"end":{"line":89,"column":54}},"type":"binary-expr","locations":[{"start":{"line":87,"column":26},"end":{"line":87,"column":71}},{"start":{"line":88,"column":7},"end":{"line":88,"column":53}},{"start":{"line":89,"column":7},"end":{"line":89,"column":54}}]},"3":{"loc":{"start":{"line":91,"column":21},"end":{"line":91,"column":56}},"type":"binary-expr","locations":[{"start":{"line":91,"column":21},"end":{"line":91,"column":37}},{"start":{"line":91,"column":41},"end":{"line":91,"column":56}}]},"4":{"loc":{"start":{"line":99,"column":59},"end":{"line":99,"column":95}},"type":"cond-expr","locations":[{"start":{"line":99,"column":79},"end":{"line":99,"column":90}},{"start":{"line":99,"column":93},"end":{"line":99,"column":95}}]},"5":{"loc":{"start":{"line":101,"column":11},"end":{"line":101,"column":52}},"type":"cond-expr","locations":[{"start":{"line":101,"column":30},"end":{"line":101,"column":32}},{"start":{"line":101,"column":35},"end":{"line":101,"column":52}}]},"6":{"loc":{"start":{"line":110,"column":14},"end":{"line":110,"column":104}},"type":"cond-expr","locations":[{"start":{"line":110,"column":46},"end":{"line":110,"column":61}},{"start":{"line":110,"column":64},"end":{"line":110,"column":104}}]},"7":{"loc":{"start":{"line":110,"column":14},"end":{"line":110,"column":43}},"type":"binary-expr","locations":[{"start":{"line":110,"column":14},"end":{"line":110,"column":24}},{"start":{"line":110,"column":28},"end":{"line":110,"column":43}}]},"8":{"loc":{"start":{"line":111,"column":17},"end":{"line":111,"column":28}},"type":"cond-expr","locations":[{"start":{"line":111,"column":17},"end":{"line":111,"column":22}},{"start":{"line":111,"column":26},"end":{"line":111,"column":28}}]},"9":{"loc":{"start":{"line":111,"column":17},"end":{"line":111,"column":26}},"type":"binary-expr","locations":[{"start":{"line":111,"column":17},"end":{"line":111,"column":26}},{"start":{"line":111,"column":17},"end":{"line":111,"column":26}}]},"10":{"loc":{"start":{"line":163,"column":4},"end":{"line":172,"column":null}},"type":"if","locations":[{"start":{"line":163,"column":4},"end":{"line":172,"column":null}},{"start":{"line":170,"column":11},"end":{"line":172,"column":null}}]},"11":{"loc":{"start":{"line":165,"column":6},"end":{"line":169,"column":null}},"type":"if","locations":[{"start":{"line":165,"column":6},"end":{"line":169,"column":null}},{"start":{"line":167,"column":13},"end":{"line":169,"column":null}}]},"12":{"loc":{"start":{"line":166,"column":8},"end":{"line":166,"column":37}},"type":"cond-expr","locations":[{"start":{"line":166,"column":25},"end":{"line":166,"column":27}},{"start":{"line":166,"column":25},"end":{"line":166,"column":37}}]},"13":{"loc":{"start":{"line":166,"column":8},"end":{"line":166,"column":27}},"type":"binary-expr","locations":[{"start":{"line":166,"column":8},"end":{"line":166,"column":27}},{"start":{"line":166,"column":25},"end":{"line":166,"column":27}}]},"14":{"loc":{"start":{"line":171,"column":6},"end":{"line":171,"column":34}},"type":"cond-expr","locations":[{"start":{"line":171,"column":22},"end":{"line":171,"column":24}},{"start":{"line":171,"column":22},"end":{"line":171,"column":34}}]},"15":{"loc":{"start":{"line":171,"column":6},"end":{"line":171,"column":24}},"type":"binary-expr","locations":[{"start":{"line":171,"column":6},"end":{"line":171,"column":24}},{"start":{"line":171,"column":22},"end":{"line":171,"column":24}}]},"16":{"loc":{"start":{"line":195,"column":9},"end":{"line":205,"column":null}},"type":"cond-expr","locations":[{"start":{"line":196,"column":10},"end":{"line":202,"column":null}},{"start":{"line":205,"column":10},"end":{"line":205,"column":12}}]},"17":{"loc":{"start":{"line":221,"column":16},"end":{"line":223,"column":null}},"type":"if","locations":[{"start":{"line":221,"column":16},"end":{"line":223,"column":null}}]},"18":{"loc":{"start":{"line":243,"column":27},"end":{"line":243,"column":66}},"type":"cond-expr","locations":[{"start":{"line":243,"column":41},"end":{"line":243,"column":51}},{"start":{"line":243,"column":54},"end":{"line":243,"column":66}}]},"19":{"loc":{"start":{"line":248,"column":21},"end":{"line":248,"column":60}},"type":"cond-expr","locations":[{"start":{"line":248,"column":35},"end":{"line":248,"column":45}},{"start":{"line":248,"column":48},"end":{"line":248,"column":60}}]},"20":{"loc":{"start":{"line":255,"column":27},"end":{"line":255,"column":64}},"type":"cond-expr","locations":[{"start":{"line":255,"column":39},"end":{"line":255,"column":55}},{"start":{"line":255,"column":58},"end":{"line":255,"column":64}}]},"21":{"loc":{"start":{"line":260,"column":21},"end":{"line":260,"column":58}},"type":"cond-expr","locations":[{"start":{"line":260,"column":33},"end":{"line":260,"column":49}},{"start":{"line":260,"column":52},"end":{"line":260,"column":58}}]},"22":{"loc":{"start":{"line":277,"column":7},"end":{"line":382,"column":null}},"type":"cond-expr","locations":[{"start":{"line":278,"column":8},"end":{"line":379,"column":null}},{"start":{"line":382,"column":8},"end":{"line":382,"column":45}}]},"23":{"loc":{"start":{"line":280,"column":35},"end":{"line":282,"column":69}},"type":"cond-expr","locations":[{"start":{"line":281,"column":16},"end":{"line":281,"column":41}},{"start":{"line":282,"column":16},"end":{"line":282,"column":69}}]},"24":{"loc":{"start":{"line":309,"column":19},"end":{"line":326,"column":null}},"type":"binary-expr","locations":[{"start":{"line":309,"column":19},"end":{"line":309,"column":32}},{"start":{"line":310,"column":20},"end":{"line":325,"column":null}}]},"25":{"loc":{"start":{"line":328,"column":19},"end":{"line":344,"column":20}},"type":"cond-expr","locations":[{"start":{"line":328,"column":25},"end":{"line":328,"column":27}},{"start":{"line":328,"column":19},"end":{"line":344,"column":20}}]},"26":{"loc":{"start":{"line":328,"column":19},"end":{"line":328,"column":27}},"type":"binary-expr","locations":[{"start":{"line":328,"column":19},"end":{"line":328,"column":27}},{"start":{"line":328,"column":19},"end":{"line":328,"column":27}}]},"27":{"loc":{"start":{"line":332,"column":20},"end":{"line":332,"column":47}},"type":"if","locations":[{"start":{"line":332,"column":20},"end":{"line":332,"column":47}}]},"28":{"loc":{"start":{"line":349,"column":11},"end":{"line":378,"column":null}},"type":"cond-expr","locations":[{"start":{"line":350,"column":12},"end":{"line":375,"column":null}},{"start":{"line":378,"column":12},"end":{"line":378,"column":14}}]}},"s":{"0":1,"1":1,"2":1,"3":1,"4":1,"5":1,"6":1,"7":1,"8":1,"9":1,"10":1,"11":1,"12":1,"13":1,"14":1,"15":1,"16":1,"17":1,"18":1,"19":1,"20":2,"21":2,"22":2,"23":1,"24":1,"25":0,"26":0,"27":0,"28":0,"29":0,"30":0,"31":2,"32":1,"33":1,"34":2,"35":2,"36":2,"37":2,"38":2,"39":2,"40":2,"41":2,"42":2,"43":2,"44":2,"45":1,"46":1,"47":1,"48":1,"49":1,"50":1,"51":6,"52":6,"53":6,"54":6,"55":6,"56":1,"57":1,"58":1,"59":1,"60":6,"61":0,"62":6,"63":6,"64":6,"65":282,"66":282,"67":252,"68":252,"69":174,"70":78,"71":30,"72":6,"73":0,"74":0,"75":0,"76":0,"77":0,"78":0,"79":0,"80":6,"81":0,"82":0,"83":0,"84":1,"85":52,"86":168,"87":504,"88":168,"89":168,"90":0,"91":0,"92":0,"93":1},"f":{"0":2,"1":2,"2":2,"3":6,"4":1,"5":1,"6":0,"7":282,"8":0,"9":0,"10":0,"11":0,"12":0,"13":1,"14":52,"15":168,"16":504,"17":0},"b":{"0":[1],"1":[2,1],"2":[1,1,1],"3":[1,1],"4":[1,0],"5":[1,0],"6":[0,1],"7":[1,0],"8":[1,0],"9":[1,1],"10":[252,30],"11":[174,78],"12":[0,174],"13":[174,174],"14":[30,0],"15":[30,30],"16":[1,5],"17":[0],"18":[4,2],"19":[4,2],"20":[1,5],"21":[1,5],"22":[4,2],"23":[1,3],"24":[52,52],"25":[0,52],"26":[52,52],"27":[168],"28":[1,3]}}
,"/Users/ali/Documents/workSpace/katalzeai/rmc-app-frontend/src/app/documents/tasks/page.tsx": {"path":"/Users/ali/Documents/workSpace/katalzeai/rmc-app-frontend/src/app/documents/tasks/page.tsx","statementMap":{"0":{"start":{"line":1,"column":0},"end":{"line":1,"column":62}},"1":{"start":{"line":2,"column":0},"end":{"line":2,"column":65}},"2":{"start":{"line":3,"column":0},"end":{"line":3,"column":49}},"3":{"start":{"line":5,"column":0},"end":{"line":5,"column":71}},"4":{"start":{"line":8,"column":31},"end":{"line":12,"column":4}},"5":{"start":{"line":14,"column":2},"end":{"line":28,"column":4}},"6":{"start":{"line":7,"column":0},"end":{"line":7,"column":30}},"7":{"start":{"line":31,"column":13},"end":{"line":31,"column":39}}},"fnMap":{"0":{"name":"Task","decl":{"start":{"line":7,"column":30},"end":{"line":7,"column":34}},"loc":{"start":{"line":7,"column":34},"end":{"line":29,"column":null}}}},"branchMap":{},"s":{"0":1,"1":1,"2":1,"3":1,"4":1,"5":1,"6":1,"7":1},"f":{"0":1},"b":{}}
,"/Users/ali/Documents/workSpace/katalzeai/rmc-app-frontend/src/app/documents/tasks/[id]/layout.tsx": {"path":"/Users/ali/Documents/workSpace/katalzeai/rmc-app-frontend/src/app/documents/tasks/[id]/layout.tsx","statementMap":{"0":{"start":{"line":2,"column":0},"end":{"line":2,"column":49}},"1":{"start":{"line":3,"column":0},"end":{"line":3,"column":29}},"2":{"start":{"line":4,"column":0},"end":{"line":4,"column":43}},"3":{"start":{"line":6,"column":0},"end":{"line":6,"column":null}},"4":{"start":{"line":10,"column":0},"end":{"line":10,"column":49}},"5":{"start":{"line":11,"column":0},"end":{"line":11,"column":70}},"6":{"start":{"line":12,"column":0},"end":{"line":12,"column":50}},"7":{"start":{"line":13,"column":0},"end":{"line":13,"column":52}},"8":{"start":{"line":14,"column":0},"end":{"line":14,"column":44}},"9":{"start":{"line":15,"column":0},"end":{"line":15,"column":64}},"10":{"start":{"line":22,"column":15},"end":{"line":22,"column":42}},"11":{"start":{"line":23,"column":15},"end":{"line":23,"column":53}},"12":{"start":{"line":24,"column":14},"end":{"line":24,"column":39}},"13":{"start":{"line":24,"column":32},"end":{"line":24,"column":38}},"14":{"start":{"line":25,"column":20},"end":{"line":25,"column":65}},"15":{"start":{"line":25,"column":42},"end":{"line":25,"column":64}},"16":{"start":{"line":26,"column":2},"end":{"line":28,"column":null}},"17":{"start":{"line":27,"column":4},"end":{"line":27,"column":34}},"18":{"start":{"line":29,"column":17},"end":{"line":29,"column":72}},"19":{"start":{"line":30,"column":17},"end":{"line":30,"column":63}},"20":{"start":{"line":31,"column":2},"end":{"line":144,"column":4}},"21":{"start":{"line":17,"column":0},"end":{"line":17,"column":30}}},"fnMap":{"0":{"name":"PendingReviewLayout","decl":{"start":{"line":17,"column":30},"end":{"line":17,"column":49}},"loc":{"start":{"line":20,"column":4},"end":{"line":145,"column":null}}},"1":{"name":"(anonymous_10)","decl":{"start":{"line":24,"column":23},"end":{"line":24,"column":24}},"loc":{"start":{"line":24,"column":32},"end":{"line":24,"column":38}}},"2":{"name":"(anonymous_11)","decl":{"start":{"line":25,"column":34},"end":{"line":25,"column":35}},"loc":{"start":{"line":25,"column":42},"end":{"line":25,"column":64}}}},"branchMap":{"0":{"loc":{"start":{"line":26,"column":2},"end":{"line":28,"column":null}},"type":"if","locations":[{"start":{"line":26,"column":2},"end":{"line":28,"column":null}}]},"1":{"loc":{"start":{"line":29,"column":17},"end":{"line":29,"column":72}},"type":"cond-expr","locations":[{"start":{"line":29,"column":47},"end":{"line":29,"column":65}},{"start":{"line":29,"column":68},"end":{"line":29,"column":72}}]},"2":{"loc":{"start":{"line":30,"column":17},"end":{"line":30,"column":63}},"type":"cond-expr","locations":[{"start":{"line":30,"column":38},"end":{"line":30,"column":56}},{"start":{"line":30,"column":59},"end":{"line":30,"column":63}}]},"3":{"loc":{"start":{"line":64,"column":13},"end":{"line":97,"column":null}},"type":"cond-expr","locations":[{"start":{"line":65,"column":14},"end":{"line":80,"column":null}},{"start":{"line":83,"column":14},"end":{"line":96,"column":null}}]},"4":{"loc":{"start":{"line":120,"column":17},"end":{"line":120,"column":43}},"type":"cond-expr","locations":[{"start":{"line":120,"column":35},"end":{"line":120,"column":38}},{"start":{"line":120,"column":41},"end":{"line":120,"column":43}}]}},"s":{"0":1,"1":1,"2":1,"3":1,"4":1,"5":1,"6":1,"7":1,"8":1,"9":1,"10":5,"11":5,"12":5,"13":9,"14":5,"15":6,"16":5,"17":0,"18":5,"19":5,"20":5,"21":1},"f":{"0":5,"1":9,"2":6},"b":{"0":[0],"1":[3,2],"2":[1,4],"3":[1,4],"4":[4,1]}}
,"/Users/ali/Documents/workSpace/katalzeai/rmc-app-frontend/src/app/documents/tasks/[id]/page.tsx": {"path":"/Users/ali/Documents/workSpace/katalzeai/rmc-app-frontend/src/app/documents/tasks/[id]/page.tsx","statementMap":{"0":{"start":{"line":1,"column":0},"end":{"line":1,"column":43}},"1":{"start":{"line":3,"column":0},"end":{"line":3,"column":null}},"2":{"start":{"line":9,"column":0},"end":{"line":9,"column":76}},"3":{"start":{"line":14,"column":15},"end":{"line":14,"column":53}},"4":{"start":{"line":15,"column":32},"end":{"line":15,"column":70}},"5":{"start":{"line":16,"column":24},"end":{"line":16,"column":41}},"6":{"start":{"line":17,"column":33},"end":{"line":17,"column":52}},"7":{"start":{"line":19,"column":15},"end":{"line":19,"column":42}},"8":{"start":{"line":20,"column":14},"end":{"line":20,"column":39}},"9":{"start":{"line":20,"column":32},"end":{"line":20,"column":38}},"10":{"start":{"line":21,"column":20},"end":{"line":21,"column":65}},"11":{"start":{"line":21,"column":42},"end":{"line":21,"column":64}},"12":{"start":{"line":22,"column":2},"end":{"line":24,"column":null}},"13":{"start":{"line":23,"column":4},"end":{"line":23,"column":34}},"14":{"start":{"line":25,"column":17},"end":{"line":25,"column":70}},"15":{"start":{"line":27,"column":2},"end":{"line":38,"column":4}},"16":{"start":{"line":11,"column":0},"end":{"line":11,"column":30}}},"fnMap":{"0":{"name":"Page","decl":{"start":{"line":11,"column":30},"end":{"line":11,"column":34}},"loc":{"start":{"line":12,"column":45},"end":{"line":39,"column":null}}},"1":{"name":"(anonymous_9)","decl":{"start":{"line":20,"column":23},"end":{"line":20,"column":24}},"loc":{"start":{"line":20,"column":32},"end":{"line":20,"column":38}}},"2":{"name":"(anonymous_10)","decl":{"start":{"line":21,"column":34},"end":{"line":21,"column":35}},"loc":{"start":{"line":21,"column":42},"end":{"line":21,"column":64}}}},"branchMap":{"0":{"loc":{"start":{"line":16,"column":24},"end":{"line":16,"column":41}},"type":"binary-expr","locations":[{"start":{"line":16,"column":24},"end":{"line":16,"column":35}},{"start":{"line":16,"column":39},"end":{"line":16,"column":41}}]},"1":{"loc":{"start":{"line":22,"column":2},"end":{"line":24,"column":null}},"type":"if","locations":[{"start":{"line":22,"column":2},"end":{"line":24,"column":null}}]},"2":{"loc":{"start":{"line":25,"column":17},"end":{"line":25,"column":70}},"type":"cond-expr","locations":[{"start":{"line":25,"column":47},"end":{"line":25,"column":65}},{"start":{"line":25,"column":68},"end":{"line":25,"column":70}}]}},"s":{"0":1,"1":1,"2":1,"3":3,"4":3,"5":3,"6":3,"7":3,"8":3,"9":5,"10":3,"11":3,"12":3,"13":0,"14":3,"15":3,"16":1},"f":{"0":3,"1":5,"2":3},"b":{"0":[3,1],"1":[0],"2":[2,1]}}
,"/Users/ali/Documents/workSpace/katalzeai/rmc-app-frontend/src/app/documents/tasks/[id]/_components/DualDocumentContainer.tsx": {"path":"/Users/ali/Documents/workSpace/katalzeai/rmc-app-frontend/src/app/documents/tasks/[id]/_components/DualDocumentContainer.tsx","statementMap":{"0":{"start":{"line":3,"column":0},"end":{"line":3,"column":53}},"1":{"start":{"line":4,"column":0},"end":{"line":4,"column":39}},"2":{"start":{"line":5,"column":0},"end":{"line":5,"column":null}},"3":{"start":{"line":14,"column":0},"end":{"line":14,"column":88}},"4":{"start":{"line":15,"column":0},"end":{"line":15,"column":60}},"5":{"start":{"line":16,"column":0},"end":{"line":16,"column":96}},"6":{"start":{"line":17,"column":0},"end":{"line":17,"column":92}},"7":{"start":{"line":18,"column":0},"end":{"line":18,"column":68}},"8":{"start":{"line":19,"column":0},"end":{"line":19,"column":48}},"9":{"start":{"line":20,"column":0},"end":{"line":20,"column":48}},"10":{"start":{"line":21,"column":0},"end":{"line":21,"column":56}},"11":{"start":{"line":22,"column":0},"end":{"line":22,"column":64}},"12":{"start":{"line":26,"column":0},"end":{"line":26,"column":56}},"13":{"start":{"line":28,"column":27},"end":{"line":40,"column":2}},"14":{"start":{"line":28,"column":48},"end":{"line":40,"column":2}},"15":{"start":{"line":29,"column":15},"end":{"line":29,"column":40}},"16":{"start":{"line":30,"column":19},"end":{"line":30,"column":46}},"17":{"start":{"line":31,"column":2},"end":{"line":31,"column":59}},"18":{"start":{"line":32,"column":2},"end":{"line":32,"column":58}},"19":{"start":{"line":33,"column":2},"end":{"line":33,"column":38}},"20":{"start":{"line":34,"column":2},"end":{"line":34,"column":19}},"21":{"start":{"line":35,"column":2},"end":{"line":35,"column":18}},"22":{"start":{"line":36,"column":2},"end":{"line":38,"column":5}},"23":{"start":{"line":39,"column":2},"end":{"line":39,"column":20}},"24":{"start":{"line":57,"column":5},"end":{"line":190,"column":1}},"25":{"start":{"line":60,"column":48},"end":{"line":60,"column":67}},"26":{"start":{"line":61,"column":38},"end":{"line":61,"column":62}},"27":{"start":{"line":62,"column":40},"end":{"line":62,"column":54}},"28":{"start":{"line":63,"column":36},"end":{"line":63,"column":59}},"29":{"start":{"line":64,"column":27},"end":{"line":64,"column":42}},"30":{"start":{"line":66,"column":21},"end":{"line":68,"column":3}},"31":{"start":{"line":67,"column":4},"end":{"line":67,"column":29}},"32":{"start":{"line":70,"column":16},"end":{"line":79,"column":null}},"33":{"start":{"line":71,"column":11},"end":{"line":78,"column":6}},"34":{"start":{"line":76,"column":8},"end":{"line":76,"column":30}},"35":{"start":{"line":82,"column":2},"end":{"line":189,"column":4}},"36":{"start":{"line":118,"column":24},"end":{"line":120,"column":null}},"37":{"start":{"line":119,"column":26},"end":{"line":119,"column":52}},"38":{"start":{"line":126,"column":26},"end":{"line":126,"column":56}},"39":{"start":{"line":139,"column":39},"end":{"line":139,"column":67}},"40":{"start":{"line":42,"column":13},"end":{"line":42,"column":null}}},"fnMap":{"0":{"name":"(anonymous_8)","decl":{"start":{"line":28,"column":27},"end":{"line":28,"column":34}},"loc":{"start":{"line":28,"column":48},"end":{"line":40,"column":2}}},"1":{"name":"(anonymous_9)","decl":{"start":{"line":28,"column":48},"end":{"line":28,"column":null}},"loc":{"start":{"line":28,"column":48},"end":{"line":40,"column":1}}},"2":{"name":"(anonymous_10)","decl":{"start":{"line":57,"column":5},"end":{"line":57,"column":6}},"loc":{"start":{"line":59,"column":5},"end":{"line":190,"column":1}}},"3":{"name":"(anonymous_11)","decl":{"start":{"line":66,"column":21},"end":{"line":66,"column":24}},"loc":{"start":{"line":66,"column":26},"end":{"line":68,"column":3}}},"4":{"name":"(anonymous_12)","decl":{"start":{"line":71,"column":4},"end":{"line":71,"column":7}},"loc":{"start":{"line":71,"column":11},"end":{"line":78,"column":6}}},"5":{"name":"(anonymous_13)","decl":{"start":{"line":75,"column":16},"end":{"line":75,"column":17}},"loc":{"start":{"line":75,"column":30},"end":{"line":77,"column":7}}},"6":{"name":"(anonymous_14)","decl":{"start":{"line":117,"column":32},"end":{"line":117,"column":33}},"loc":{"start":{"line":117,"column":40},"end":{"line":121,"column":23}}},"7":{"name":"(anonymous_15)","decl":{"start":{"line":125,"column":33},"end":{"line":125,"column":36}},"loc":{"start":{"line":125,"column":38},"end":{"line":127,"column":25}}},"8":{"name":"(anonymous_16)","decl":{"start":{"line":139,"column":33},"e
[...]
,"/Users/ali/Documents/workSpace/katalzeai/rmc-app-frontend/src/components/Toast/ToastDownload.tsx": {"path":"/Users/ali/Documents/workSpace/katalzeai/rmc-app-frontend/src/components/Toast/ToastDownload.tsx","statementMap":{"0":{"start":{"line":3,"column":0},"end":{"line":3,"column":58}},"1":{"start":{"line":10,"column":58},"end":{"line":30,"column":null}},"2":{"start":{"line":11,"column":2},"end":{"line":29,"column":null}},"3":{"start":{"line":24,"column":23},"end":{"line":24,"column":35}},"4":{"start":{"line":33,"column":0},"end":{"line":33,"column":36}}},"fnMap":{"0":{"name":"(anonymous_1)","decl":{"start":{"line":10,"column":58},"end":{"line":10,"column":59}},"loc":{"start":{"line":11,"column":2},"end":{"line":29,"column":null}}},"1":{"name":"(anonymous_2)","decl":{"start":{"line":24,"column":17},"end":{"line":24,"column":20}},"loc":{"start":{"line":24,"column":23},"end":{"line":24,"column":35}}}},"branchMap":{},"s":{"0":8,"1":8,"2":2,"3":1,"4":8},"f":{"0":2,"1":1},"b":{}}
,"/Users/ali/Documents/workSpace/katalzeai/rmc-app-frontend/src/components/Toast/ToastDownloadMultiple.tsx": {"path":"/Users/ali/Documents/workSpace/katalzeai/rmc-app-frontend/src/components/Toast/ToastDownloadMultiple.tsx","statementMap":{"0":{"start":{"line":3,"column":0},"end":{"line":3,"column":58}},"1":{"start":{"line":10,"column":66},"end":{"line":30,"column":null}},"2":{"start":{"line":11,"column":2},"end":{"line":29,"column":null}},"3":{"start":{"line":24,"column":23},"end":{"line":24,"column":41}},"4":{"start":{"line":33,"column":0},"end":{"line":33,"column":44}}},"fnMap":{"0":{"name":"(anonymous_1)","decl":{"start":{"line":10,"column":66},"end":{"line":10,"column":67}},"loc":{"start":{"line":11,"column":2},"end":{"line":29,"column":null}}},"1":{"name":"(anonymous_2)","decl":{"start":{"line":24,"column":17},"end":{"line":24,"column":20}},"loc":{"start":{"line":24,"column":23},"end":{"line":24,"column":41}}}},"branchMap":{},"s":{"0":2,"1":2,"2":2,"3":1,"4":2},"f":{"0":2,"1":1},"b":{}}
,"/Users/ali/Documents/workSpace/katalzeai/rmc-app-frontend/src/components/Tooltip/FormToolTip.tsx": {"path":"/Users/ali/Documents/workSpace/katalzeai/rmc-app-frontend/src/components/Tooltip/FormToolTip.tsx","statementMap":{"0":{"start":{"line":1,"column":0},"end":{"line":1,"column":40}},"1":{"start":{"line":2,"column":0},"end":{"line":2,"column":44}},"2":{"start":{"line":3,"column":0},"end":{"line":3,"column":44}},"3":{"start":{"line":5,"column":0},"end":{"line":5,"column":65}},"4":{"start":{"line":6,"column":0},"end":{"line":6,"column":60}},"5":{"start":{"line":7,"column":0},"end":{"line":7,"column":58}},"6":{"start":{"line":8,"column":0},"end":{"line":8,"column":50}},"7":{"start":{"line":21,"column":38},"end":{"line":80,"column":2}},"8":{"start":{"line":31,"column":6},"end":{"line":80,"column":2}},"9":{"start":{"line":21,"column":13},"end":{"line":21,"column":38}},"10":{"start":{"line":82,"column":37},"end":{"line":191,"column":1}},"11":{"start":{"line":90,"column":17},"end":{"line":90,"column":44}},"12":{"start":{"line":91,"column":28},"end":{"line":91,"column":57}},"13":{"start":{"line":92,"column":19},"end":{"line":98,"column":4}},"14":{"start":{"line":100,"column":2},"end":{"line":100,"column":41}},"15":{"start":{"line":101,"column":21},"end":{"line":101,"column":29}},"16":{"start":{"line":102,"column":31},"end":{"line":102,"column":39}},"17":{"start":{"line":103,"column":21},"end":{"line":103,"column":33}},"18":{"start":{"line":105,"column":35},"end":{"line":111,"column":4}},"19":{"start":{"line":113,"column":27},"end":{"line":113,"column":61}},"20":{"start":{"line":115,"column":24},"end":{"line":159,"column":3}},"21":{"start":{"line":116,"column":4},"end":{"line":134,"column":null}},"22":{"start":{"line":117,"column":6},"end":{"line":133,"column":8}},"23":{"start":{"line":135,"column":4},"end":{"line":158,"column":6}},"24":{"start":{"line":138,"column":33},"end":{"line":141,"column":null}},"25":{"start":{"line":139,"column":23},"end":{"line":139,"column":59}},"26":{"start":{"line":140,"column":10},"end":{"line":140,"column":25}},"27":{"start":{"line":161,"column":2},"end":{"line":190,"column":4}},"28":{"start":{"line":166,"column":35},"end":{"line":169,"column":null}},"29":{"start":{"line":167,"column":25},"end":{"line":167,"column":61}},"30":{"start":{"line":168,"column":12},"end":{"line":168,"column":27}},"31":{"start":{"line":192,"column":0},"end":{"line":192,"column":40}},"32":{"start":{"line":194,"column":0},"end":{"line":194,"column":27}}},"fnMap":{"0":{"name":"(anonymous_8)","decl":{"start":{"line":21,"column":38},"end":{"line":21,"column":39}},"loc":{"start":{"line":31,"column":5},"end":{"line":80,"column":2}}},"1":{"name":"(anonymous_9)","decl":{"start":{"line":82,"column":37},"end":{"line":82,"column":38}},"loc":{"start":{"line":89,"column":5},"end":{"line":191,"column":1}}},"2":{"name":"(anonymous_10)","decl":{"start":{"line":115,"column":24},"end":{"line":115,"column":27}},"loc":{"start":{"line":115,"column":29},"end":{"line":159,"column":3}}},"3":{"name":"(anonymous_11)","decl":{"start":{"line":138,"column":22},"end":{"line":138,"column":31}},"loc":{"start":{"line":138,"column":33},"end":{"line":141,"column":null}}},"4":{"name":"(anonymous_12)","decl":{"start":{"line":138,"column":33},"end":{"line":138,"column":null}},"loc":{"start":{"line":138,"column":33},"end":{"line":141,"column":9}}},"5":{"name":"(anonymous_13)","decl":{"start":{"line":166,"column":24},"end":{"line":166,"column":33}},"loc":{"start":{"line":166,"column":35},"end":{"line":169,"column":null}}},"6":{"name":"(anonymous_14)","decl":{"start":{"line":166,"column":35},"end":{"line":166,"column":null}},"loc":{"start":{"line":166,"column":35},"end":{"line":169,"column":11}}}},"branchMap":{"0":{"loc":{"start":{"line":43,"column":13},"end":{"line":49,"column":18}},"type":"cond-expr","locations":[{"start":{"line":44,"column":16},"end":{"line":48,"column":16}},{"start":{"line":49,"column":16},"end":{"line":49,"column":18}}]},"1":{"loc":{"start":{"line":55,"column":11},"end":{"line":55,"column":77}},"type":"cond-expr","locations":[{"start":{"line":55,"column":28},"end":{"line":55,"column":60}},{"start":{"line":55,"column":63},"end":{"line":55,"column":77}}]},"2":{"loc":{"start":{"line":55,"column":28},"end":{"line":55,"column":60}},"type":"cond-expr","locations":[{"start":{"line":55,"column":54},"end":{"line":55,"column":58}},{"start":{"line":55,"column":58},"end":{"line":55,"column":60}}]},"3":{"loc":{"start":{"line":55,"column":28},"end":{"line":55,"column":58}},"type":"binary-expr","locations":[{"start":{"line":55,"column":28},"end":{"line":55,"column":58}},{"start":{"line":55,"column":54},"end":{"line":55,"column":58}}]},"4":{"loc":{"start":{"line":59,"column":13},"end":{"line":61,"column":34}},"type":"cond-expr","locations":[{"start":{"line":60,"column":16},"end":{"line":60,"column":46}},{"start":{"line":61,"column":16},"end":{"line":61,"column":34}}]},"5":{"loc":{"start":{"line":66,"column":16},"end":{"line":68,"column":38}},"type":"cond-expr","locations":[{"start":{"line":67,"column":20},"end":{"line":67,"column":50}},{"start":{"line":68,"column":20},"end":{"line":68,"column":38}}]},"6":{"loc":{"start":{"line":93,"column":11},"end":{"line":93,"column":26}},"type":"cond-expr","locations":[{"start":{"line":93,"column":19},"end":{"line":93,"column":21}},{"start":{"line":93,"column":19},"end":{"line":93,"column":26}}]},"7":{"loc":{"start":{"line":93,"column":11},"end":{"line":93,"column":21}},"type":"binary-expr","locations":[{"start":{"line":93,"column":11},"end":{"line":93,"column":21}},{"start":{"line":93,"column":19},"end":{"line":93,"column":21}}]},"8":{"loc":{"start":{"line":113,"column":27},"end":{"line":113,"column":61}},"type":"cond-expr","locations":[{"start":{"line":113,"column":39},"end":{"line":113,"column":48}},{"start":{"line":113,"column":51},"end":{"line":113,"column":61}}]},"9":{"loc":{"start":{"line":116,"column":4},"end":{"line":134,"column":null}},"type":"if","locations":[{"start":{"line":116,"column":4},"end":{"line":134,"column":null}}]},"10":{"loc":{"start":{"line":119,"column":11},"end":{"line":131,"column":18}},"type":"cond-expr","locations":[{"start":{"line":120,"column":12},"end":{"line":129,"column":null}},{"start":{"line":131,"column":14},"end":{"line":131,"column":18}}]},"11":{"loc":{"start":{"line":121,"column":15},"end":{"line":128,"column":null}},"type":"cond-expr","locations":[{"start":{"line":122,"column":16},"end":{"line":123,"column":null}},{"start":{"line":126,"column":16},"end":{"line":127,"column":null}}]},"12":{"loc":{"start":{"line":163,"column":7},"end":{"line":187,"column":null}},"type":"cond-expr","locations":[{"start":{"line":164,"column":8},"end":{"line":184,"column":null}},{"start":{"line":187,"column":8},"end":{"line":187,"column":23}}]}},"s":{"0":3,"1":3,"2":3,"3":3,"4":3,"5":3,"6":3,"7":3,"8":2,"9":3,"10":3,"11":6,"12":6,"13":6,"14":6,"15":6,"16":6,"17":6,"18":6,"19":6,"20":6,"21":4,"22":1,"23":3,"24":0,"25":0,"26":0,"27":6,"28":0,"29":0,"30":0,"31":3,"32":3},"f":{"0":2,"1":6,"2":4,"3":0,"4":0,"5":0,"6":0},"b":{"0":[2,0],"1":[2,0],"2":[2,0],"3":[2,2],"4":[2,0],"5":[2,0],"6":[6,0],"7":[6,6],"8":[6,0],"9":[1],"10":[1,0],"11":[0,1],"12":[2,4]}}
,"/Users/ali/Documents/workSpace/katalzeai/rmc-app-frontend/src/hooks/useTable.ts": {"path":"/Users/ali/Documents/workSpace/katalzeai/rmc-app-frontend/src/hooks/useTable.ts","statementMap":{"0":{"start":{"line":1,"column":0},"end":{"line":1,"column":33}},"1":{"start":{"line":2,"column":0},"end":{"line":2,"column":null}},"2":{"start":{"line":11,"column":24},"end":{"line":63,"column":1}},"3":{"start":{"line":20,"column":32},"end":{"line":20,"column":58}},"4":{"start":{"line":21,"column":44},"end":{"line":21,"column":76}},"5":{"start":{"line":22,"column":50},"end":{"line":22,"column":79}},"6":{"start":{"line":23,"column":42},"end":{"line":23,"column":54}},"7":{"start":{"line":24,"column":42},"end":{"line":24,"column":54}},"8":{"start":{"line":25,"column":38},"end":{"line":28,"column":4}},"9":{"start":{"line":29,"column":21},"end":{"line":29,"column":35}},"10":{"start":{"line":30,"column":36},"end":{"line":30,"column":59}},"11":{"start":{"line":32,"column":16},"end":{"line":53,"column":4}},"12":{"start":{"line":55,"column":2},"end":{"line":62,"column":4}},"13":{"start":{"line":11,"column":13},"end":{"line":11,"column":24}}},"fnMap":{"0":{"name":"(anonymous_0)","decl":{"start":{"line":11,"column":24},"end":{"line":11,"column":40}},"loc":{"start":{"line":19,"column":5},"end":{"line":63,"column":1}}}},"branchMap":{},"s":{"0":12,"1":12,"2":12,"3":8,"4":8,"5":8,"6":8,"7":8,"8":8,"9":8,"10":8,"11":8,"12":8,"13":12},"f":{"0":8},"b":{}}
,"/Users/ali/Documents/workSpace/katalzeai/rmc-app-frontend/src/hooks/useTableTool.ts": {"path":"/Users/ali/Documents/workSpace/katalzeai/rmc-app-frontend/src/hooks/useTableTool.ts","statementMap":{"0":{"start":{"line":3,"column":0},"end":{"line":3,"column":33}},"1":{"start":{"line":7,"column":28},"end":{"line":28,"column":1}},"2":{"start":{"line":8,"column":26},"end":{"line":8,"column":54}},"3":{"start":{"line":9,"column":30},"end":{"line":9,"column":50}},"4":{"start":{"line":10,"column":32},"end":{"line":10,"column":52}},"5":{"start":{"line":11,"column":26},"end":{"line":11,"column":50}},"6":{"start":{"line":12,"column":26},"end":{"line":12,"column":45}},"7":{"start":{"line":13,"column":34},"end":{"line":13,"column":54}},"8":{"start":{"line":14,"column":2},"end":{"line":27,"column":4}},"9":{"start":{"line":7,"column":13},"end":{"line":7,"column":28}}},"fnMap":{"0":{"name":"(anonymous_0)","decl":{"start":{"line":7,"column":28},"end":{"line":7,"column":34}},"loc":{"start":{"line":7,"column":36},"end":{"line":28,"column":1}}}},"branchMap":{},"s":{"0":2,"1":2,"2":2,"3":2,"4":2,"5":2,"6":2,"7":2,"8":2,"9":2},"f":{"0":2},"b":{}}
,"/Users/ali/Documents/workSpace/katalzeai/rmc-app-frontend/src/lib/http.ts": {"path":"/Users/ali/Documents/workSpace/katalzeai/rmc-app-frontend/src/lib/http.ts","statementMap":{"0":{"start":{"line":1,"column":0},"end":{"line":1,"column":20}},"1":{"start":{"line":3,"column":16},"end":{"line":3,"column":52}},"2":{"start":{"line":4,"column":12},"end":{"line":4,"column":34}},"3":{"start":{"line":5,"column":19},"end":{"line":5,"column":78}},"4":{"start":{"line":7,"column":0},"end":{"line":7,"column":26}}},"fnMap":{},"branchMap":{"0":{"loc":{"start":{"line":4,"column":20},"end":{"line":4,"column":33}},"type":"cond-expr","locations":[{"start":{"line":4,"column":20},"end":{"line":4,"column":27}},{"start":{"line":4,"column":31},"end":{"line":4,"column":33}}]},"1":{"loc":{"start":{"line":4,"column":20},"end":{"line":4,"column":31}},"type":"binary-expr","locations":[{"start":{"line":4,"column":20},"end":{"line":4,"column":31}},{"start":{"line":4,"column":20},"end":{"line":4,"column":31}}]}},"s":{"0":6,"1":6,"2":6,"3":6,"4":6},"f":{},"b":{"0":[6,0],"1":[6,6]}}
,"/Users/ali/Documents/workSpace/katalzeai/rmc-app-frontend/src/lib/utils.ts": {"path":"/Users/ali/Documents/workSpace/katalzeai/rmc-app-frontend/src/lib/utils.ts","statementMap":{"0":{"start":{"line":1,"column":0},"end":{"line":1,"column":45}},"1":{"start":{"line":3,"column":0},"end":{"line":3,"column":41}},"2":{"start":{"line":6,"column":2},"end":{"line":6,"column":31}},"3":{"start":{"line":5,"column":0},"end":{"line":5,"column":16}},"4":{"start":{"line":10,"column":15},"end":{"line":12,"column":4}},"5":{"start":{"line":14,"column":22},"end":{"line":14,"column":49}},"6":{"start":{"line":15,"column":2},"end":{"line":15,"column":72}},"7":{"start":{"line":16,"column":2},"end":{"line":16,"column":62}},"8":{"start":{"line":17,"column":2},"end":{"line":17,"column":36}},"9":{"start":{"line":18,"column":2},"end":{"line":18,"column":22}},"10":{"start":{"line":19,"column":2},"end":{"line":19,"column":23}},"11":{"start":{"line":9,"column":0},"end":{"line":9,"column":16}},"12":{"start":{"line":22,"column":34},"end":{"line":32,"column":1}},"13":{"start":{"line":23,"column":2},"end":{"line":25,"column":null}},"14":{"start":{"line":24,"column":4},"end":{"line":24,"column":14}},"15":{"start":{"line":27,"column":2},"end":{"line":31,"column":15}},"16":{"start":{"line":30,"column":19},"end":{"line":30,"column":63}},"17":{"start":{"line":22,"column":13},"end":{"line":22,"column":34}},"18":{"start":{"line":34,"column":32},"end":{"line":51,"column":1}},"19":{"start":{"line":35,"column":23},"end":{"line":35,"column":44}},"20":{"start":{"line":37,"column":2},"end":{"line":48,"column":5}},"21":{"start":{"line":38,"column":4},"end":{"line":47,"column":null}},"22":{"start":{"line":39,"column":6},"end":{"line":43,"column":9}},"23":{"start":{"line":40,"column":8},"end":{"line":42,"column":null}},"24":{"start":{"line":41,"column":10},"end":{"line":41,"column":40}},"25":{"start":{"line":44,"column":11},"end":{"line":47,"column":null}},"26":{"start":{"line":46,"column":6},"end":{"line":46,"column":38}},"27":{"start":{"line":50,"column":2},"end":{"line":50,"column":44}},"28":{"start":{"line":34,"column":13},"end":{"line":34,"column":32}},"29":{"start":{"line":53,"column":28},"end":{"line":70,"column":1}},"30":{"start":{"line":54,"column":17},"end":{"line":54,"column":101}},"31":{"start":{"line":55,"column":24},"end":{"line":58,"column":8}},"32":{"start":{"line":56,"column":4},"end":{"line":56,"column":19}},"33":{"start":{"line":57,"column":4},"end":{"line":57,"column":15}},"34":{"start":{"line":60,"column":2},"end":{"line":64,"column":5}},"35":{"start":{"line":61,"column":4},"end":{"line":63,"column":null}},"36":{"start":{"line":62,"column":6},"end":{"line":62,"column":35}},"37":{"start":{"line":65,"column":18},"end":{"line":68,"column":5}},"38":{"start":{"line":65,"column":41},"end":{"line":68,"column":4}},"39":{"start":{"line":69,"column":2},"end":{"line":69,"column":17}},"40":{"start":{"line":53,"column":13},"end":{"line":53,"column":28}}},"fnMap":{"0":{"name":"cn","decl":{"start":{"line":5,"column":16},"end":{"line":5,"column":18}},"loc":{"start":{"line":5,"column":42},"end":{"line":7,"column":1}}},"1":{"name":"download","decl":{"start":{"line":9,"column":16},"end":{"line":9,"column":24}},"loc":{"start":{"line":9,"column":41},"end":{"line":20,"column":1}}},"2":{"name":"(anonymous_2)","decl":{"start":{"line":22,"column":34},"end":{"line":22,"column":35}},"loc":{"start":{"line":22,"column":70},"end":{"line":32,"column":1}}},"3":{"name":"(anonymous_3)","decl":{"start":{"line":30,"column":9},"end":{"line":30,"column":10}},"loc":{"start":{"line":30,"column":19},"end":{"line":30,"column":63}}},"4":{"name":"(anonymous_4)","decl":{"start":{"line":34,"column":32},"end":{"line":34,"column":33}},"loc":{"start":{"line":34,"column":73},"end":{"line":51,"column":1}}},"5":{"name":"(anonymous_5)","decl":{"start":{"line":37,"column":33},"end":{"line":37,"column":34}},"loc":{"start":{"line":37,"column":50},"end":{"line":48,"column":3}}},"6":{"name":"(anonymous_6)","decl":{"start":{"line":39,"column":20},"end":{"line":39,"column":21}},"loc":{"start":{"line":39,"column":28},"end":{"line":43,"column":7}}},"7":{"name":"(anonymous_7)","decl":{"start":{"line":53,"column":28},"end":{"line":53,"column":29}},"loc":{"start":{"line":53,"column":37},"end":{"line":70,"column":1}}},"8":{"name":"(anonymous_8)","decl":{"start":{"line":55,"column":38},"end":{"line":55,"column":39}},"loc":{"start":{"line":55,"column":53},"end":{"line":58,"column":3}}},"9":{"name":"(anonymous_9)","decl":{"start":{"line":60,"column":15},"end":{"line":60,"column":16}},"loc":{"start":{"line":60,"column":36},"end":{"line":64,"column":3}}},"10":{"name":"(anonymous_10)","decl":{"start":{"line":65,"column":29},"end":{"line":65,"column":30}},"loc":{"start":{"line":65,"column":41},"end":{"line":68,"column":4}}}},"branchMap":{"0":{"loc":{"start":{"line":23,"column":2},"end":{"line":25,"column":null}},"type":"if","locations":[{"start":{"line":23,"column":2},"end":{"line":25,"column":null}}]},"1":{"loc":{"start":{"line":38,"column":4},"end":{"line":47,"column":null}},"type":"if","locations":[{"start":{"line":38,"column":4},"end":{"line":47,"column":null}},{"start":{"line":44,"column":11},"end":{"line":47,"column":null}}]},"2":{"loc":{"start":{"line":40,"column":8},"end":{"line":42,"column":null}},"type":"if","locations":[{"start":{"line":40,"column":8},"end":{"line":42,"column":null}}]},"3":{"loc":{"start":{"line":40,"column":12},"end":{"line":40,"column":45}},"type":"binary-expr","locations":[{"start":{"line":40,"column":12},"end":{"line":40,"column":29}},{"start":{"line":40,"column":33},"end":{"line":40,"column":45}}]},"4":{"loc":{"start":{"line":44,"column":11},"end":{"line":47,"column":null}},"type":"if","locations":[{"start":{"line":44,"column":11},"end":{"line":47,"column":null}}]},"5":{"loc":{"start":{"line":44,"column":15},"end":{"line":44,"column":68}},"type":"binary-expr","locations":[{"start":{"line":44,"column":15},"end":{"line":44,"column":34}},{"start":{"line":44,"column":38},"end":{"line":44,"column":52}},{"start":{"line":44,"column":56},"end":{"line":44,"column":68}}]},"6":{"loc":{"start":{"line":61,"column":4},"end":{"line":63,"column":null}},"type":"if","locations":[{"start":{"line":61,"column":4},"end":{"line":63,"column":null}}]}},"s":{"0":13,"1":13,"2":90,"3":13,"4":1,"5":1,"6":1,"7":1,"8":1,"9":1,"10":1,"11":13,"12":13,"13":141,"14":2,"15":139,"16":268,"17":13,"18":13,"19":3,"20":3,"21":10,"22":2,"23":4,"24":4,"25":8,"26":2,"27":3,"28":13,"29":13,"30":11,"31":11,"32":132,"33":132,"34":11,"35":7,"36":3,"37":11,"38":132,"39":11,"40":13},"f":{"0":90,"1":1,"2":141,"3":268,"4":3,"5":10,"6":4,"7":11,"8":132,"9":7,"10":132},"b":{"0":[2],"1":[2,8],"2":[4],"3":[4,4],"4":[2],"5":[8,6,4],"6":[3]}}
}
