TN:
SF:src/app/layout.tsx
FN:19,RootLayout
FNF:1
FNH:1
FNDA:2,RootLayout
DA:2,1
DA:3,1
DA:4,1
DA:5,1
DA:7,1
DA:8,1
DA:10,1
DA:12,1
DA:14,1
DA:19,1
DA:24,2
DA:25,2
DA:26,1
DA:28,2
LF:14
LH:14
BRDA:25,0,0,1
BRF:1
BRH:1
end_of_record
TN:
SF:src/app/documents/layout.tsx
FN:8,RawMaterialLayout
FNF:1
FNH:1
FNDA:1,RawMaterialLayout
DA:3,1
DA:4,1
DA:5,1
DA:6,1
DA:8,1
DA:11,1
DA:12,1
LF:7
LH:7
BRF:0
BRH:0
end_of_record
TN:
SF:src/app/documents/page.tsx
FN:3,Browse
FNF:1
FNH:1
FNDA:1,Browse
DA:1,1
DA:3,1
DA:4,1
LF:3
LH:3
BRF:0
BRH:0
end_of_record
TN:
SF:src/app/documents/_components/DocumentsDataTable.tsx
FN:60,DocumentsDataTable
FN:78,(anonymous_9)
FN:79,(anonymous_10)
FN:79,(anonymous_11)
FN:127,(anonymous_12)
FN:127,(anonymous_13)
FN:130,(anonymous_14)
FN:133,(anonymous_15)
FN:136,(anonymous_16)
FN:176,(anonymous_17)
FN:196,(anonymous_18)
FN:197,(anonymous_19)
FN:206,(anonymous_20)
FN:248,(anonymous_21)
FN:254,(anonymous_22)
FN:280,(anonymous_23)
FN:294,(anonymous_24)
FN:309,(anonymous_25)
FNF:18
FNH:9
FNDA:10,DocumentsDataTable
FNDA:9,(anonymous_9)
FNDA:9,(anonymous_10)
FNDA:9,(anonymous_11)
FNDA:0,(anonymous_12)
FNDA:0,(anonymous_13)
FNDA:0,(anonymous_14)
FNDA:0,(anonymous_15)
FNDA:0,(anonymous_16)
FNDA:5,(anonymous_17)
FNDA:20,(anonymous_18)
FNDA:20,(anonymous_19)
FNDA:0,(anonymous_20)
FNDA:20,(anonymous_21)
FNDA:40,(anonymous_22)
FNDA:0,(anonymous_23)
FNDA:0,(anonymous_24)
FNDA:0,(anonymous_25)
DA:3,1
DA:4,1
DA:5,1
DA:20,1
DA:31,1
DA:35,1
DA:36,1
DA:37,1
DA:38,1
DA:39,1
DA:40,1
DA:41,1
DA:42,1
DA:60,1
DA:66,10
DA:67,10
DA:68,10
DA:69,10
DA:70,10
DA:71,10
DA:75,10
DA:76,10
DA:78,10
DA:79,9
DA:80,9
DA:81,9
DA:89,9
DA:90,9
DA:92,9
DA:103,10
DA:127,10
DA:128,0
DA:129,0
DA:130,0
DA:132,0
DA:133,0
DA:135,0
DA:136,0
DA:139,0
DA:140,0
DA:141,0
DA:146,10
DA:155,10
DA:177,5
DA:196,20
DA:198,20
DA:207,0
DA:249,20
DA:255,40
DA:280,0
DA:294,0
DA:309,0
LF:52
LH:38
BRDA:85,0,0,0
BRDA:85,0,1,9
BRDA:86,1,0,0
BRDA:86,1,1,9
BRDA:164,2,0,5
BRDA:164,2,1,5
BRDA:210,3,0,20
BRDA:210,3,1,20
BRDA:220,4,0,10
BRDA:220,4,1,0
BRDA:251,5,0,20
BRDA:251,5,1,0
BRF:12
BRH:8
end_of_record
TN:
SF:src/app/documents/_components/FormInput.tsx
FN:43,(anonymous_2)
FN:54,(anonymous_3)
FN:57,(anonymous_4)
FN:63,(anonymous_5)
FN:79,(anonymous_6)
FN:95,(anonymous_7)
FN:107,(anonymous_8)
FNF:7
FNH:6
FNDA:156,(anonymous_2)
FNDA:0,(anonymous_3)
FNDA:1,(anonymous_4)
FNDA:143,(anonymous_5)
FNDA:9,(anonymous_6)
FNDA:134,(anonymous_7)
FNDA:143,(anonymous_8)
DA:3,4
DA:4,4
DA:8,4
DA:14,4
DA:15,4
DA:16,4
DA:17,4
DA:43,4
DA:45,156
DA:46,156
DA:47,156
DA:49,156
DA:50,156
DA:51,156
DA:52,156
DA:54,156
DA:55,0
DA:57,156
DA:58,1
DA:59,1
DA:63,156
DA:64,143
DA:79,156
DA:80,9
DA:81,9
DA:95,156
DA:96,134
DA:107,156
DA:108,143
DA:113,156
DA:114,143
DA:164,4
DA:165,4
LF:33
LH:32
BRDA:50,0,0,46
BRDA:50,0,1,110
BRDA:52,1,0,0
BRDA:52,1,1,156
BRDA:58,2,0,1
BRDA:64,3,0,0
BRDA:64,3,1,143
BRDA:64,4,0,143
BRDA:64,4,1,0
BRDA:80,5,0,0
BRDA:99,6,0,134
BRDA:99,6,1,64
BRDA:108,7,0,143
BRDA:108,7,1,24
BRDA:108,7,2,131
BRDA:108,7,3,113
BRDA:113,8,0,13
BRDA:113,9,0,156
BRDA:113,9,1,37
BRDA:119,10,0,9
BRDA:119,10,1,134
BRDA:126,11,0,9
BRDA:126,11,1,134
BRDA:126,12,0,143
BRDA:126,12,1,134
BRDA:140,13,0,0
BRDA:140,13,1,143
BRDA:142,14,0,62
BRDA:142,14,1,81
BRDA:142,15,0,143
BRDA:142,15,1,135
BRDA:153,16,0,9
BRDA:153,16,1,134
BRF:33
BRH:28
end_of_record
TN:
SF:src/app/documents/_components/JsonDownload.tsx
FN:7,(anonymous_8)
FN:7,(anonymous_9)
FNF:2
FNH:2
FNDA:4,(anonymous_8)
FNDA:4,(anonymous_9)
DA:1,3
DA:3,3
DA:5,3
DA:7,4
DA:8,4
DA:9,4
DA:10,2
DA:11,2
DA:12,1
DA:13,1
DA:14,1
DA:15,1
DA:16,1
DA:19,1
DA:21,3
LF:15
LH:15
BRF:0
BRH:0
end_of_record
TN:
SF:src/app/documents/_components/columnHeader.tsx
FN:16,(anonymous_1)
FN:20,(anonymous_2)
FN:37,(anonymous_3)
FNF:3
FNH:3
FNDA:5,(anonymous_1)
FNDA:5,(anonymous_2)
FNDA:2,(anonymous_3)
DA:3,3
DA:6,3
DA:7,3
DA:8,3
DA:16,3
DA:20,5
DA:21,5
DA:22,5
DA:24,1
DA:27,2
DA:30,2
DA:34,5
DA:37,2
DA:47,3
LF:14
LH:14
BRDA:22,0,0,1
BRDA:22,0,1,2
BRDA:22,0,2,2
BRF:3
BRH:3
end_of_record
TN:
SF:src/app/documents/_components/columns.tsx
FN:18,(anonymous_1)
FN:25,(anonymous_2)
FN:30,(anonymous_3)
FN:37,(anonymous_4)
FN:46,(anonymous_5)
FN:50,(anonymous_6)
FN:73,(anonymous_7)
FN:77,(anonymous_8)
FN:99,(anonymous_9)
FN:103,(anonymous_10)
FN:121,(anonymous_11)
FN:126,(anonymous_12)
FN:167,(anonymous_13)
FN:170,(anonymous_14)
FN:208,(anonymous_15)
FN:212,(anonymous_16)
FN:217,(anonymous_17)
FN:222,(anonymous_18)
FN:231,(anonymous_19)
FN:235,(anonymous_20)
FNF:20
FNH:18
FNDA:3,(anonymous_1)
FNDA:0,(anonymous_2)
FNDA:4,(anonymous_3)
FNDA:0,(anonymous_4)
FNDA:3,(anonymous_5)
FNDA:4,(anonymous_6)
FNDA:3,(anonymous_7)
FNDA:4,(anonymous_8)
FNDA:3,(anonymous_9)
FNDA:4,(anonymous_10)
FNDA:3,(anonymous_11)
FNDA:4,(anonymous_12)
FNDA:3,(anonymous_13)
FNDA:4,(anonymous_14)
FNDA:3,(anonymous_15)
FNDA:4,(anonymous_16)
FNDA:3,(anonymous_17)
FNDA:4,(anonymous_18)
FNDA:3,(anonymous_19)
FNDA:4,(anonymous_20)
DA:3,3
DA:5,3
DA:7,3
DA:8,3
DA:9,3
DA:10,3
DA:13,3
DA:15,3
DA:19,3
DA:25,0
DA:31,4
DA:37,0
DA:47,3
DA:51,4
DA:74,3
DA:78,4
DA:100,3
DA:104,4
DA:122,3
DA:127,4
DA:128,3
DA:129,1
DA:151,2
DA:168,3
DA:171,4
DA:172,3
DA:173,1
DA:192,2
DA:209,3
DA:212,4
DA:218,3
DA:223,4
DA:224,4
DA:225,4
DA:232,3
DA:236,4
LF:36
LH:34
BRDA:52,0,0,1
BRDA:52,0,1,3
BRDA:79,1,0,1
BRDA:79,1,1,3
BRDA:127,2,0,1
BRDA:128,3,0,1
BRDA:171,4,0,1
BRDA:172,5,0,1
BRDA:237,6,0,1
BRDA:237,6,1,3
BRF:10
BRH:10
end_of_record
TN:
SF:src/app/documents/_components/metrics.tsx
FN:4,(anonymous_7)
FN:4,(anonymous_8)
FNF:2
FNH:2
FNDA:1,(anonymous_7)
FNDA:1,(anonymous_8)
DA:1,1
DA:2,1
DA:4,1
DA:7,1
DA:8,1
LF:5
LH:5
BRF:0
BRH:0
end_of_record
TN:
SF:src/app/documents/_modals/DocumentAddObjectModal.tsx
FN:32,(anonymous_1)
FN:41,(anonymous_2)
FN:66,(anonymous_3)
FN:84,(anonymous_4)
FN:88,(anonymous_5)
FN:127,(anonymous_6)
FN:172,(anonymous_7)
FN:174,(anonymous_8)
FN:201,(anonymous_9)
FN:212,(anonymous_10)
FNF:10
FNH:9
FNDA:12,(anonymous_1)
FNDA:0,(anonymous_2)
FNDA:168,(anonymous_3)
FNDA:1,(anonymous_4)
FNDA:1,(anonymous_5)
FNDA:17,(anonymous_6)
FNDA:238,(anonymous_7)
FNDA:1785,(anonymous_8)
FNDA:1,(anonymous_9)
FNDA:1,(anonymous_10)
DA:6,1
DA:7,1
DA:17,1
DA:20,1
DA:32,1
DA:41,12
DA:42,0
DA:46,12
DA:48,12
DA:49,12
DA:66,12
DA:67,168
DA:82,168
DA:84,12
DA:85,1
DA:86,1
DA:88,12
DA:89,1
DA:91,12
DA:128,17
DA:173,238
DA:174,1785
DA:176,238
DA:177,238
DA:202,1
DA:203,1
DA:213,1
DA:214,1
DA:228,1
LF:29
LH:28
BRDA:48,0,0,12
BRDA:48,0,1,5
BRDA:112,1,0,12
BRDA:112,1,1,2
BRDA:176,2,0,0
BRF:5
BRH:4
end_of_record
TN:
SF:src/app/documents/_modals/DocumentApprovalModal.tsx
FN:22,(anonymous_1)
FN:30,(anonymous_2)
FN:59,(anonymous_3)
FN:78,(anonymous_4)
FNF:4
FNH:4
FNDA:8,(anonymous_1)
FNDA:2,(anonymous_2)
FNDA:12,(anonymous_3)
FNDA:2,(anonymous_4)
DA:3,1
DA:11,1
DA:13,1
DA:14,1
DA:22,1
DA:27,8
DA:28,8
DA:30,8
DA:31,2
DA:32,2
DA:33,1
DA:35,1
DA:39,2
DA:42,8
DA:60,12
DA:78,2
DA:94,1
LF:17
LH:17
BRDA:32,0,0,1
BRDA:32,0,1,1
BRDA:66,1,0,12
BRDA:66,1,1,0
BRDA:66,2,0,3
BRDA:66,2,1,9
BRF:6
BRH:5
end_of_record
TN:
SF:src/app/documents/_modals/DocumentCancelModal.tsx
FN:18,(anonymous_1)
FN:22,(anonymous_2)
FN:57,(anonymous_3)
FNF:3
FNH:3
FNDA:8,(anonymous_1)
FNDA:3,(anonymous_2)
FNDA:8,(anonymous_3)
DA:2,1
DA:11,1
DA:18,1
DA:22,8
DA:23,3
DA:25,8
DA:27,8
DA:28,1
DA:40,7
DA:58,8
DA:90,1
LF:11
LH:11
BRDA:27,0,0,1
BRDA:64,1,0,3
BRDA:64,1,1,5
BRF:3
BRH:3
end_of_record
TN:
SF:src/app/documents/_modals/DocumentConfirmEditModal.tsx
FN:18,(anonymous_1)
FN:22,(anonymous_2)
FN:59,(anonymous_3)
FNF:3
FNH:3
FNDA:14,(anonymous_1)
FNDA:3,(anonymous_2)
FNDA:10,(anonymous_3)
DA:1,2
DA:10,2
DA:11,2
DA:18,2
DA:22,14
DA:23,3
DA:25,14
DA:27,14
DA:28,4
DA:42,10
DA:60,10
DA:93,2
LF:12
LH:12
BRDA:27,0,0,4
BRDA:66,1,0,0
BRDA:66,1,1,10
BRF:3
BRH:2
end_of_record
TN:
SF:src/app/documents/_modals/DocumentConfirmExitModal.tsx
FN:26,(anonymous_1)
FN:34,(anonymous_2)
FN:79,(anonymous_3)
FN:97,(anonymous_4)
FNF:4
FNH:4
FNDA:12,(anonymous_1)
FNDA:1,(anonymous_2)
FNDA:6,(anonymous_3)
FNDA:1,(anonymous_4)
DA:3,2
DA:11,2
DA:12,2
DA:14,2
DA:15,2
DA:16,2
DA:18,2
DA:26,2
DA:32,12
DA:33,12
DA:34,12
DA:35,1
DA:37,12
DA:39,12
DA:40,8
DA:59,4
DA:80,6
DA:98,1
DA:117,2
LF:19
LH:19
BRDA:39,0,0,8
BRDA:53,1,0,4
BRDA:53,1,1,4
BRDA:69,2,0,4
BRDA:69,2,1,0
BRDA:105,3,0,6
BRDA:105,3,1,0
BRF:7
BRH:5
end_of_record
TN:
SF:src/app/documents/_modals/DocumentRejectionModal.tsx
FN:25,(anonymous_8)
FN:38,(anonymous_9)
FN:38,(anonymous_10)
FN:71,(anonymous_11)
FNF:4
FNH:4
FNDA:9,(anonymous_8)
FNDA:2,(anonymous_9)
FNDA:2,(anonymous_10)
FNDA:12,(anonymous_11)
DA:3,1
DA:4,1
DA:14,1
DA:16,1
DA:17,1
DA:18,1
DA:25,1
DA:29,9
DA:30,9
DA:31,9
DA:36,9
DA:38,9
DA:39,2
DA:40,0
DA:42,2
DA:43,2
DA:44,1
DA:46,1
DA:50,2
DA:53,9
DA:72,12
DA:138,1
LF:22
LH:21
BRDA:39,0,0,0
BRDA:43,1,0,1
BRDA:43,1,1,1
BRDA:111,2,0,12
BRDA:111,2,1,1
BRDA:115,3,0,12
BRDA:115,3,1,1
BRF:7
BRH:6
end_of_record
TN:
SF:src/app/documents/_modals/DocumentReportIssueModal.tsx
FN:23,(anonymous_1)
FN:26,(anonymous_2)
FN:41,(anonymous_3)
FN:56,(anonymous_4)
FNF:4
FNH:3
FNDA:11,(anonymous_1)
FNDA:0,(anonymous_2)
FNDA:2,(anonymous_3)
FNDA:7,(anonymous_4)
DA:3,2
DA:4,2
DA:5,2
DA:14,2
DA:16,2
DA:17,2
DA:23,2
DA:26,11
DA:27,0
DA:32,11
DA:34,11
DA:39,11
DA:41,11
DA:42,2
DA:43,2
DA:44,2
DA:47,11
DA:57,7
DA:107,2
LF:19
LH:18
BRDA:80,0,0,7
BRDA:80,0,1,1
BRDA:84,1,0,7
BRDA:84,1,1,1
BRF:4
BRH:4
end_of_record
TN:
SF:src/app/documents/_modals/ModalContext.tsx
FN:17,(anonymous_0)
FN:20,(anonymous_1)
FN:22,(anonymous_2)
FN:24,(anonymous_3)
FN:28,(anonymous_4)
FN:42,(anonymous_5)
FNF:6
FNH:6
FNDA:9,(anonymous_0)
FNDA:18,(anonymous_1)
FNDA:2,(anonymous_2)
FNDA:2,(anonymous_3)
FNDA:9,(anonymous_4)
FNDA:23,(anonymous_5)
DA:3,3
DA:15,3
DA:17,3
DA:18,9
DA:19,9
DA:20,9
DA:22,18
DA:23,2
DA:24,2
DA:28,9
DA:35,9
DA:42,3
DA:43,23
DA:44,22
DA:45,4
DA:47,18
LF:16
LH:16
BRDA:44,0,0,4
BRF:1
BRH:1
end_of_record
TN:
SF:src/app/documents/_services/index.ts
FN:33,(anonymous_8)
FN:33,(anonymous_9)
FN:41,(anonymous_10)
FN:41,(anonymous_11)
FN:48,getPendingDocuments
FN:57,rejectPendingDocument
FN:65,approvePendingDocument
FN:73,approveEditsDocument
FN:81,getApprovedDocumentsByFilter
FN:108,getDocumentsByFilter
FN:137,(anonymous_19)
FN:137,(anonymous_20)
FN:145,(anonymous_21)
FN:145,(anonymous_22)
FN:150,(anonymous_23)
FN:150,(anonymous_24)
FN:156,(anonymous_25)
FN:156,(anonymous_26)
FN:163,(anonymous_27)
FN:163,(anonymous_28)
FNF:20
FNH:20
FNDA:1,(anonymous_8)
FNDA:1,(anonymous_9)
FNDA:1,(anonymous_10)
FNDA:1,(anonymous_11)
FNDA:2,getPendingDocuments
FNDA:1,rejectPendingDocument
FNDA:1,approvePendingDocument
FNDA:1,approveEditsDocument
FNDA:1,getApprovedDocumentsByFilter
FNDA:2,getDocumentsByFilter
FNDA:1,(anonymous_19)
FNDA:1,(anonymous_20)
FNDA:1,(anonymous_21)
FNDA:1,(anonymous_22)
FNDA:1,(anonymous_23)
FNDA:1,(anonymous_24)
FNDA:1,(anonymous_25)
FNDA:1,(anonymous_26)
FNDA:1,(anonymous_27)
FNDA:1,(anonymous_28)
DA:1,6
DA:8,6
DA:33,6
DA:34,1
DA:38,1
DA:41,6
DA:42,1
DA:45,1
DA:48,6
DA:49,2
DA:54,2
DA:57,6
DA:58,1
DA:65,6
DA:66,1
DA:73,6
DA:74,1
DA:81,6
DA:88,1
DA:93,1
DA:94,1
DA:96,1
DA:97,1
DA:99,1
DA:100,1
DA:102,1
DA:108,6
DA:116,2
DA:121,2
DA:122,2
DA:124,2
DA:125,2
DA:127,2
DA:128,2
DA:130,2
DA:137,6
DA:138,1
DA:142,1
DA:145,6
DA:146,1
DA:147,1
DA:150,6
DA:151,1
DA:152,1
DA:153,1
DA:156,6
DA:157,1
DA:160,1
DA:163,6
DA:164,1
DA:167,1
LF:51
LH:51
BRDA:51,0,0,1
BRDA:51,0,1,1
BRDA:51,1,0,2
BRDA:51,1,1,2
BRDA:93,2,0,1
BRDA:96,3,0,1
BRDA:99,4,0,1
BRDA:117,5,0,2
BRDA:117,5,1,0
BRDA:117,6,0,2
BRDA:117,6,1,2
BRDA:117,7,0,0
BRDA:117,7,1,2
BRDA:117,8,0,2
BRDA:117,8,1,2
BRDA:121,9,0,2
BRDA:124,10,0,2
BRDA:127,11,0,2
BRF:18
BRH:16
end_of_record
TN:
SF:src/app/documents/browse/page.tsx
FN:8,Files
FNF:1
FNH:1
FNDA:1,Files
DA:1,1
DA:2,1
DA:3,1
DA:5,1
DA:6,1
DA:8,1
DA:9,1
DA:15,1
DA:17,1
DA:36,1
LF:10
LH:10
BRF:0
BRH:0
end_of_record
TN:
SF:src/app/documents/browse/[id]/page.tsx
FN:12,Page
FNF:1
FNH:1
FNDA:1,Page
DA:1,1
DA:2,1
DA:4,1
DA:5,1
DA:6,1
DA:7,1
DA:8,1
DA:10,1
DA:12,1
DA:15,1
DA:16,1
DA:17,1
DA:19,1
LF:13
LH:13
BRDA:17,0,0,1
BRDA:17,0,1,0
BRDA:52,1,0,0
BRDA:52,1,1,1
BRF:4
BRH:2
end_of_record
TN:
SF:src/app/documents/browse/[id]/_components/DualDocumentContainer.tsx
FN:19,(anonymous_1)
FN:29,(anonymous_2)
FN:33,(anonymous_3)
FNF:3
FNH:2
FNDA:1,(anonymous_1)
FNDA:1,(anonymous_2)
FNDA:0,(anonymous_3)
DA:3,1
DA:5,1
DA:6,1
DA:10,1
DA:19,1
DA:25,1
DA:26,1
DA:28,1
DA:29,1
DA:34,0
DA:40,1
LF:11
LH:10
BRF:0
BRH:0
end_of_record
TN:
SF:src/app/documents/browse/[id]/_components/ExtractedDataForm.tsx
FN:47,(anonymous_8)
FN:69,(anonymous_9)
FN:72,(anonymous_10)
FN:76,(anonymous_11)
FN:81,(anonymous_12)
FN:87,(anonymous_13)
FN:89,(anonymous_14)
FN:90,(anonymous_15)
FN:91,(anonymous_16)
FN:94,(anonymous_17)
FN:101,(anonymous_18)
FN:102,(anonymous_19)
FN:105,(anonymous_20)
FN:106,(anonymous_21)
FN:111,(anonymous_22)
FN:111,(anonymous_23)
FN:113,(anonymous_24)
FN:122,(anonymous_25)
FN:123,(anonymous_26)
FN:124,(anonymous_27)
FN:126,(anonymous_28)
FN:127,(anonymous_29)
FN:160,(anonymous_30)
FN:207,(anonymous_31)
FN:215,(anonymous_32)
FN:280,(anonymous_33)
FN:331,(anonymous_34)
FN:333,(anonymous_35)
FN:335,(anonymous_36)
FN:352,(anonymous_37)
FN:355,(anonymous_38)
FN:384,(anonymous_39)
FN:420,(anonymous_40)
FNF:33
FNH:29
FNDA:12,(anonymous_8)
FNDA:3,(anonymous_9)
FNDA:3,(anonymous_10)
FNDA:4,(anonymous_11)
FNDA:0,(anonymous_12)
FNDA:10,(anonymous_13)
FNDA:12,(anonymous_14)
FNDA:49,(anonymous_15)
FNDA:24,(anonymous_16)
FNDA:24,(anonymous_17)
FNDA:280,(anonymous_18)
FNDA:1948,(anonymous_19)
FNDA:0,(anonymous_20)
FNDA:0,(anonymous_21)
FNDA:2,(anonymous_22)
FNDA:2,(anonymous_23)
FNDA:2,(anonymous_24)
FNDA:1,(anonymous_25)
FNDA:1,(anonymous_26)
FNDA:1,(anonymous_27)
FNDA:2,(anonymous_28)
FNDA:1,(anonymous_29)
FNDA:0,(anonymous_30)
FNDA:2,(anonymous_31)
FNDA:1,(anonymous_32)
FNDA:31,(anonymous_33)
FNDA:142,(anonymous_34)
FNDA:132,(anonymous_35)
FNDA:840,(anonymous_36)
FNDA:20,(anonymous_37)
FNDA:20,(anonymous_38)
FNDA:280,(anonymous_39)
FNDA:1,(anonymous_40)
DA:1,1
DA:2,1
DA:6,1
DA:16,1
DA:18,1
DA:19,1
DA:20,1
DA:21,1
DA:22,1
DA:23,1
DA:24,1
DA:27,1
DA:28,1
DA:29,1
DA:30,1
DA:31,1
DA:32,1
DA:33,1
DA:34,1
DA:47,1
DA:60,12
DA:63,12
DA:64,12
DA:65,12
DA:66,12
DA:67,12
DA:68,12
DA:69,12
DA:70,3
DA:71,3
DA:72,3
DA:73,3
DA:76,12
DA:77,4
DA:78,4
DA:81,12
DA:82,0
DA:85,12
DA:86,12
DA:87,12
DA:89,12
DA:90,49
DA:91,24
DA:94,12
DA:95,24
DA:97,12
DA:99,12
DA:101,280
DA:102,1948
DA:105,12
DA:106,0
DA:107,0
DA:111,12
DA:112,2
DA:113,2
DA:117,2
DA:118,2
DA:119,2
DA:122,12
DA:123,1
DA:124,1
DA:126,1
DA:127,2
DA:128,2
DA:132,12
DA:161,0
DA:208,2
DA:209,0
DA:216,1
DA:217,1
DA:281,31
DA:331,142
DA:334,132
DA:335,840
DA:337,132
DA:338,20
DA:353,20
DA:354,20
DA:355,20
DA:356,20
DA:357,20
DA:359,20
DA:385,280
DA:386,280
DA:387,40
DA:421,1
DA:422,1
DA:423,1
LF:88
LH:83
BRDA:115,0,0,2
BRDA:115,0,1,2
BRDA:127,1,0,0
BRDA:142,2,0,4
BRDA:142,2,1,8
BRDA:181,3,0,4
BRDA:181,3,1,8
BRDA:208,4,0,0
BRDA:214,5,0,4
BRDA:214,5,1,8
BRDA:224,6,0,10
BRDA:224,6,1,2
BRDA:242,7,0,10
BRDA:242,7,1,2
BRDA:247,8,0,4
BRDA:247,8,1,6
BRDA:282,9,0,31
BRDA:282,9,1,30
BRDA:292,10,0,10
BRDA:292,10,1,20
BRDA:301,11,0,10
BRDA:301,11,1,0
BRDA:303,12,0,10
BRDA:303,12,1,4
BRDA:331,13,0,21
BRDA:331,13,1,10
BRDA:337,14,0,112
BRDA:361,15,0,20
BRDA:361,15,1,20
BRDA:386,16,0,240
BRDA:409,17,0,4
BRDA:409,17,1,6
BRF:32
BRH:29
end_of_record
TN:
SF:src/app/documents/tasks/page.tsx
FN:7,Task
FNF:1
FNH:1
FNDA:1,Task
DA:1,1
DA:2,1
DA:3,1
DA:5,1
DA:7,1
DA:8,1
DA:14,1
DA:31,1
LF:8
LH:8
BRF:0
BRH:0
end_of_record
TN:
SF:src/app/documents/tasks/[id]/layout.tsx
FN:20,PendingReviewLayout
FN:33,(anonymous_10)
FN:38,(anonymous_11)
FN:39,(anonymous_12)
FNF:4
FNH:4
FNDA:4,PendingReviewLayout
FNDA:4,(anonymous_10)
FNDA:8,(anonymous_11)
FNDA:5,(anonymous_12)
DA:2,1
DA:3,1
DA:4,1
DA:6,1
DA:11,1
DA:12,1
DA:13,1
DA:14,1
DA:17,1
DA:18,1
DA:20,1
DA:25,4
DA:26,4
DA:27,4
DA:28,4
DA:29,4
DA:31,4
DA:32,4
DA:33,4
DA:34,4
DA:37,4
DA:38,8
DA:39,5
DA:40,4
DA:41,0
DA:43,4
DA:44,4
DA:45,4
LF:28
LH:27
BRDA:34,0,0,4
BRDA:40,1,0,0
BRDA:43,2,0,3
BRDA:43,2,1,1
BRDA:44,3,0,1
BRDA:44,3,1,3
BRDA:81,4,0,1
BRDA:81,4,1,3
BRDA:126,5,0,4
BRDA:126,5,1,0
BRF:10
BRH:8
end_of_record
TN:
SF:src/app/documents/tasks/[id]/page.tsx
FN:13,Page
FN:29,(anonymous_9)
FN:33,(anonymous_10)
FN:34,(anonymous_11)
FNF:4
FNH:4
FNDA:2,Page
FNDA:2,(anonymous_9)
FNDA:4,(anonymous_10)
FNDA:2,(anonymous_11)
DA:1,1
DA:3,1
DA:11,1
DA:13,1
DA:16,2
DA:17,2
DA:18,2
DA:19,2
DA:21,2
DA:22,2
DA:23,2
DA:24,2
DA:25,2
DA:27,2
DA:28,2
DA:29,2
DA:30,2
DA:33,4
DA:34,2
DA:35,2
DA:36,0
DA:38,2
DA:40,2
LF:23
LH:22
BRDA:18,0,0,2
BRDA:18,0,1,1
BRDA:30,1,0,2
BRDA:35,2,0,0
BRDA:38,3,0,2
BRDA:38,3,1,0
BRF:6
BRH:4
end_of_record
TN:
SF:src/app/documents/tasks/[id]/_components/DualDocumentContainer.tsx
FN:42,(anonymous_1)
FN:51,(anonymous_2)
FN:56,(anonymous_3)
FN:60,(anonymous_4)
FN:95,(anonymous_5)
FN:122,(anonymous_6)
FN:130,(anonymous_7)
FNF:7
FNH:6
FNDA:8,(anonymous_1)
FNDA:1,(anonymous_2)
FNDA:5,(anonymous_3)
FNDA:0,(anonymous_4)
FNDA:1,(anonymous_5)
FNDA:4,(anonymous_6)
FNDA:2,(anonymous_7)
DA:3,1
DA:4,1
DA:14,1
DA:15,1
DA:16,1
DA:17,1
DA:18,1
DA:19,1
DA:20,1
DA:21,1
DA:25,1
DA:27,1
DA:42,1
DA:45,8
DA:46,8
DA:47,8
DA:48,8
DA:49,8
DA:51,8
DA:52,1
DA:55,8
DA:56,5
DA:61,0
DA:67,8
DA:96,1
DA:123,4
DA:124,0
DA:130,2
LF:28
LH:26
BRDA:76,0,0,7
BRDA:76,0,1,1
BRDA:123,1,0,0
BRDA:131,2,0,7
BRDA:131,2,1,1
BRDA:136,3,0,7
BRDA:136,3,1,1
BRDA:153,4,0,8
BRDA:153,4,1,7
BRF:9
BRH:8
end_of_record
TN:
SF:src/app/documents/tasks/[id]/_components/ExtractedDataForm.tsx
FN:64,(anonymous_14)
FN:85,(anonymous_15)
FN:89,(anonymous_16)
FN:91,(anonymous_17)
FN:95,(anonymous_18)
FN:106,(anonymous_19)
FN:111,(anonymous_20)
FN:120,(anonymous_21)
FN:121,(anonymous_22)
FN:122,(anonymous_23)
FN:125,(anonymous_24)
FN:132,(anonymous_25)
FN:133,(anonymous_26)
FN:134,(anonymous_27)
FN:135,(anonymous_28)
FN:136,(anonymous_29)
FN:140,(anonymous_30)
FN:141,(anonymous_31)
FN:144,(anonymous_32)
FN:144,(anonymous_33)
FN:146,(anonymous_34)
FN:156,(anonymous_35)
FN:157,(anonymous_36)
FN:157,(anonymous_37)
FN:160,(anonymous_38)
FN:161,(anonymous_39)
FN:165,(anonymous_40)
FN:170,(anonymous_41)
FN:183,(anonymous_42)
FN:235,(anonymous_43)
FN:237,(anonymous_44)
FN:242,(anonymous_45)
FN:244,(anonymous_46)
FN:281,(anonymous_47)
FN:332,(anonymous_48)
FN:381,(anonymous_49)
FN:382,(anonymous_50)
FN:384,(anonymous_51)
FN:404,(anonymous_52)
FN:407,(anonymous_53)
FN:437,(anonymous_54)
FNF:41
FNH:29
FNDA:7,(anonymous_14)
FNDA:3,(anonymous_15)
FNDA:0,(anonymous_16)
FNDA:0,(anonymous_17)
FNDA:4,(anonymous_18)
FNDA:0,(anonymous_19)
FNDA:7,(anonymous_20)
FNDA:7,(anonymous_21)
FNDA:29,(anonymous_22)
FNDA:14,(anonymous_23)
FNDA:14,(anonymous_24)
FNDA:1,(anonymous_25)
FNDA:1,(anonymous_26)
FNDA:1,(anonymous_27)
FNDA:2,(anonymous_28)
FNDA:0,(anonymous_29)
FNDA:0,(anonymous_30)
FNDA:0,(anonymous_31)
FNDA:1,(anonymous_32)
FNDA:1,(anonymous_33)
FNDA:0,(anonymous_34)
FNDA:0,(anonymous_35)
FNDA:0,(anonymous_36)
FNDA:0,(anonymous_37)
FNDA:196,(anonymous_38)
FNDA:644,(anonymous_39)
FNDA:23,(anonymous_40)
FNDA:7,(anonymous_41)
FNDA:0,(anonymous_42)
FNDA:22,(anonymous_43)
FNDA:107,(anonymous_44)
FNDA:21,(anonymous_45)
FNDA:44,(anonymous_46)
FNDA:0,(anonymous_47)
FNDA:22,(anonymous_48)
FNDA:100,(anonymous_49)
FNDA:93,(anonymous_50)
FNDA:284,(anonymous_51)
FNDA:14,(anonymous_52)
FNDA:14,(anonymous_53)
FNDA:196,(anonymous_54)
DA:3,1
DA:4,1
DA:8,1
DA:17,1
DA:19,1
DA:20,1
DA:21,1
DA:22,1
DA:23,1
DA:24,1
DA:25,1
DA:26,1
DA:27,1
DA:28,1
DA:51,1
DA:63,1
DA:76,7
DA:77,7
DA:78,7
DA:79,7
DA:80,7
DA:81,7
DA:82,7
DA:83,7
DA:85,7
DA:86,3
DA:89,7
DA:90,0
DA:91,0
DA:95,7
DA:103,7
DA:106,7
DA:107,0
DA:109,7
DA:111,7
DA:112,7
DA:113,1
DA:115,6
DA:117,7
DA:120,7
DA:121,29
DA:122,14
DA:125,7
DA:126,14
DA:128,7
DA:130,7
DA:132,7
DA:133,1
DA:134,1
DA:135,1
DA:136,2
DA:137,2
DA:140,7
DA:141,0
DA:144,7
DA:145,1
DA:146,1
DA:150,1
DA:151,1
DA:153,1
DA:156,7
DA:157,0
DA:160,196
DA:161,644
DA:164,7
DA:165,23
DA:170,7
DA:172,7
DA:183,0
DA:236,22
DA:237,107
DA:240,22
DA:243,21
DA:244,44
DA:246,21
DA:247,14
DA:282,0
DA:283,0
DA:333,22
DA:381,100
DA:383,93
DA:384,284
DA:386,93
DA:387,14
DA:405,14
DA:406,14
DA:407,14
DA:408,14
DA:409,14
DA:411,14
DA:438,196
DA:439,196
DA:440,0
DA:503,1
LF:94
LH:85
BRDA:90,0,0,0
BRDA:112,1,0,1
BRDA:112,1,1,6
BRDA:136,2,0,0
BRDA:148,3,0,0
BRDA:148,3,1,0
BRDA:150,4,0,1
BRDA:157,5,0,0
BRDA:157,5,1,0
BRDA:174,6,0,7
BRDA:174,6,1,0
BRDA:178,7,0,7
BRDA:178,7,1,0
BRDA:182,8,0,7
BRDA:182,8,1,4
BRDA:190,9,0,4
BRDA:190,9,1,3
BRDA:190,10,0,7
BRDA:190,10,1,4
BRDA:237,11,0,107
BRDA:237,11,1,100
BRDA:237,11,2,93
BRDA:246,12,0,7
BRDA:288,13,0,7
BRDA:288,13,1,0
BRDA:334,14,0,22
BRDA:334,14,1,21
BRDA:344,15,0,7
BRDA:344,15,1,14
BRDA:353,16,0,7
BRDA:353,16,1,0
BRDA:381,17,0,15
BRDA:381,17,1,7
BRDA:386,18,0,79
BRDA:413,19,0,14
BRDA:413,19,1,14
BRDA:439,20,0,196
BRDA:491,21,0,7
BRDA:491,21,1,0
BRDA:497,22,0,7
BRDA:497,22,1,0
BRF:41
BRH:29
end_of_record
TN:
SF:src/app/raw-materials/layout.tsx
FN:3,(anonymous_0)
FNF:1
FNH:1
FNDA:1,(anonymous_0)
DA:3,1
DA:4,1
DA:9,1
LF:3
LH:3
BRF:0
BRH:0
end_of_record
TN:
SF:src/app/raw-materials/page.tsx
FN:3,RawMaterial
FNF:1
FNH:1
FNDA:1,RawMaterial
DA:1,1
DA:3,1
DA:4,1
LF:3
LH:3
BRF:0
BRH:0
end_of_record
TN:
SF:src/app/raw-materials/[materialId]/MaterialNavSelector.tsx
FN:14,(anonymous_1)
FN:34,(anonymous_2)
FNF:2
FNH:2
FNDA:7,(anonymous_1)
FNDA:5,(anonymous_2)
DA:1,4
DA:5,4
DA:14,4
DA:20,7
DA:35,5
LF:5
LH:5
BRDA:22,0,0,7
BRDA:22,0,1,3
BRDA:22,1,0,3
BRDA:22,1,1,4
BRDA:22,2,0,7
BRDA:22,2,1,7
BRF:6
BRH:6
end_of_record
TN:
SF:src/app/raw-materials/[materialId]/materialLinksFactory.tsx
FN:5,(anonymous_1)
FNF:1
FNH:1
FNDA:8,(anonymous_1)
DA:1,5
DA:2,5
DA:3,5
DA:5,8
LF:4
LH:4
BRF:0
BRH:0
end_of_record
TN:
SF:src/app/raw-materials/[materialId]/[batchId]/page.tsx
FN:27,(anonymous_8)
FN:60,(anonymous_9)
FN:60,(anonymous_10)
FN:65,(anonymous_11)
FN:65,(anonymous_12)
FN:70,(anonymous_13)
FN:70,(anonymous_14)
FN:75,(anonymous_15)
FN:81,(anonymous_16)
FN:81,(anonymous_17)
FN:86,(anonymous_18)
FN:90,(anonymous_19)
FN:99,(anonymous_20)
FN:107,(anonymous_21)
FN:111,(anonymous_22)
FN:127,(anonymous_23)
FN:131,(anonymous_24)
FN:150,(anonymous_25)
FN:153,(anonymous_26)
FN:158,(anonymous_27)
FN:161,(anonymous_28)
FNF:21
FNH:17
FNDA:14,(anonymous_8)
FNDA:12,(anonymous_9)
FNDA:12,(anonymous_10)
FNDA:12,(anonymous_11)
FNDA:12,(anonymous_12)
FNDA:12,(anonymous_13)
FNDA:12,(anonymous_14)
FNDA:12,(anonymous_15)
FNDA:8,(anonymous_16)
FNDA:8,(anonymous_17)
FNDA:8,(anonymous_18)
FNDA:0,(anonymous_19)
FNDA:0,(anonymous_20)
FNDA:3,(anonymous_21)
FNDA:8,(anonymous_22)
FNDA:0,(anonymous_23)
FNDA:8,(anonymous_24)
FNDA:0,(anonymous_25)
FNDA:1,(anonymous_26)
FNDA:28,(anonymous_27)
FNDA:3,(anonymous_28)
DA:3,1
DA:4,1
DA:9,1
DA:11,1
DA:12,1
DA:13,1
DA:14,1
DA:19,1
DA:23,1
DA:24,1
DA:25,1
DA:27,1
DA:30,14
DA:45,14
DA:47,14
DA:48,14
DA:49,14
DA:50,14
DA:51,14
DA:53,14
DA:56,14
DA:57,14
DA:58,14
DA:60,14
DA:61,12
DA:62,12
DA:65,14
DA:66,12
DA:67,12
DA:70,14
DA:71,12
DA:72,12
DA:75,14
DA:76,12
DA:77,12
DA:78,12
DA:81,14
DA:82,8
DA:83,8
DA:86,14
DA:87,8
DA:90,14
DA:91,0
DA:93,0
DA:94,0
DA:96,0
DA:98,0
DA:99,0
DA:100,0
DA:103,0
DA:107,14
DA:108,3
DA:111,14
DA:113,14
DA:127,0
DA:132,8
DA:150,0
DA:154,1
DA:159,28
DA:161,3
DA:225,1
LF:61
LH:51
BRDA:57,0,0,0
BRDA:57,0,1,14
BRDA:57,1,0,14
BRDA:57,1,1,14
BRDA:57,2,0,10
BRDA:57,2,1,4
BRDA:57,3,0,14
BRDA:57,3,1,14
BRDA:58,4,0,0
BRDA:58,4,1,14
BRDA:58,5,0,14
BRDA:58,5,1,14
BRDA:58,6,0,10
BRDA:58,6,1,4
BRDA:58,7,0,14
BRDA:58,7,1,14
BRDA:91,8,0,0
BRDA:98,9,0,0
BRDA:98,9,1,0
BRDA:111,10,0,10
BRDA:111,10,1,4
BRDA:111,11,0,14
BRDA:111,11,1,14
BRDA:119,12,0,14
BRDA:119,12,1,4
BRDA:119,13,0,10
BRDA:119,13,1,4
BRDA:119,14,0,14
BRDA:119,14,1,14
BRDA:142,15,0,14
BRDA:142,15,1,1
BRDA:142,16,0,10
BRDA:142,16,1,4
BRDA:142,17,0,14
BRDA:142,17,1,14
BRDA:163,18,0,14
BRDA:163,18,1,14
BRDA:170,19,0,14
BRDA:170,19,1,14
BRDA:184,20,0,14
BRDA:184,20,1,0
BRDA:188,21,0,13
BRDA:188,21,1,1
BRDA:197,22,0,9
BRDA:197,22,1,4
BRDA:197,23,0,13
BRDA:197,23,1,13
BRDA:205,24,0,1
BRDA:205,24,1,0
BRDA:205,25,0,1
BRDA:205,25,1,1
BRDA:205,26,0,1
BRDA:205,26,1,0
BRDA:205,27,0,1
BRDA:205,27,1,1
BRF:55
BRH:47
end_of_record
TN:
SF:src/app/raw-materials/[materialId]/[batchId]/_components/batch-coa/index.tsx
FN:9,(anonymous_1)
FNF:1
FNH:1
FNDA:3,(anonymous_1)
DA:3,2
DA:6,2
DA:7,2
DA:9,2
DA:10,3
DA:17,2
LF:6
LH:6
BRDA:10,0,0,1
BRDA:10,0,1,2
BRF:2
BRH:2
end_of_record
TN:
SF:src/app/raw-materials/[materialId]/[batchId]/_components/batch-coa/_components/ColumnHeader.tsx
FN:15,(anonymous_1)
FN:19,(anonymous_2)
FN:36,(anonymous_3)
FNF:3
FNH:3
FNDA:8,(anonymous_1)
FNDA:8,(anonymous_2)
FNDA:2,(anonymous_3)
DA:3,4
DA:6,4
DA:7,4
DA:15,4
DA:19,8
DA:20,8
DA:21,8
DA:23,1
DA:26,2
DA:29,5
DA:33,8
DA:36,2
DA:45,4
LF:13
LH:13
BRDA:21,0,0,1
BRDA:21,0,1,2
BRDA:21,0,2,5
BRF:3
BRH:3
end_of_record
TN:
SF:src/app/raw-materials/[materialId]/[batchId]/_components/batch-coa/_components/Columns.tsx
FN:12,(anonymous_1)
FN:15,(anonymous_2)
FN:20,(anonymous_3)
FN:23,(anonymous_4)
FN:28,(anonymous_5)
FN:31,(anonymous_6)
FN:36,(anonymous_7)
FN:39,(anonymous_8)
FN:44,(anonymous_9)
FN:47,(anonymous_10)
FNF:10
FNH:10
FNDA:2,(anonymous_1)
FNDA:2,(anonymous_2)
FNDA:2,(anonymous_3)
FNDA:2,(anonymous_4)
FNDA:2,(anonymous_5)
FNDA:2,(anonymous_6)
FNDA:2,(anonymous_7)
FNDA:2,(anonymous_8)
FNDA:2,(anonymous_9)
FNDA:2,(anonymous_10)
DA:7,3
DA:9,3
DA:13,2
DA:15,2
DA:21,2
DA:23,2
DA:29,2
DA:31,2
DA:37,2
DA:39,2
DA:45,2
DA:47,2
DA:52,3
LF:13
LH:13
BRF:0
BRH:0
end_of_record
TN:
SF:src/app/raw-materials/[materialId]/[batchId]/_components/batch-coa/_components/Table.tsx
FN:29,(anonymous_1)
FN:48,(anonymous_2)
FN:71,(anonymous_3)
FN:92,(anonymous_4)
FN:98,(anonymous_5)
FNF:5
FNH:4
FNDA:1,(anonymous_1)
FNDA:2,(anonymous_2)
FNDA:0,(anonymous_3)
FNDA:2,(anonymous_4)
FNDA:7,(anonymous_5)
DA:3,3
DA:4,3
DA:12,3
DA:17,3
DA:18,3
DA:19,3
DA:20,3
DA:29,3
DA:30,1
DA:31,1
DA:32,1
DA:33,1
DA:34,1
DA:35,1
DA:36,1
DA:37,1
DA:38,1
DA:39,1
DA:42,1
DA:44,0
DA:48,3
DA:54,2
DA:55,2
DA:72,0
DA:93,2
DA:99,7
DA:127,3
LF:27
LH:25
BRDA:57,0,0,2
BRDA:57,0,1,1
BRDA:91,1,0,2
BRDA:91,1,1,0
BRDA:95,2,0,2
BRDA:95,2,1,0
BRF:6
BRH:4
end_of_record
TN:
SF:src/app/raw-materials/[materialId]/[batchId]/_components/batch-detail/index.tsx
FN:9,(anonymous_1)
FNF:1
FNH:1
FNDA:15,(anonymous_1)
DA:3,2
DA:4,2
DA:7,2
DA:9,2
DA:10,15
DA:18,2
LF:6
LH:6
BRDA:10,0,0,5
BRDA:10,0,1,10
BRF:2
BRH:2
end_of_record
TN:
SF:src/app/raw-materials/[materialId]/[batchId]/_components/batch-detail/_components/ColumnHeader.tsx
FNF:0
FNH:0
DA:1,4
DA:3,4
LF:2
LH:2
BRF:0
BRH:0
end_of_record
TN:
SF:src/app/raw-materials/[materialId]/[batchId]/_components/batch-detail/_components/Columns.tsx
FN:16,(anonymous_1)
FN:19,(anonymous_2)
FN:24,(anonymous_3)
FN:27,(anonymous_4)
FN:32,(anonymous_5)
FN:35,(anonymous_6)
FN:40,(anonymous_7)
FN:43,(anonymous_8)
FN:137,(anonymous_9)
FN:140,(anonymous_10)
FN:146,(anonymous_11)
FN:149,(anonymous_12)
FN:154,(anonymous_13)
FN:157,(anonymous_14)
FNF:14
FNH:14
FNDA:8,(anonymous_1)
FNDA:12,(anonymous_2)
FNDA:8,(anonymous_3)
FNDA:12,(anonymous_4)
FNDA:8,(anonymous_5)
FNDA:12,(anonymous_6)
FNDA:8,(anonymous_7)
FNDA:12,(anonymous_8)
FNDA:8,(anonymous_9)
FNDA:12,(anonymous_10)
FNDA:8,(anonymous_11)
FNDA:12,(anonymous_12)
FNDA:8,(anonymous_13)
FNDA:12,(anonymous_14)
DA:3,3
DA:4,3
DA:9,3
DA:11,3
DA:13,3
DA:17,8
DA:19,12
DA:25,8
DA:27,12
DA:33,8
DA:35,12
DA:41,8
DA:43,12
DA:138,8
DA:140,12
DA:147,8
DA:149,12
DA:155,8
DA:157,12
DA:162,3
LF:20
LH:20
BRDA:44,0,0,2
BRDA:44,0,1,10
BRDA:50,1,0,2
BRDA:50,1,1,0
BRDA:61,2,0,1
BRDA:61,2,1,1
BRDA:61,3,0,2
BRDA:61,3,1,1
BRDA:118,4,0,1
BRDA:118,4,1,1
BRDA:118,5,0,2
BRDA:118,5,1,1
BRF:12
BRH:11
end_of_record
TN:
SF:src/app/raw-materials/[materialId]/[batchId]/_components/batch-information/index.tsx
FN:9,(anonymous_1)
FN:10,(anonymous_2)
FN:11,(anonymous_3)
FNF:3
FNH:3
FNDA:15,(anonymous_1)
FNDA:14,(anonymous_2)
FNDA:20,(anonymous_3)
DA:3,2
DA:4,2
DA:7,2
DA:9,2
DA:10,15
DA:11,15
DA:12,20
DA:13,10
DA:43,10
DA:46,15
DA:60,2
LF:11
LH:11
BRDA:10,0,0,15
BRDA:10,0,1,10
BRDA:10,1,0,10
BRDA:10,1,1,5
BRDA:10,2,0,15
BRDA:10,2,1,15
BRDA:12,3,0,10
BRDA:47,4,0,5
BRDA:47,4,1,10
BRF:9
BRH:9
end_of_record
TN:
SF:src/app/raw-materials/[materialId]/[batchId]/_components/batch-information/_components/ColumnHeader.tsx
FNF:0
FNH:0
DA:1,2
DA:3,2
LF:2
LH:2
BRF:0
BRH:0
end_of_record
TN:
SF:src/app/raw-materials/[materialId]/[batchId]/_components/batch-information/_components/Columns.tsx
FN:15,(anonymous_1)
FN:18,(anonymous_2)
FN:23,(anonymous_3)
FN:26,(anonymous_4)
FNF:4
FNH:4
FNDA:5,(anonymous_1)
FNDA:60,(anonymous_2)
FNDA:5,(anonymous_3)
FNDA:60,(anonymous_4)
DA:5,2
DA:12,2
DA:16,5
DA:18,60
DA:24,5
DA:26,60
DA:32,2
LF:7
LH:7
BRF:0
BRH:0
end_of_record
TN:
SF:src/app/raw-materials/[materialId]/_components/NoChartData.tsx
FN:3,(anonymous_0)
FNF:1
FNH:1
FNDA:4,(anonymous_0)
DA:1,3
DA:3,3
DA:4,4
DA:5,4
DA:18,3
LF:5
LH:5
BRF:0
BRH:0
end_of_record
TN:
SF:src/app/raw-materials/[materialId]/_components/common/BreadcrumbByMaterialId.tsx
FN:7,(anonymous_1)
FNF:1
FNH:1
FNDA:4,(anonymous_1)
DA:3,4
DA:4,4
DA:7,4
DA:8,4
DA:9,4
DA:19,4
LF:6
LH:6
BRF:0
BRH:0
end_of_record
TN:
SF:src/app/raw-materials/[materialId]/_components/common/tableHeaderFactory.tsx
FN:4,(anonymous_0)
FN:6,(anonymous_1)
FNF:2
FNH:2
FNDA:28,(anonymous_0)
FNDA:92,(anonymous_1)
DA:1,11
DA:2,11
DA:4,11
DA:5,28
DA:7,92
LF:5
LH:5
BRDA:8,0,0,0
BRDA:8,0,1,92
BRF:2
BRH:1
end_of_record
TN:
SF:src/app/raw-materials/[materialId]/_components/processSelector/index.tsx
FN:28,(anonymous_7)
FN:37,(anonymous_8)
FN:37,(anonymous_9)
FN:42,(anonymous_10)
FN:43,(anonymous_11)
FN:48,(anonymous_12)
FN:60,(anonymous_13)
FN:66,(anonymous_14)
FN:82,(anonymous_15)
FN:97,(anonymous_16)
FNF:10
FNH:5
FNDA:2,(anonymous_7)
FNDA:1,(anonymous_8)
FNDA:1,(anonymous_9)
FNDA:0,(anonymous_10)
FNDA:0,(anonymous_11)
FNDA:0,(anonymous_12)
FNDA:1,(anonymous_13)
FNDA:1,(anonymous_14)
FNDA:0,(anonymous_15)
FNDA:0,(anonymous_16)
DA:1,2
DA:2,2
DA:6,2
DA:28,2
DA:29,2
DA:30,2
DA:33,2
DA:35,2
DA:37,2
DA:38,1
DA:39,1
DA:42,2
DA:43,0
DA:44,0
DA:45,0
DA:48,2
DA:49,0
DA:50,0
DA:51,0
DA:52,0
DA:53,0
DA:55,0
DA:60,2
DA:61,1
DA:62,0
DA:66,2
DA:67,1
DA:70,2
DA:83,0
DA:98,0
DA:107,2
LF:31
LH:19
BRDA:35,0,0,2
BRDA:35,0,1,0
BRDA:43,1,0,0
BRDA:43,1,1,0
BRDA:43,2,0,0
BRDA:43,2,1,0
BRDA:44,3,0,0
BRDA:50,4,0,0
BRDA:51,5,0,0
BRDA:51,5,1,0
BRDA:61,6,0,0
BRDA:61,7,0,1
BRDA:61,7,1,1
BRDA:72,8,0,2
BRDA:72,8,1,1
BRDA:88,9,0,2
BRDA:88,9,1,1
BRDA:97,10,0,1
BRDA:97,10,1,0
BRDA:97,11,0,1
BRDA:97,11,1,1
BRF:21
BRH:10
end_of_record
TN:
SF:src/app/raw-materials/[materialId]/_components/profile/MolecularImage.tsx
FN:4,(anonymous_1)
FN:8,(anonymous_2)
FN:9,(anonymous_3)
FNF:3
FNH:2
FNDA:5,(anonymous_1)
FNDA:5,(anonymous_2)
FNDA:0,(anonymous_3)
DA:1,2
DA:2,2
DA:4,2
DA:5,5
DA:8,5
DA:9,5
DA:10,0
DA:13,5
DA:20,2
LF:9
LH:8
BRF:0
BRH:0
end_of_record
TN:
SF:src/app/raw-materials/[materialId]/_components/profile/ProductProfile.tsx
FN:12,(anonymous_1)
FN:15,(anonymous_2)
FN:22,(anonymous_3)
FN:35,(anonymous_4)
FN:41,(anonymous_5)
FN:41,(anonymous_6)
FNF:6
FNH:6
FNDA:5,(anonymous_1)
FNDA:10,(anonymous_2)
FNDA:15,(anonymous_3)
FNDA:15,(anonymous_4)
FNDA:5,(anonymous_5)
FNDA:10,(anonymous_6)
DA:4,2
DA:8,2
DA:10,2
DA:12,2
DA:15,5
DA:16,10
DA:22,5
DA:23,15
DA:24,10
DA:25,1
DA:27,9
DA:35,5
DA:36,15
DA:41,5
DA:42,10
DA:43,5
DA:45,5
DA:48,5
DA:50,5
DA:94,2
LF:20
LH:20
BRDA:23,0,0,5
BRDA:23,1,0,15
BRDA:23,1,1,11
BRDA:24,2,0,1
BRDA:27,3,0,9
BRDA:27,3,1,7
BRDA:27,4,0,0
BRDA:27,4,1,9
BRDA:27,5,0,9
BRDA:27,5,1,9
BRDA:42,6,0,5
BRDA:48,7,0,0
BRDA:52,8,0,5
BRDA:52,8,1,5
BRDA:55,9,0,5
BRDA:55,9,1,5
BRDA:71,10,0,0
BRDA:71,10,1,5
BRDA:83,11,0,5
BRDA:83,11,1,5
BRDA:84,12,0,5
BRDA:84,12,1,5
BRF:22
BRH:19
end_of_record
TN:
SF:src/app/raw-materials/[materialId]/_components/specifications/ColumnHeader.tsx
FNF:0
FNH:0
DA:1,1
DA:3,1
LF:2
LH:2
BRF:0
BRH:0
end_of_record
TN:
SF:src/app/raw-materials/[materialId]/_components/specifications/Columns.tsx
FN:10,(anonymous_1)
FN:13,(anonymous_2)
FN:18,(anonymous_3)
FN:21,(anonymous_4)
FN:26,(anonymous_5)
FN:29,(anonymous_6)
FN:34,(anonymous_7)
FN:37,(anonymous_8)
FNF:8
FNH:8
FNDA:1,(anonymous_1)
FNDA:1,(anonymous_2)
FNDA:1,(anonymous_3)
FNDA:1,(anonymous_4)
FNDA:1,(anonymous_5)
FNDA:1,(anonymous_6)
FNDA:1,(anonymous_7)
FNDA:1,(anonymous_8)
DA:5,2
DA:7,2
DA:11,1
DA:13,1
DA:19,1
DA:21,1
DA:27,1
DA:29,1
DA:35,1
DA:37,1
DA:42,2
LF:11
LH:11
BRF:0
BRH:0
end_of_record
TN:
SF:src/app/raw-materials/[materialId]/_components/specifications/Table.tsx
FN:35,(anonymous_1)
FN:43,(anonymous_2)
FN:67,(anonymous_3)
FN:68,(anonymous_4)
FN:77,(anonymous_5)
FN:98,(anonymous_6)
FN:104,(anonymous_7)
FN:108,(anonymous_8)
FNF:8
FNH:8
FNDA:5,(anonymous_1)
FNDA:1,(anonymous_2)
FNDA:8,(anonymous_3)
FNDA:8,(anonymous_4)
FNDA:1,(anonymous_5)
FNDA:9,(anonymous_6)
FNDA:25,(anonymous_7)
FNDA:1,(anonymous_8)
DA:4,2
DA:16,2
DA:21,2
DA:22,2
DA:24,2
DA:35,2
DA:42,5
DA:43,5
DA:44,1
DA:47,5
DA:67,8
DA:69,8
DA:78,1
DA:99,9
DA:105,25
DA:108,1
DA:135,2
LF:17
LH:17
BRDA:44,0,0,1
BRDA:50,1,0,5
BRDA:50,1,1,4
BRDA:97,2,0,5
BRDA:97,2,1,0
BRDA:101,3,0,9
BRDA:101,3,1,0
BRF:7
BRH:5
end_of_record
TN:
SF:src/app/raw-materials/[materialId]/correlations/page.tsx
FN:28,(anonymous_8)
FN:44,(anonymous_9)
FN:44,(anonymous_10)
FN:49,(anonymous_11)
FN:49,(anonymous_12)
FN:54,(anonymous_13)
FN:54,(anonymous_14)
FN:57,(anonymous_15)
FN:71,(anonymous_16)
FN:75,(anonymous_17)
FN:84,(anonymous_18)
FN:90,(anonymous_19)
FN:95,(anonymous_20)
FNF:13
FNH:7
FNDA:1,(anonymous_8)
FNDA:1,(anonymous_9)
FNDA:1,(anonymous_10)
FNDA:1,(anonymous_11)
FNDA:1,(anonymous_12)
FNDA:0,(anonymous_13)
FNDA:0,(anonymous_14)
FNDA:0,(anonymous_15)
FNDA:0,(anonymous_16)
FNDA:0,(anonymous_17)
FNDA:0,(anonymous_18)
FNDA:1,(anonymous_19)
FNDA:1,(anonymous_20)
DA:3,1
DA:6,1
DA:8,1
DA:13,1
DA:14,1
DA:15,1
DA:16,1
DA:17,1
DA:20,1
DA:21,1
DA:22,1
DA:23,1
DA:24,1
DA:26,1
DA:28,1
DA:31,1
DA:32,1
DA:35,1
DA:36,1
DA:37,1
DA:38,1
DA:39,1
DA:40,1
DA:42,1
DA:44,1
DA:45,1
DA:46,1
DA:49,1
DA:50,1
DA:51,1
DA:54,1
DA:55,0
DA:56,0
DA:57,0
DA:58,0
DA:59,0
DA:65,0
DA:67,0
DA:71,1
DA:72,0
DA:75,1
DA:76,0
DA:77,0
DA:78,0
DA:80,0
DA:81,0
DA:84,1
DA:85,0
DA:88,1
DA:90,1
DA:91,1
DA:92,1
DA:95,1
DA:96,1
DA:97,0
DA:101,1
DA:158,1
LF:57
LH:42
BRDA:42,0,0,1
BRDA:42,0,1,0
BRDA:51,1,0,0
BRDA:51,1,1,1
BRDA:51,2,0,1
BRDA:51,2,1,1
BRDA:55,3,0,0
BRDA:57,4,0,0
BRDA:57,4,1,0
BRDA:57,5,0,0
BRDA:57,5,1,0
BRDA:62,6,0,0
BRDA:62,6,1,0
BRDA:62,7,0,0
BRDA:62,7,1,0
BRDA:77,8,0,0
BRDA:96,9,0,0
BRDA:116,10,0,1
BRDA:116,10,1,0
BRDA:121,11,0,0
BRDA:121,11,1,1
BRDA:123,12,0,0
BRDA:123,12,1,0
BRDA:133,13,0,0
BRDA:133,13,1,0
BRDA:134,14,0,0
BRDA:134,14,1,0
BRDA:134,15,0,0
BRDA:134,15,1,0
BRDA:136,16,0,0
BRDA:136,16,1,0
BRF:31
BRH:6
end_of_record
TN:
SF:src/app/raw-materials/[materialId]/correlations/utils.ts
FN:1,(anonymous_0)
FN:1,(anonymous_1)
FN:3,(anonymous_2)
FNF:3
FNH:3
FNDA:3,(anonymous_0)
FNDA:4,(anonymous_1)
FNDA:6,(anonymous_2)
DA:1,4
DA:3,6
LF:2
LH:2
BRDA:4,0,0,0
BRDA:4,0,1,6
BRDA:4,1,0,6
BRDA:4,1,1,6
BRDA:5,2,0,0
BRDA:5,2,1,6
BRDA:5,3,0,6
BRDA:5,3,1,6
BRF:8
BRH:6
end_of_record
TN:
SF:src/app/raw-materials/[materialId]/overview/page.tsx
FN:38,(anonymous_8)
FN:40,(anonymous_9)
FN:41,(anonymous_10)
FN:41,(anonymous_11)
FNF:4
FNH:4
FNDA:4,(anonymous_8)
FNDA:4,(anonymous_9)
FNDA:4,(anonymous_10)
FNDA:4,(anonymous_11)
DA:4,1
DA:10,1
DA:11,1
DA:12,1
DA:23,1
DA:24,1
DA:30,1
DA:31,1
DA:32,1
DA:34,1
DA:35,1
DA:36,1
DA:38,1
DA:40,4
DA:41,4
DA:51,4
DA:62,4
DA:64,4
DA:76,4
DA:78,4
DA:134,1
LF:21
LH:21
BRDA:94,0,0,4
BRDA:94,0,1,0
BRDA:115,1,0,4
BRDA:115,1,1,0
BRDA:115,2,0,0
BRDA:115,2,1,4
BRDA:115,3,0,4
BRDA:115,3,1,4
BRF:8
BRH:5
end_of_record
TN:
SF:src/app/raw-materials/[materialId]/overview/_components/Charts.tsx
FN:11,(anonymous_1)
FN:14,(anonymous_2)
FN:20,(anonymous_3)
FN:35,(anonymous_4)
FN:40,(anonymous_5)
FN:53,(anonymous_6)
FNF:6
FNH:4
FNDA:2,(anonymous_1)
FNDA:4,(anonymous_2)
FNDA:0,(anonymous_3)
FNDA:0,(anonymous_4)
FNDA:1,(anonymous_5)
FNDA:1,(anonymous_6)
DA:5,2
DA:6,2
DA:7,2
DA:8,2
DA:11,2
DA:12,2
DA:13,2
DA:14,4
DA:17,2
DA:20,2
DA:35,2
DA:40,2
DA:41,1
DA:53,2
DA:54,1
LF:15
LH:15
BRDA:11,0,0,0
BRDA:13,1,0,2
BRDA:43,2,0,1
BRDA:43,2,1,0
BRDA:43,3,0,0
BRDA:43,3,1,1
BRDA:43,4,0,1
BRDA:43,4,1,1
BRDA:60,5,0,1
BRDA:60,5,1,0
BRF:10
BRH:6
end_of_record
TN:
SF:src/app/raw-materials/[materialId]/overview/_components/General.tsx
FN:12,(anonymous_1)
FN:16,(anonymous_2)
FN:20,(anonymous_3)
FNF:3
FNH:2
FNDA:0,(anonymous_1)
FNDA:2,(anonymous_2)
FNDA:1,(anonymous_3)
DA:3,2
DA:4,2
DA:6,2
DA:8,2
DA:9,2
DA:10,2
DA:12,2
DA:13,0
DA:16,2
DA:17,2
DA:18,2
DA:20,2
DA:21,1
DA:23,1
DA:24,0
DA:26,1
DA:27,1
DA:30,2
LF:18
LH:16
BRDA:23,0,0,0
BRF:1
BRH:0
end_of_record
TN:
SF:src/app/raw-materials/[materialId]/overview/_components/Metrics.tsx
FN:5,(anonymous_0)
FN:6,(anonymous_1)
FN:6,(anonymous_2)
FNF:3
FNH:3
FNDA:1,(anonymous_0)
FNDA:6,(anonymous_1)
FNDA:12,(anonymous_2)
DA:3,2
DA:5,2
DA:6,12
DA:7,1
LF:4
LH:4
BRDA:12,0,0,0
BRDA:12,0,1,1
BRDA:12,1,0,1
BRDA:12,1,1,1
BRDA:13,2,0,0
BRDA:13,2,1,1
BRDA:13,3,0,1
BRDA:13,3,1,1
BRDA:19,4,0,0
BRDA:19,4,1,1
BRDA:19,5,0,1
BRDA:19,5,1,1
BRDA:20,6,0,0
BRDA:20,6,1,1
BRDA:20,7,0,1
BRDA:20,7,1,1
BRDA:26,8,0,0
BRDA:26,8,1,1
BRDA:26,9,0,1
BRDA:26,9,1,1
BRDA:27,10,0,0
BRDA:27,10,1,1
BRDA:27,11,0,1
BRDA:27,11,1,1
BRF:24
BRH:18
end_of_record
TN:
SF:src/app/raw-materials/[materialId]/specific-batches/page.tsx
FN:18,(anonymous_8)
FN:25,(anonymous_9)
FN:25,(anonymous_10)
FN:36,(anonymous_11)
FN:41,(anonymous_12)
FN:41,(anonymous_13)
FN:53,(anonymous_14)
FN:54,(anonymous_15)
FN:59,(anonymous_16)
FN:68,(anonymous_17)
FN:89,(anonymous_18)
FNF:11
FNH:10
FNDA:4,(anonymous_8)
FNDA:2,(anonymous_9)
FNDA:2,(anonymous_10)
FNDA:1,(anonymous_11)
FNDA:2,(anonymous_12)
FNDA:2,(anonymous_13)
FNDA:2,(anonymous_14)
FNDA:2,(anonymous_15)
FNDA:0,(anonymous_16)
FNDA:2,(anonymous_17)
FNDA:18,(anonymous_18)
DA:3,1
DA:4,1
DA:6,1
DA:7,1
DA:8,1
DA:11,1
DA:12,1
DA:13,1
DA:14,1
DA:16,1
DA:18,1
DA:21,4
DA:22,4
DA:23,4
DA:25,4
DA:26,2
DA:27,2
DA:29,4
DA:30,4
DA:31,4
DA:32,4
DA:33,4
DA:34,4
DA:36,4
DA:37,1
DA:38,1
DA:41,4
DA:42,2
DA:50,2
DA:53,4
DA:54,2
DA:55,2
DA:59,4
DA:60,0
DA:61,0
DA:62,0
DA:64,0
DA:65,0
DA:68,4
DA:69,2
DA:72,4
DA:89,18
DA:112,1
LF:43
LH:38
BRDA:61,0,0,0
BRDA:87,1,0,2
BRDA:87,1,1,2
BRDA:87,2,0,2
BRDA:87,2,1,2
BRDA:87,3,0,4
BRDA:87,3,1,4
BRF:7
BRH:6
end_of_record
TN:
SF:src/app/raw-materials/[materialId]/specific-batches/_components/ColumnHeader.tsx
FNF:0
FNH:0
DA:1,2
DA:3,2
LF:2
LH:2
BRF:0
BRH:0
end_of_record
TN:
SF:src/app/raw-materials/[materialId]/specific-batches/_components/Columns.tsx
FN:21,(anonymous_1)
FN:24,(anonymous_2)
FN:32,(anonymous_3)
FN:37,(anonymous_4)
FN:46,(anonymous_5)
FN:49,(anonymous_6)
FN:62,(anonymous_7)
FN:65,(anonymous_8)
FN:74,(anonymous_9)
FN:79,(anonymous_10)
FN:88,(anonymous_11)
FN:93,(anonymous_12)
FNF:12
FNH:12
FNDA:2,(anonymous_1)
FNDA:2,(anonymous_2)
FNDA:2,(anonymous_3)
FNDA:2,(anonymous_4)
FNDA:2,(anonymous_5)
FNDA:2,(anonymous_6)
FNDA:2,(anonymous_7)
FNDA:2,(anonymous_8)
FNDA:1,(anonymous_9)
FNDA:1,(anonymous_10)
FNDA:2,(anonymous_11)
FNDA:2,(anonymous_12)
DA:3,2
DA:6,2
DA:13,2
DA:15,2
DA:17,2
DA:22,2
DA:25,2
DA:33,2
DA:38,2
DA:47,2
DA:50,2
DA:53,0
DA:55,2
DA:63,2
DA:66,2
DA:75,1
DA:80,1
DA:81,1
DA:82,1
DA:89,2
DA:94,2
DA:103,2
LF:22
LH:21
BRDA:50,0,0,0
BRDA:50,0,1,0
BRDA:50,0,2,2
BRF:3
BRH:1
end_of_record
TN:
SF:src/app/raw-materials/[materialId]/trends/page.tsx
FN:37,(anonymous_8)
FN:61,(anonymous_9)
FN:80,(anonymous_10)
FN:80,(anonymous_11)
FN:85,(anonymous_12)
FN:85,(anonymous_13)
FN:90,(anonymous_14)
FN:93,(anonymous_15)
FN:98,(anonymous_16)
FN:100,(anonymous_17)
FN:103,(anonymous_18)
FN:109,(anonymous_19)
FN:109,(anonymous_20)
FN:127,(anonymous_21)
FN:127,(anonymous_22)
FN:131,(anonymous_23)
FN:151,(anonymous_24)
FN:160,(anonymous_25)
FN:164,(anonymous_26)
FN:166,(anonymous_27)
FN:168,(anonymous_28)
FN:174,(anonymous_29)
FN:185,(anonymous_30)
FN:203,(anonymous_31)
FN:208,(anonymous_32)
FN:214,(anonymous_33)
FN:275,(anonymous_34)
FN:306,(anonymous_35)
FNF:28
FNH:8
FNDA:1,(anonymous_8)
FNDA:0,(anonymous_9)
FNDA:1,(anonymous_10)
FNDA:1,(anonymous_11)
FNDA:1,(anonymous_12)
FNDA:1,(anonymous_13)
FNDA:0,(anonymous_14)
FNDA:0,(anonymous_15)
FNDA:0,(anonymous_16)
FNDA:0,(anonymous_17)
FNDA:0,(anonymous_18)
FNDA:0,(anonymous_19)
FNDA:0,(anonymous_20)
FNDA:0,(anonymous_21)
FNDA:0,(anonymous_22)
FNDA:0,(anonymous_23)
FNDA:0,(anonymous_24)
FNDA:0,(anonymous_25)
FNDA:0,(anonymous_26)
FNDA:0,(anonymous_27)
FNDA:0,(anonymous_28)
FNDA:0,(anonymous_29)
FNDA:0,(anonymous_30)
FNDA:1,(anonymous_31)
FNDA:1,(anonymous_32)
FNDA:1,(anonymous_33)
FNDA:0,(anonymous_34)
FNDA:0,(anonymous_35)
DA:3,1
DA:6,1
DA:9,1
DA:11,1
DA:12,1
DA:13,1
DA:14,1
DA:15,1
DA:20,1
DA:21,1
DA:25,1
DA:26,1
DA:27,1
DA:28,1
DA:29,1
DA:31,1
DA:32,1
DA:33,1
DA:37,1
DA:40,1
DA:41,1
DA:44,1
DA:45,1
DA:46,1
DA:47,1
DA:48,1
DA:49,1
DA:50,1
DA:51,1
DA:52,1
DA:53,1
DA:54,1
DA:55,1
DA:60,1
DA:62,0
DA:63,0
DA:72,1
DA:80,1
DA:81,1
DA:82,1
DA:85,1
DA:86,1
DA:87,1
DA:90,1
DA:91,0
DA:93,0
DA:95,0
DA:98,1
DA:99,0
DA:100,0
DA:102,0
DA:103,0
DA:106,0
DA:109,1
DA:110,0
DA:111,0
DA:113,0
DA:123,0
DA:127,1
DA:128,0
DA:129,0
DA:130,0
DA:131,0
DA:132,0
DA:145,0
DA:146,0
DA:147,0
DA:151,1
DA:152,0
DA:153,0
DA:154,0
DA:156,0
DA:157,0
DA:160,1
DA:161,0
DA:164,1
DA:166,1
DA:168,1
DA:169,0
DA:172,1
DA:174,1
DA:175,0
DA:185,1
DA:203,1
DA:204,1
DA:205,1
DA:208,1
DA:209,1
DA:210,0
DA:214,1
DA:215,1
DA:216,0
DA:220,1
DA:275,0
DA:306,0
DA:336,1
LF:96
LH:62
BRDA:54,0,0,1
BRDA:54,0,1,0
BRDA:55,1,0,1
BRDA:55,1,1,0
BRDA:55,1,2,0
BRDA:55,1,3,0
BRDA:87,2,0,1
BRDA:87,2,1,0
BRDA:87,3,0,1
BRDA:87,3,1,1
BRDA:93,4,0,0
BRDA:93,4,1,0
BRDA:93,5,0,0
BRDA:93,5,1,0
BRDA:100,6,0,0
BRDA:100,6,1,0
BRDA:100,7,0,0
BRDA:100,7,1,0
BRDA:102,8,0,0
BRDA:103,9,0,0
BRDA:103,9,1,0
BRDA:103,10,0,0
BRDA:103,10,1,0
BRDA:110,11,0,0
BRDA:128,12,0,0
BRDA:131,13,0,0
BRDA:131,13,1,0
BRDA:131,14,0,0
BRDA:131,14,1,0
BRDA:138,15,0,0
BRDA:138,15,1,0
BRDA:138,16,0,0
BRDA:138,16,1,0
BRDA:153,17,0,0
BRDA:178,18,0,0
BRDA:178,18,1,0
BRDA:209,19,0,0
BRDA:215,20,0,0
BRDA:215,21,0,1
BRDA:215,21,1,0
BRDA:235,22,0,1
BRDA:235,22,1,0
BRDA:243,23,0,0
BRDA:243,23,1,1
BRDA:262,24,0,0
BRDA:262,24,1,0
BRDA:262,25,0,0
BRDA:262,25,1,0
BRDA:270,26,0,0
BRDA:270,26,1,0
BRDA:294,27,0,0
BRDA:294,27,1,0
BRDA:294,28,0,0
BRDA:294,28,1,0
BRDA:302,29,0,0
BRDA:302,29,1,0
BRDA:320,30,0,0
BRDA:320,30,1,0
BRF:58
BRH:8
end_of_record
TN:
SF:src/app/raw-materials/[materialId]/trends/utils.ts
FN:12,(anonymous_0)
FN:13,(anonymous_1)
FN:18,(anonymous_2)
FN:35,(anonymous_3)
FN:36,(anonymous_4)
FNF:5
FNH:5
FNDA:2,(anonymous_0)
FNDA:2,(anonymous_1)
FNDA:2,(anonymous_2)
FNDA:2,(anonymous_3)
FNDA:2,(anonymous_4)
DA:12,1
DA:13,2
DA:18,2
DA:23,2
DA:35,1
DA:36,2
DA:42,2
LF:7
LH:7
BRF:0
BRH:0
end_of_record
TN:
SF:src/app/raw-materials/[materialId]/trends/_components/ColumnHeader.tsx
FN:13,(anonymous_0)
FN:19,(anonymous_1)
FNF:2
FNH:2
FNDA:5,(anonymous_0)
FNDA:2,(anonymous_1)
DA:3,2
DA:13,2
DA:17,5
DA:19,2
DA:26,2
LF:5
LH:5
BRF:0
BRH:0
end_of_record
TN:
SF:src/app/raw-materials/[materialId]/trends/_components/Columns.tsx
FN:12,(anonymous_1)
FN:15,(anonymous_2)
FN:19,(anonymous_3)
FN:24,(anonymous_4)
FN:28,(anonymous_5)
FN:33,(anonymous_6)
FNF:6
FNH:6
FNDA:1,(anonymous_1)
FNDA:1,(anonymous_2)
FNDA:1,(anonymous_3)
FNDA:1,(anonymous_4)
FNDA:1,(anonymous_5)
FNDA:1,(anonymous_6)
DA:7,2
DA:9,2
DA:13,1
DA:15,1
DA:20,1
DA:24,1
DA:29,1
DA:33,1
DA:38,2
LF:9
LH:9
BRF:0
BRH:0
end_of_record
TN:
SF:src/app/raw-materials/[materialId]/trends/_components/RadioGroup.tsx
FN:16,(anonymous_0)
FN:21,(anonymous_1)
FN:35,(anonymous_2)
FNF:3
FNH:3
FNDA:3,(anonymous_0)
FNDA:1,(anonymous_1)
FNDA:6,(anonymous_2)
DA:1,2
DA:16,2
DA:19,3
DA:21,3
DA:22,1
DA:25,3
DA:35,6
DA:42,2
LF:8
LH:8
BRF:0
BRH:0
end_of_record
TN:
SF:src/app/raw-materials/_components/DynamicChips.tsx
FN:3,(anonymous_0)
FN:8,(anonymous_1)
FN:26,(anonymous_2)
FNF:3
FNH:3
FNDA:16,(anonymous_0)
FNDA:32,(anonymous_1)
FNDA:10,(anonymous_2)
DA:1,9
DA:3,9
DA:4,16
DA:5,16
DA:9,32
DA:26,9
DA:27,10
DA:29,10
DA:30,1
DA:44,9
LF:10
LH:10
BRDA:9,0,0,30
BRDA:9,0,1,2
BRDA:16,1,0,16
BRDA:16,1,1,0
BRDA:29,2,0,1
BRF:5
BRH:4
end_of_record
TN:
SF:src/app/raw-materials/_components/MaterialNavbar.tsx
FN:21,(anonymous_0)
FNF:1
FNH:1
FNDA:5,(anonymous_0)
DA:3,4
DA:21,4
DA:22,5
DA:24,5
DA:34,4
LF:5
LH:5
BRF:0
BRH:0
end_of_record
TN:
SF:src/app/raw-materials/_components/SimpleTable.tsx
FN:29,(anonymous_0)
FN:45,(anonymous_1)
FN:65,(anonymous_2)
FN:71,(anonymous_3)
FN:73,(anonymous_4)
FNF:5
FNH:5
FNDA:11,(anonymous_0)
FNDA:2,(anonymous_1)
FNDA:70,(anonymous_2)
FNDA:185,(anonymous_3)
FNDA:2,(anonymous_4)
DA:3,6
DA:10,6
DA:14,6
DA:15,6
DA:17,6
DA:29,6
DA:38,11
DA:40,11
DA:45,11
DA:46,2
DA:48,11
DA:66,70
DA:72,185
DA:73,2
DA:100,6
LF:15
LH:15
BRDA:38,0,0,10
BRDA:38,0,1,1
BRDA:46,1,0,0
BRDA:50,2,0,11
BRDA:50,2,1,10
BRDA:64,3,0,11
BRDA:64,3,1,0
BRDA:68,4,0,70
BRDA:68,4,1,0
BRF:9
BRH:6
end_of_record
TN:
SF:src/app/raw-materials/_components/browsingLinks.tsx
FNF:0
FNH:0
DA:1,3
DA:2,3
DA:3,3
DA:4,3
DA:6,3
LF:5
LH:5
BRF:0
BRH:0
end_of_record
TN:
SF:src/app/raw-materials/_services/index.tsx
FN:23,(anonymous_8)
FN:23,(anonymous_9)
FN:41,(anonymous_10)
FN:41,(anonymous_11)
FN:53,(anonymous_12)
FN:80,(anonymous_13)
FN:80,(anonymous_14)
FN:88,(anonymous_15)
FN:88,(anonymous_16)
FN:100,(anonymous_17)
FN:100,(anonymous_18)
FN:108,(anonymous_19)
FN:108,(anonymous_20)
FN:115,(anonymous_21)
FN:115,(anonymous_22)
FN:122,(anonymous_23)
FN:122,(anonymous_24)
FN:129,(anonymous_25)
FN:129,(anonymous_26)
FN:136,(anonymous_27)
FN:136,(anonymous_28)
FN:144,(anonymous_29)
FN:144,(anonymous_30)
FN:152,(anonymous_31)
FN:152,(anonymous_32)
FN:160,(anonymous_33)
FN:160,(anonymous_34)
FN:168,(anonymous_35)
FN:168,(anonymous_36)
FN:176,(anonymous_37)
FN:176,(anonymous_38)
FN:184,(anonymous_39)
FN:184,(anonymous_40)
FN:192,(anonymous_41)
FN:192,(anonymous_42)
FN:200,(anonymous_43)
FN:200,(anonymous_44)
FN:208,(anonymous_45)
FN:208,(anonymous_46)
FN:215,(anonymous_47)
FN:215,(anonymous_48)
FN:224,(anonymous_49)
FN:224,(anonymous_50)
FN:233,(anonymous_51)
FN:233,(anonymous_52)
FN:242,(anonymous_53)
FNF:46
FNH:36
FNDA:0,(anonymous_8)
FNDA:0,(anonymous_9)
FNDA:5,(anonymous_10)
FNDA:2,(anonymous_11)
FNDA:2,(anonymous_12)
FNDA:1,(anonymous_13)
FNDA:1,(anonymous_14)
FNDA:1,(anonymous_15)
FNDA:1,(anonymous_16)
FNDA:0,(anonymous_17)
FNDA:0,(anonymous_18)
FNDA:1,(anonymous_19)
FNDA:1,(anonymous_20)
FNDA:0,(anonymous_21)
FNDA:0,(anonymous_22)
FNDA:0,(anonymous_23)
FNDA:0,(anonymous_24)
FNDA:0,(anonymous_25)
FNDA:0,(anonymous_26)
FNDA:1,(anonymous_27)
FNDA:1,(anonymous_28)
FNDA:1,(anonymous_29)
FNDA:1,(anonymous_30)
FNDA:1,(anonymous_31)
FNDA:1,(anonymous_32)
FNDA:1,(anonymous_33)
FNDA:1,(anonymous_34)
FNDA:1,(anonymous_35)
FNDA:1,(anonymous_36)
FNDA:1,(anonymous_37)
FNDA:1,(anonymous_38)
FNDA:1,(anonymous_39)
FNDA:1,(anonymous_40)
FNDA:1,(anonymous_41)
FNDA:1,(anonymous_42)
FNDA:1,(anonymous_43)
FNDA:1,(anonymous_44)
FNDA:1,(anonymous_45)
FNDA:1,(anonymous_46)
FNDA:1,(anonymous_47)
FNDA:1,(anonymous_48)
FNDA:1,(anonymous_49)
FNDA:1,(anonymous_50)
FNDA:1,(anonymous_51)
FNDA:1,(anonymous_52)
FNDA:1,(anonymous_53)
DA:1,2
DA:2,2
DA:21,2
DA:23,2
DA:24,0
DA:31,0
DA:37,0
DA:41,5
DA:53,2
DA:54,2
DA:58,2
DA:59,1
DA:61,2
DA:62,1
DA:64,2
DA:65,1
DA:67,2
DA:73,2
DA:76,2
DA:80,2
DA:81,1
DA:85,1
DA:88,2
DA:89,1
DA:93,1
DA:96,2
DA:100,2
DA:101,0
DA:105,0
DA:108,2
DA:109,1
DA:112,1
DA:115,2
DA:116,0
DA:119,0
DA:122,2
DA:123,0
DA:126,0
DA:129,2
DA:130,0
DA:133,0
DA:136,2
DA:137,1
DA:141,1
DA:144,2
DA:145,1
DA:149,1
DA:152,2
DA:153,1
DA:157,1
DA:160,2
DA:161,1
DA:165,1
DA:168,2
DA:169,1
DA:173,1
DA:176,2
DA:177,1
DA:181,1
DA:184,2
DA:185,1
DA:189,1
DA:192,2
DA:193,1
DA:197,1
DA:200,2
DA:201,1
DA:205,1
DA:208,2
DA:209,1
DA:212,1
DA:215,2
DA:216,1
DA:217,1
DA:221,1
DA:224,2
DA:225,1
DA:226,1
DA:230,1
DA:233,2
DA:234,1
DA:235,1
DA:239,1
DA:242,2
LF:84
LH:73
BRDA:24,0,0,0
BRDA:24,0,1,0
BRDA:58,1,0,1
BRDA:61,2,0,1
BRDA:64,3,0,1
BRF:5
BRH:3
end_of_record
TN:
SF:src/app/raw-materials/analytics-insights/page.tsx
FN:8,(anonymous_1)
FNF:1
FNH:1
FNDA:1,(anonymous_1)
DA:1,1
DA:3,1
DA:4,1
DA:6,1
DA:8,1
DA:9,1
DA:28,1
LF:7
LH:7
BRF:0
BRH:0
end_of_record
TN:
SF:src/app/raw-materials/analytics-insights/_components/InsightOverview.tsx
FN:14,(anonymous_1)
FN:26,(anonymous_2)
FN:36,(anonymous_3)
FNF:3
FNH:2
FNDA:1,(anonymous_1)
FNDA:0,(anonymous_2)
FNDA:2,(anonymous_3)
DA:3,2
DA:7,2
DA:9,2
DA:12,2
DA:14,2
DA:15,1
DA:17,1
DA:26,0
DA:37,2
DA:54,2
LF:10
LH:9
BRDA:14,0,0,0
BRDA:33,1,0,1
BRDA:33,1,1,0
BRF:3
BRH:1
end_of_record
TN:
SF:src/app/raw-materials/analytics-insights/_components/InsightPage/InsightCard.tsx
FN:10,(anonymous_1)
FN:17,(anonymous_2)
FN:23,(anonymous_3)
FN:37,(anonymous_4)
FN:64,(anonymous_5)
FNF:5
FNH:5
FNDA:5,(anonymous_1)
FNDA:4,(anonymous_2)
FNDA:1,(anonymous_3)
FNDA:2,(anonymous_4)
FNDA:1,(anonymous_5)
DA:1,4
DA:2,4
DA:4,4
DA:5,4
DA:6,4
DA:7,4
DA:10,4
DA:17,5
DA:19,5
DA:21,5
DA:23,5
DA:24,1
DA:25,1
DA:28,5
DA:37,2
DA:64,1
DA:78,4
LF:17
LH:17
BRDA:12,0,0,0
BRDA:31,1,0,5
BRDA:31,1,1,4
BRDA:32,2,0,5
BRDA:32,2,1,4
BRDA:32,2,2,2
BRDA:37,3,0,2
BRDA:37,3,1,2
BRDA:60,4,0,5
BRDA:60,4,1,1
BRF:10
BRH:9
end_of_record
TN:
SF:src/app/raw-materials/analytics-insights/_components/InsightPage/InsightChatBox.tsx
FN:26,(anonymous_8)
FN:30,(anonymous_9)
FN:30,(anonymous_10)
FN:39,(anonymous_11)
FN:45,(anonymous_12)
FN:119,(anonymous_13)
FN:163,(anonymous_14)
FN:170,(anonymous_15)
FNF:8
FNH:8
FNDA:6,(anonymous_8)
FNDA:1,(anonymous_9)
FNDA:1,(anonymous_10)
FNDA:4,(anonymous_11)
FNDA:3,(anonymous_12)
FNDA:4,(anonymous_13)
FNDA:1,(anonymous_14)
FNDA:1,(anonymous_15)
DA:3,2
DA:4,2
DA:16,2
DA:18,2
DA:19,2
DA:20,2
DA:21,2
DA:22,2
DA:23,2
DA:24,2
DA:26,2
DA:27,6
DA:28,6
DA:30,6
DA:31,1
DA:32,1
DA:35,6
DA:37,6
DA:39,6
DA:40,4
DA:41,2
DA:45,6
DA:47,3
DA:48,3
DA:50,0
DA:52,3
DA:53,0
DA:55,3
DA:56,3
DA:58,0
DA:62,6
DA:120,4
DA:163,1
DA:170,1
DA:196,2
LF:35
LH:32
BRDA:35,0,0,0
BRDA:35,0,1,6
BRDA:35,1,0,6
BRDA:35,1,1,6
BRDA:40,2,0,2
BRDA:52,3,0,0
BRDA:64,4,0,3
BRDA:64,4,1,3
BRDA:68,5,0,0
BRDA:68,5,1,3
BRDA:68,6,0,3
BRDA:68,6,1,3
BRDA:95,7,0,0
BRDA:95,7,1,3
BRDA:95,8,0,3
BRDA:95,8,1,3
BRDA:95,9,0,0
BRDA:95,9,1,3
BRDA:95,10,0,3
BRDA:95,10,1,3
BRDA:99,11,0,0
BRDA:99,11,1,3
BRDA:99,12,0,3
BRDA:99,12,1,3
BRDA:109,13,0,0
BRDA:109,13,1,3
BRDA:109,14,0,3
BRDA:109,14,1,3
BRDA:119,15,0,0
BRDA:119,15,1,3
BRDA:119,16,0,3
BRDA:119,16,1,3
BRDA:122,17,0,4
BRDA:122,17,1,3
BRDA:127,18,0,4
BRDA:127,18,1,0
BRDA:136,19,0,0
BRDA:136,19,1,4
BRDA:136,20,0,4
BRDA:136,20,1,4
BRDA:169,21,0,3
BRDA:169,21,1,2
BRF:42
BRH:32
end_of_record
TN:
SF:src/app/raw-materials/analytics-insights/_components/InsightPage/InsightList.tsx
FN:24,(anonymous_1)
FN:32,(anonymous_2)
FN:56,(anonymous_3)
FN:76,(anonymous_4)
FNF:4
FNH:3
FNDA:5,(anonymous_1)
FNDA:1,(anonymous_2)
FNDA:0,(anonymous_3)
FNDA:4,(anonymous_4)
DA:3,2
DA:4,2
DA:17,2
DA:18,2
DA:19,2
DA:22,2
DA:24,2
DA:30,5
DA:32,5
DA:33,1
DA:36,5
DA:56,0
DA:77,4
DA:97,2
LF:14
LH:13
BRDA:74,0,0,4
BRDA:74,0,1,1
BRF:2
BRH:2
end_of_record
TN:
SF:src/app/raw-materials/analytics-insights/_components/InsightPage/InsightPage.tsx
FN:11,(anonymous_8)
FN:16,(anonymous_9)
FN:16,(anonymous_10)
FN:21,(anonymous_11)
FN:26,(anonymous_12)
FN:26,(anonymous_13)
FN:31,(anonymous_14)
FN:31,(anonymous_15)
FN:36,(anonymous_16)
FN:36,(anonymous_17)
FN:42,(anonymous_18)
FNF:11
FNH:10
FNDA:4,(anonymous_8)
FNDA:1,(anonymous_9)
FNDA:1,(anonymous_10)
FNDA:0,(anonymous_11)
FNDA:1,(anonymous_12)
FNDA:1,(anonymous_13)
FNDA:1,(anonymous_14)
FNDA:1,(anonymous_15)
FNDA:1,(anonymous_16)
FNDA:1,(anonymous_17)
FNDA:1,(anonymous_18)
DA:3,1
DA:5,1
DA:8,1
DA:9,1
DA:11,1
DA:12,4
DA:13,4
DA:14,4
DA:16,4
DA:17,1
DA:18,1
DA:19,1
DA:20,1
DA:21,0
DA:22,0
DA:26,4
DA:27,1
DA:28,1
DA:31,4
DA:32,1
DA:33,1
DA:34,1
DA:35,1
DA:36,1
DA:38,0
DA:42,4
DA:43,1
DA:44,1
DA:47,4
DA:60,1
LF:30
LH:27
BRDA:20,0,0,0
BRDA:20,1,0,1
BRDA:20,1,1,0
BRDA:22,2,0,0
BRDA:36,3,0,1
BRDA:36,3,1,0
BRF:6
BRH:2
end_of_record
TN:
SF:src/app/raw-materials/browsing-batches/page.tsx
FN:18,BrowsingBatches
FN:35,(anonymous_9)
FN:43,(anonymous_10)
FN:43,(anonymous_11)
FN:54,(anonymous_12)
FN:55,(anonymous_13)
FN:78,(anonymous_14)
FNF:7
FNH:5
FNDA:1,BrowsingBatches
FNDA:0,(anonymous_9)
FNDA:1,(anonymous_10)
FNDA:1,(anonymous_11)
FNDA:1,(anonymous_12)
FNDA:1,(anonymous_13)
FNDA:0,(anonymous_14)
DA:3,1
DA:4,1
DA:6,1
DA:7,1
DA:8,1
DA:9,1
DA:12,1
DA:13,1
DA:14,1
DA:16,1
DA:18,1
DA:32,1
DA:33,1
DA:35,1
DA:39,0
DA:40,0
DA:43,1
DA:44,1
DA:51,1
DA:54,1
DA:55,1
DA:56,1
DA:60,1
DA:78,0
LF:24
LH:21
BRDA:76,0,0,0
BRDA:76,0,1,1
BRDA:76,1,0,1
BRDA:76,1,1,0
BRDA:76,2,0,1
BRDA:76,2,1,1
BRF:6
BRH:4
end_of_record
TN:
SF:src/app/raw-materials/browsing-batches/_components/ColumnHeader.tsx
FN:14,(anonymous_1)
FN:18,(anonymous_2)
FN:35,(anonymous_3)
FNF:3
FNH:3
FNDA:53,(anonymous_1)
FNDA:53,(anonymous_2)
FNDA:6,(anonymous_3)
DA:3,13
DA:6,13
DA:7,13
DA:14,13
DA:18,53
DA:19,53
DA:20,53
DA:22,4
DA:25,7
DA:28,42
DA:32,53
DA:35,6
DA:44,13
LF:13
LH:13
BRDA:20,0,0,4
BRDA:20,0,1,7
BRDA:20,0,2,42
BRF:3
BRH:3
end_of_record
TN:
SF:src/app/raw-materials/browsing-batches/_components/Columns.tsx
FN:18,(anonymous_1)
FN:23,(anonymous_2)
FN:43,(anonymous_3)
FN:46,(anonymous_4)
FN:52,(anonymous_5)
FN:57,(anonymous_6)
FN:65,(anonymous_7)
FN:68,(anonymous_8)
FN:77,(anonymous_9)
FN:80,(anonymous_10)
FN:89,(anonymous_11)
FN:92,(anonymous_12)
FN:98,(anonymous_13)
FN:103,(anonymous_14)
FN:111,(anonymous_15)
FN:114,(anonymous_16)
FN:119,(anonymous_17)
FN:124,(anonymous_18)
FN:129,(anonymous_19)
FN:132,(anonymous_20)
FN:141,(anonymous_21)
FN:146,(anonymous_22)
FNF:22
FNH:22
FNDA:4,(anonymous_1)
FNDA:4,(anonymous_2)
FNDA:4,(anonymous_3)
FNDA:4,(anonymous_4)
FNDA:4,(anonymous_5)
FNDA:4,(anonymous_6)
FNDA:2,(anonymous_7)
FNDA:2,(anonymous_8)
FNDA:2,(anonymous_9)
FNDA:2,(anonymous_10)
FNDA:2,(anonymous_11)
FNDA:2,(anonymous_12)
FNDA:2,(anonymous_13)
FNDA:2,(anonymous_14)
FNDA:2,(anonymous_15)
FNDA:2,(anonymous_16)
FNDA:2,(anonymous_17)
FNDA:2,(anonymous_18)
FNDA:2,(anonymous_19)
FNDA:2,(anonymous_20)
FNDA:2,(anonymous_21)
FNDA:2,(anonymous_22)
DA:3,4
DA:6,4
DA:7,4
DA:10,4
DA:12,4
DA:14,4
DA:16,4
DA:19,4
DA:24,4
DA:41,4
DA:44,4
DA:46,4
DA:50,4
DA:53,4
DA:57,4
DA:60,4
DA:66,2
DA:69,2
DA:78,2
DA:81,2
DA:90,2
DA:92,2
DA:99,2
DA:104,2
DA:112,2
DA:114,2
DA:120,2
DA:124,2
DA:130,2
DA:133,2
DA:142,2
DA:146,2
DA:152,4
LF:33
LH:33
BRDA:26,0,0,3
BRDA:26,0,1,1
BRDA:28,1,0,3
BRDA:28,1,1,1
BRDA:30,2,0,3
BRDA:30,2,1,1
BRDA:31,3,0,3
BRDA:31,3,1,1
BRDA:35,4,0,3
BRDA:35,4,1,1
BRDA:104,5,0,2
BRDA:104,5,1,0
BRDA:133,6,0,2
BRDA:133,6,1,0
BRF:14
BRH:12
end_of_record
TN:
SF:src/app/raw-materials/browsing-materials/page.tsx
FN:18,(anonymous_8)
FN:35,(anonymous_9)
FN:40,(anonymous_10)
FN:40,(anonymous_11)
FN:52,(anonymous_12)
FN:53,(anonymous_13)
FN:76,(anonymous_14)
FNF:7
FNH:6
FNDA:3,(anonymous_8)
FNDA:0,(anonymous_9)
FNDA:2,(anonymous_10)
FNDA:2,(anonymous_11)
FNDA:2,(anonymous_12)
FNDA:2,(anonymous_13)
FNDA:7,(anonymous_14)
DA:3,1
DA:4,1
DA:6,1
DA:7,1
DA:8,1
DA:9,1
DA:12,1
DA:13,1
DA:14,1
DA:16,1
DA:18,1
DA:19,3
DA:33,3
DA:35,3
DA:36,0
DA:37,0
DA:40,3
DA:41,2
DA:49,2
DA:52,3
DA:53,2
DA:54,2
DA:58,3
DA:76,7
DA:99,1
LF:25
LH:23
BRDA:74,0,0,1
BRDA:74,0,1,2
BRDA:74,1,0,2
BRDA:74,1,1,1
BRDA:74,2,0,3
BRDA:74,2,1,3
BRF:6
BRH:6
end_of_record
TN:
SF:src/app/raw-materials/browsing-materials/_components/ColumnHeader.tsx
FNF:0
FNH:0
DA:1,1
DA:3,1
LF:2
LH:2
BRF:0
BRH:0
end_of_record
TN:
SF:src/app/raw-materials/browsing-materials/_components/Columns.tsx
FN:14,(anonymous_1)
FN:24,(anonymous_2)
FN:29,(anonymous_3)
FN:35,(anonymous_4)
FN:38,(anonymous_5)
FN:43,(anonymous_6)
FN:46,(anonymous_7)
FN:53,(anonymous_8)
FN:56,(anonymous_9)
FN:62,(anonymous_10)
FN:65,(anonymous_11)
FN:71,(anonymous_12)
FN:74,(anonymous_13)
FN:88,(anonymous_14)
FN:93,(anonymous_15)
FN:116,(anonymous_16)
FN:119,(anonymous_17)
FN:132,(anonymous_18)
FN:135,(anonymous_19)
FNF:19
FNH:19
FNDA:18,(anonymous_1)
FNDA:6,(anonymous_2)
FNDA:9,(anonymous_3)
FNDA:6,(anonymous_4)
FNDA:9,(anonymous_5)
FNDA:6,(anonymous_6)
FNDA:9,(anonymous_7)
FNDA:6,(anonymous_8)
FNDA:9,(anonymous_9)
FNDA:6,(anonymous_10)
FNDA:9,(anonymous_11)
FNDA:6,(anonymous_12)
FNDA:9,(anonymous_13)
FNDA:6,(anonymous_14)
FNDA:9,(anonymous_15)
FNDA:6,(anonymous_16)
FNDA:9,(anonymous_17)
FNDA:6,(anonymous_18)
FNDA:9,(anonymous_19)
DA:3,1
DA:6,1
DA:7,1
DA:8,1
DA:10,1
DA:12,1
DA:14,1
DA:15,18
DA:16,16
DA:17,14
DA:18,12
DA:21,1
DA:25,6
DA:29,9
DA:36,6
DA:38,9
DA:44,6
DA:46,9
DA:54,6
DA:56,9
DA:63,6
DA:65,9
DA:72,6
DA:75,9
DA:89,6
DA:94,9
DA:117,6
DA:120,9
DA:121,8
DA:122,7
DA:124,1
DA:125,1
DA:133,6
DA:136,9
DA:137,8
DA:138,7
DA:140,1
DA:141,1
DA:148,1
LF:39
LH:39
BRDA:15,0,0,2
BRDA:16,1,0,2
BRDA:17,2,0,2
BRDA:99,3,0,8
BRDA:99,3,1,1
BRDA:101,4,0,8
BRDA:101,4,1,1
BRDA:102,5,0,8
BRDA:102,5,1,1
BRDA:104,6,0,8
BRDA:104,6,1,1
BRDA:120,7,0,8
BRDA:121,8,0,7
BRDA:124,9,0,1
BRDA:124,9,1,1
BRDA:136,10,0,8
BRDA:137,11,0,7
BRDA:140,12,0,1
BRDA:140,12,1,1
BRF:19
BRH:19
end_of_record
TN:
SF:src/app/raw-materials/overview/_components/Charts.tsx
FN:12,(anonymous_1)
FN:24,(anonymous_2)
FN:38,(anonymous_3)
FN:53,(anonymous_4)
FN:54,(anonymous_5)
FN:59,(anonymous_6)
FNF:6
FNH:4
FNDA:0,(anonymous_1)
FNDA:0,(anonymous_2)
FNDA:1,(anonymous_3)
FNDA:1,(anonymous_4)
FNDA:2,(anonymous_5)
FNDA:4,(anonymous_6)
DA:7,1
DA:8,1
DA:9,1
DA:10,1
DA:12,1
DA:24,1
DA:38,1
DA:53,1
DA:54,1
DA:59,4
DA:64,2
DA:67,1
LF:12
LH:12
BRDA:41,0,0,1
BRDA:41,0,1,0
BRDA:41,1,0,0
BRDA:41,1,1,1
BRDA:41,2,0,1
BRDA:41,2,1,1
BRDA:59,3,0,0
BRDA:59,3,1,2
BRDA:59,4,0,2
BRDA:59,4,1,2
BRDA:61,5,0,4
BRDA:61,5,1,0
BRDA:72,6,0,1
BRDA:72,6,1,0
BRF:14
BRH:9
end_of_record
TN:
SF:src/app/raw-materials/overview/_components/Columns.tsx
FN:17,(anonymous_1)
FN:22,(anonymous_2)
FN:45,(anonymous_3)
FN:48,(anonymous_4)
FN:53,(anonymous_5)
FN:58,(anonymous_6)
FN:84,(anonymous_7)
FN:87,(anonymous_8)
FN:110,(anonymous_9)
FN:113,(anonymous_10)
FN:118,(anonymous_11)
FN:123,(anonymous_12)
FN:135,(anonymous_13)
FN:140,(anonymous_14)
FN:145,(anonymous_15)
FN:148,(anonymous_16)
FNF:16
FNH:16
FNDA:1,(anonymous_1)
FNDA:1,(anonymous_2)
FNDA:1,(anonymous_3)
FNDA:1,(anonymous_4)
FNDA:1,(anonymous_5)
FNDA:1,(anonymous_6)
FNDA:1,(anonymous_7)
FNDA:1,(anonymous_8)
FNDA:1,(anonymous_9)
FNDA:1,(anonymous_10)
FNDA:1,(anonymous_11)
FNDA:1,(anonymous_12)
FNDA:1,(anonymous_13)
FNDA:1,(anonymous_14)
FNDA:1,(anonymous_15)
FNDA:1,(anonymous_16)
DA:3,2
DA:6,2
DA:7,2
DA:10,2
DA:12,2
DA:14,2
DA:18,1
DA:23,1
DA:24,1
DA:26,1
DA:28,1
DA:46,1
DA:48,1
DA:54,1
DA:59,1
DA:60,1
DA:62,1
DA:85,1
DA:88,1
DA:89,1
DA:90,0
DA:95,1
DA:100,0
DA:106,2
DA:111,1
DA:113,1
DA:119,1
DA:124,1
DA:136,1
DA:140,1
DA:146,1
DA:149,1
LF:32
LH:30
BRDA:23,0,0,1
BRDA:23,0,1,0
BRDA:26,1,0,0
BRDA:29,2,0,0
BRDA:29,2,1,1
BRDA:60,3,0,0
BRDA:60,4,0,1
BRDA:60,4,1,1
BRDA:68,5,0,1
BRDA:68,5,1,0
BRDA:70,6,0,1
BRDA:70,6,1,0
BRDA:72,7,0,1
BRDA:72,7,1,0
BRDA:75,8,0,1
BRDA:75,8,1,0
BRDA:88,9,0,1
BRDA:89,10,0,0
BRDA:95,11,0,1
BRDA:95,11,1,1
BRDA:124,12,0,1
BRDA:124,12,1,0
BRDA:149,13,0,0
BRDA:149,13,1,1
BRF:24
BRH:13
end_of_record
TN:
SF:src/app/raw-materials/overview/_components/Metrics.tsx
FN:7,(anonymous_0)
FN:9,(anonymous_1)
FN:9,(anonymous_2)
FNF:3
FNH:3
FNDA:1,(anonymous_0)
FNDA:6,(anonymous_1)
FNDA:12,(anonymous_2)
DA:3,1
DA:7,1
DA:8,1
DA:9,12
DA:10,1
DA:44,1
LF:6
LH:6
BRDA:16,0,0,0
BRDA:16,0,1,1
BRDA:16,1,0,1
BRDA:16,1,1,1
BRDA:17,2,0,0
BRDA:17,2,1,1
BRDA:17,3,0,1
BRDA:17,3,1,1
BRDA:23,4,0,0
BRDA:23,4,1,1
BRDA:23,5,0,1
BRDA:23,5,1,1
BRDA:24,6,0,0
BRDA:24,6,1,1
BRDA:24,7,0,1
BRDA:24,7,1,1
BRDA:37,8,0,0
BRDA:37,8,1,1
BRDA:37,9,0,1
BRDA:37,9,1,1
BRDA:38,10,0,0
BRDA:38,10,1,1
BRDA:38,11,0,1
BRDA:38,11,1,1
BRF:24
BRH:18
end_of_record
TN:
SF:src/app/raw-materials/overview/_components/Tables.tsx
FN:14,(anonymous_1)
FN:18,(anonymous_2)
FN:33,(anonymous_3)
FN:36,(anonymous_4)
FN:48,(anonymous_5)
FN:59,(anonymous_6)
FN:62,(anonymous_7)
FN:74,(anonymous_8)
FNF:8
FNH:7
FNDA:6,(anonymous_1)
FNDA:0,(anonymous_2)
FNDA:3,(anonymous_3)
FNDA:1,(anonymous_4)
FNDA:8,(anonymous_5)
FNDA:3,(anonymous_6)
FNDA:1,(anonymous_7)
FNDA:8,(anonymous_8)
DA:3,1
DA:6,1
DA:8,1
DA:10,1
DA:12,1
DA:14,1
DA:15,6
DA:16,6
DA:18,6
DA:19,0
DA:22,6
DA:33,1
DA:34,3
DA:36,3
DA:37,1
DA:38,1
DA:41,3
DA:48,8
DA:59,1
DA:60,3
DA:62,3
DA:63,1
DA:64,1
DA:67,3
DA:74,8
LF:25
LH:24
BRDA:45,0,0,2
BRDA:45,0,1,1
BRDA:71,1,0,2
BRDA:71,1,1,1
BRF:4
BRH:4
end_of_record
TN:
SF:src/components/BasicTable.tsx
FN:47,(anonymous_1)
FN:65,(anonymous_2)
FN:69,(anonymous_3)
FN:77,(anonymous_4)
FN:118,(anonymous_5)
FN:133,(anonymous_6)
FN:134,(anonymous_7)
FN:145,(anonymous_8)
FN:169,(anonymous_9)
FN:181,(anonymous_10)
FN:187,(anonymous_11)
FN:192,(anonymous_12)
FN:212,(anonymous_13)
FN:226,(anonymous_14)
FN:242,(anonymous_15)
FNF:15
FNH:10
FNDA:3,(anonymous_1)
FNDA:1,(anonymous_2)
FNDA:3,(anonymous_3)
FNDA:3,(anonymous_4)
FNDA:0,(anonymous_5)
FNDA:15,(anonymous_6)
FNDA:14,(anonymous_7)
FNDA:0,(anonymous_8)
FNDA:15,(anonymous_9)
FNDA:3,(anonymous_10)
FNDA:15,(anonymous_11)
FNDA:1,(anonymous_12)
FNDA:0,(anonymous_13)
FNDA:0,(anonymous_14)
FNDA:0,(anonymous_15)
DA:3,4
DA:4,4
DA:21,4
DA:25,4
DA:26,4
DA:27,4
DA:28,4
DA:29,4
DA:30,4
DA:47,4
DA:63,3
DA:65,3
DA:66,1
DA:69,3
DA:70,3
DA:71,3
DA:72,3
DA:73,3
DA:74,3
DA:77,3
DA:78,3
DA:81,3
DA:95,3
DA:97,3
DA:118,0
DA:133,15
DA:135,14
DA:146,0
DA:170,15
DA:182,3
DA:188,15
DA:192,1
DA:212,0
DA:226,0
DA:242,0
DA:256,4
LF:36
LH:31
BRDA:66,0,0,1
BRDA:71,1,0,0
BRDA:71,1,1,3
BRDA:71,2,0,3
BRDA:71,2,1,3
BRDA:71,3,0,3
BRDA:71,3,1,0
BRDA:71,4,0,3
BRDA:71,4,1,3
BRDA:72,5,0,0
BRDA:72,5,1,3
BRDA:72,6,0,3
BRDA:72,6,1,3
BRDA:72,7,0,3
BRDA:72,7,1,0
BRDA:72,8,0,3
BRDA:72,8,1,3
BRDA:99,9,0,3
BRDA:99,9,1,3
BRDA:149,10,0,14
BRDA:149,10,1,6
BRDA:171,11,0,0
BRDA:171,11,1,15
BRDA:184,12,0,3
BRDA:184,12,1,0
BRDA:203,13,0,3
BRDA:203,13,1,3
BRDA:203,13,2,0
BRF:28
BRH:21
end_of_record
TN:
SF:src/components/BreadCrumb.tsx
FN:14,(anonymous_1)
FN:22,(anonymous_2)
FN:32,(anonymous_3)
FN:36,(anonymous_4)
FN:54,(anonymous_5)
FNF:5
FNH:5
FNDA:13,(anonymous_1)
FNDA:23,(anonymous_2)
FNDA:3,(anonymous_3)
FNDA:9,(anonymous_4)
FNDA:23,(anonymous_5)
DA:3,11
DA:4,11
DA:5,11
DA:6,11
DA:14,11
DA:17,13
DA:18,13
DA:19,13
DA:20,13
DA:22,13
DA:23,23
DA:24,2
DA:26,21
DA:27,6
DA:29,15
DA:32,13
DA:33,3
DA:34,3
DA:37,9
DA:47,13
DA:55,23
DA:56,23
DA:59,23
DA:60,23
DA:80,11
LF:25
LH:25
BRDA:15,0,0,2
BRDA:19,1,0,11
BRDA:19,1,1,2
BRDA:23,2,0,2
BRDA:26,3,0,6
BRDA:49,4,0,3
BRDA:49,4,1,10
BRDA:51,5,0,10
BRDA:51,5,1,2
BRDA:52,6,0,2
BRDA:52,6,1,2
BRDA:56,7,0,0
BRDA:56,7,1,23
BRDA:64,8,0,23
BRDA:64,8,1,10
BRDA:68,9,0,23
BRDA:68,9,1,13
BRF:17
BRH:16
end_of_record
TN:
SF:src/components/HotJar.tsx
FN:10,(anonymous_1)
FNF:1
FNH:1
FNDA:2,(anonymous_1)
DA:7,1
DA:8,1
DA:10,1
DA:11,2
DA:13,2
DA:16,1
LF:6
LH:6
BRF:0
BRH:0
end_of_record
TN:
SF:src/components/Chart/BarChart.tsx
FN:14,(anonymous_0)
FNF:1
FNH:1
FNDA:3,(anonymous_0)
DA:2,2
DA:4,2
DA:14,2
DA:17,3
DA:18,3
LF:5
LH:5
BRF:0
BRH:0
end_of_record
TN:
SF:src/components/Chart/ChartAxis.tsx
FN:3,(anonymous_0)
FN:18,(anonymous_1)
FNF:2
FNH:2
FNDA:2,(anonymous_0)
FNDA:2,(anonymous_1)
DA:3,6
DA:6,2
DA:7,2
DA:18,6
DA:21,2
LF:5
LH:5
BRF:0
BRH:0
end_of_record
TN:
SF:src/components/Chart/HeatMapChart.tsx
FN:12,(anonymous_0)
FNF:1
FNH:1
FNDA:4,(anonymous_0)
DA:2,1
DA:4,1
DA:12,1
DA:16,4
DA:17,4
DA:101,1
LF:6
LH:6
BRF:0
BRH:0
end_of_record
TN:
SF:src/components/Chart/LineChart.tsx
FN:16,(anonymous_0)
FN:21,(anonymous_1)
FN:21,(anonymous_2)
FN:22,(anonymous_3)
FN:22,(anonymous_4)
FNF:5
FNH:5
FNDA:3,(anonymous_0)
FNDA:3,(anonymous_1)
FNDA:6,(anonymous_2)
FNDA:3,(anonymous_3)
FNDA:6,(anonymous_4)
DA:2,2
DA:4,2
DA:16,2
DA:19,3
DA:21,6
DA:22,6
DA:23,3
DA:24,3
DA:25,3
DA:27,3
LF:10
LH:10
BRDA:83,0,0,0
BRDA:83,0,1,3
BRDA:83,1,0,3
BRDA:83,1,1,3
BRDA:90,2,0,0
BRDA:90,2,1,3
BRDA:90,3,0,3
BRDA:90,3,1,3
BRF:8
BRH:6
end_of_record
TN:
SF:src/components/ChartCard/index.tsx
FN:12,(anonymous_0)
FNF:1
FNH:1
FNDA:6,(anonymous_0)
DA:2,5
DA:12,5
DA:15,6
DA:26,5
LF:4
LH:4
BRF:0
BRH:0
end_of_record
TN:
SF:src/components/DateRangePicker/index.tsx
FN:14,(anonymous_0)
FN:15,(anonymous_1)
FN:27,(anonymous_2)
FN:35,(anonymous_3)
FN:40,(anonymous_4)
FNF:5
FNH:0
FNDA:0,(anonymous_0)
FNDA:0,(anonymous_1)
FNDA:0,(anonymous_2)
FNDA:0,(anonymous_3)
FNDA:0,(anonymous_4)
DA:3,1
DA:6,1
DA:7,1
DA:14,1
DA:15,0
DA:16,0
DA:17,0
DA:20,0
DA:25,0
DA:27,0
DA:28,0
DA:29,0
DA:35,0
DA:36,0
DA:37,0
DA:40,0
DA:41,0
DA:42,0
DA:49,0
DA:65,1
LF:20
LH:5
BRDA:37,0,0,0
BRDA:41,1,0,0
BRF:2
BRH:0
end_of_record
TN:
SF:src/components/ExtractedData/ExtractedDataJson.tsx
FN:9,(anonymous_0)
FNF:1
FNH:1
FNDA:10,(anonymous_0)
DA:9,2
DA:10,10
LF:2
LH:2
BRF:0
BRH:0
end_of_record
TN:
SF:src/components/Loading/index.tsx
FN:1,(anonymous_0)
FNF:1
FNH:1
FNDA:4,(anonymous_0)
DA:1,1
DA:2,4
DA:21,1
LF:3
LH:3
BRF:0
BRH:0
end_of_record
TN:
SF:src/components/MetricCard/index.tsx
FN:20,(anonymous_1)
FN:28,(anonymous_2)
FN:35,(anonymous_3)
FN:65,(anonymous_4)
FN:66,(anonymous_5)
FN:69,(anonymous_6)
FNF:6
FNH:5
FNDA:8,(anonymous_1)
FNDA:9,(anonymous_2)
FNDA:12,(anonymous_3)
FNDA:9,(anonymous_4)
FNDA:0,(anonymous_5)
FNDA:9,(anonymous_6)
DA:3,3
DA:4,3
DA:9,3
DA:10,3
DA:20,3
DA:21,8
DA:22,8
DA:25,0
DA:28,3
DA:35,9
DA:36,12
DA:37,8
DA:38,4
DA:39,0
DA:41,4
DA:44,9
DA:63,9
DA:65,9
DA:66,9
DA:67,0
DA:69,9
DA:72,9
LF:22
LH:19
BRDA:21,0,0,8
BRDA:36,1,0,8
BRDA:37,2,0,4
BRDA:38,3,0,4
BRDA:80,4,0,1
BRDA:80,4,1,8
BRDA:80,5,0,9
BRDA:80,5,1,8
BRDA:85,6,0,3
BRDA:85,6,1,6
BRDA:85,7,0,9
BRDA:85,7,1,7
BRF:12
BRH:12
end_of_record
TN:
SF:src/components/Nav/BreadcrumbNav.tsx
FN:12,BreadcrumbNav
FN:21,(anonymous_1)
FNF:2
FNH:2
FNDA:3,BreadcrumbNav
FNDA:6,(anonymous_1)
DA:3,1
DA:12,1
DA:13,3
DA:22,6
DA:23,6
DA:25,6
DA:26,3
DA:27,3
DA:28,0
DA:30,3
DA:33,6
LF:11
LH:10
BRDA:25,0,0,3
BRDA:25,0,1,3
BRDA:27,1,0,0
BRDA:27,1,1,3
BRF:4
BRH:3
end_of_record
TN:
SF:src/components/Nav/NavSideBar.tsx
FN:29,(anonymous_1)
FN:78,NavSideBar
FN:82,(anonymous_3)
FN:86,(anonymous_4)
FN:110,(anonymous_5)
FN:131,(anonymous_6)
FNF:6
FNH:5
FNDA:32,(anonymous_1)
FNDA:14,NavSideBar
FNDA:0,(anonymous_3)
FNDA:26,(anonymous_4)
FNDA:12,(anonymous_5)
FNDA:26,(anonymous_6)
DA:3,6
DA:4,6
DA:5,6
DA:6,6
DA:8,6
DA:9,6
DA:29,6
DA:30,32
DA:32,32
DA:78,6
DA:79,14
DA:80,14
DA:82,14
DA:83,0
DA:86,26
DA:111,12
DA:113,12
DA:126,14
DA:132,26
DA:134,26
LF:20
LH:19
BRDA:34,0,0,1
BRDA:34,0,1,31
BRDA:39,1,0,32
BRDA:39,1,1,3
BRDA:41,2,0,3
BRDA:41,2,1,29
BRDA:52,3,0,32
BRDA:52,3,1,1
BRDA:57,4,0,32
BRDA:57,4,1,6
BRDA:87,5,0,6
BRDA:87,5,1,20
BRDA:87,6,0,20
BRDA:87,6,1,6
BRDA:87,7,0,26
BRDA:87,7,1,26
BRDA:93,8,0,5
BRDA:93,8,1,1
BRDA:93,9,0,6
BRDA:93,9,1,6
BRDA:97,10,0,6
BRDA:97,10,1,0
BRDA:104,11,0,6
BRDA:104,11,1,0
BRDA:110,12,0,6
BRDA:110,12,1,6
BRF:26
BRH:24
end_of_record
TN:
SF:src/components/Nav/Navbar.tsx
FN:8,Navbar
FN:11,(anonymous_2)
FN:24,(anonymous_3)
FN:56,(anonymous_4)
FNF:4
FNH:4
FNDA:2,Navbar
FNDA:4,(anonymous_2)
FNDA:4,(anonymous_3)
FNDA:4,(anonymous_4)
DA:3,2
DA:4,2
DA:6,2
DA:8,2
DA:9,2
DA:11,2
DA:12,4
DA:13,0
DA:15,4
DA:16,2
DA:18,2
DA:19,2
DA:21,0
DA:24,2
DA:25,4
DA:27,4
DA:28,0
DA:30,4
DA:32,4
DA:44,2
DA:56,4
LF:21
LH:18
BRDA:12,0,0,0
BRDA:15,1,0,2
BRDA:18,2,0,2
BRDA:27,3,0,0
BRDA:27,3,1,4
BRF:5
BRH:3
end_of_record
TN:
SF:src/components/OriginalDocumentViewer/DocumentZoomController.tsx
FN:38,(anonymous_8)
FN:44,(anonymous_9)
FN:52,(anonymous_10)
FN:53,(anonymous_11)
FN:63,(anonymous_12)
FN:68,onDocumentLoadSuccess
FN:76,(anonymous_14)
FN:82,(anonymous_15)
FN:85,(anonymous_16)
FN:89,(anonymous_17)
FN:89,(anonymous_18)
FN:92,(anonymous_19)
FN:139,(anonymous_20)
FN:162,(anonymous_21)
FN:180,(anonymous_22)
FN:199,(anonymous_23)
FN:206,(anonymous_24)
FNF:17
FNH:10
FNDA:27,(anonymous_8)
FNDA:0,(anonymous_9)
FNDA:12,(anonymous_10)
FNDA:12,(anonymous_11)
FNDA:12,(anonymous_12)
FNDA:0,onDocumentLoadSuccess
FNDA:0,(anonymous_14)
FNDA:0,(anonymous_15)
FNDA:0,(anonymous_16)
FNDA:1,(anonymous_17)
FNDA:1,(anonymous_18)
FNDA:0,(anonymous_19)
FNDA:1,(anonymous_20)
FNDA:27,(anonymous_21)
FNDA:0,(anonymous_22)
FNDA:1,(anonymous_23)
FNDA:2,(anonymous_24)
DA:3,4
DA:4,4
DA:5,4
DA:6,4
DA:11,4
DA:15,4
DA:16,4
DA:17,4
DA:18,4
DA:19,4
DA:22,4
DA:24,4
DA:26,4
DA:38,4
DA:41,27
DA:42,27
DA:44,27
DA:45,0
DA:46,0
DA:50,27
DA:51,27
DA:52,27
DA:53,12
DA:54,12
DA:55,12
DA:57,0
DA:61,12
DA:62,12
DA:63,12
DA:64,12
DA:73,0
DA:76,27
DA:77,0
DA:81,27
DA:82,27
DA:83,0
DA:85,27
DA:86,0
DA:89,27
DA:90,1
DA:91,0
DA:92,0
DA:93,0
DA:94,0
DA:95,0
DA:96,0
DA:97,0
DA:98,0
DA:101,0
DA:102,0
DA:104,1
DA:105,1
DA:106,1
DA:107,0
DA:108,0
DA:109,0
DA:110,0
DA:111,0
DA:112,0
DA:113,0
DA:116,0
DA:117,0
DA:119,1
DA:125,27
DA:139,1
DA:163,27
DA:181,0
DA:199,1
DA:206,2
DA:227,4
LF:70
LH:43
BRDA:39,0,0,25
BRDA:45,1,0,0
BRDA:54,2,0,12
BRDA:54,2,1,0
BRDA:90,3,0,0
BRDA:94,4,0,0
BRDA:94,4,1,0
BRDA:94,5,0,0
BRDA:94,5,1,0
BRDA:94,6,0,0
BRDA:94,6,1,0
BRDA:109,7,0,0
BRDA:109,7,1,0
BRDA:109,8,0,0
BRDA:109,8,1,0
BRDA:109,9,0,0
BRDA:109,9,1,0
BRDA:109,10,0,0
BRDA:109,10,1,0
BRDA:130,11,0,2
BRDA:130,11,1,25
BRDA:165,12,0,0
BRDA:165,12,1,27
BRDA:180,13,0,27
BRDA:180,13,1,27
BRDA:191,14,0,25
BRDA:191,14,1,2
BRF:27
BRH:9
end_of_record
TN:
SF:src/components/OriginalDocumentViewer/HighLightRegion.tsx
FN:13,(anonymous_1)
FN:20,transformObject
FNF:2
FNH:2
FNDA:17,(anonymous_1)
FNDA:17,transformObject
DA:3,4
DA:7,4
DA:13,4
DA:21,17
DA:29,17
DA:30,17
DA:32,17
DA:34,17
LF:8
LH:8
BRDA:22,0,0,17
BRDA:22,0,1,0
BRDA:23,1,0,17
BRDA:23,1,1,0
BRDA:24,2,0,17
BRDA:24,2,1,0
BRDA:25,3,0,17
BRDA:25,3,1,0
BRDA:30,4,0,17
BRDA:30,4,1,0
BRDA:30,5,0,17
BRDA:30,5,1,17
BRDA:35,6,0,17
BRDA:35,6,1,1
BRF:14
BRH:9
end_of_record
TN:
SF:src/components/OriginalDocumentViewer/HighLightRegionCtx.tsx
FN:14,(anonymous_1)
FN:15,(anonymous_2)
FNF:2
FNH:2
FNDA:1,(anonymous_1)
FNDA:1,(anonymous_2)
DA:3,5
DA:12,5
DA:14,1
DA:15,1
LF:4
LH:4
BRF:0
BRH:0
end_of_record
TN:
SF:src/components/Skeleton/MetricCardSkeleton.tsx
FN:4,MetricCardSkeleton
FNF:1
FNH:1
FNDA:1,MetricCardSkeleton
DA:2,1
DA:4,1
DA:5,1
LF:3
LH:3
BRF:0
BRH:0
end_of_record
TN:
SF:src/components/Skeleton/TableSkeleton.tsx
FN:4,(anonymous_0)
FN:10,(anonymous_1)
FN:18,(anonymous_2)
FN:21,(anonymous_3)
FNF:4
FNH:4
FNDA:26,(anonymous_0)
FNDA:85,(anonymous_1)
FNDA:92,(anonymous_2)
FNDA:474,(anonymous_3)
DA:2,6
DA:4,6
DA:5,26
DA:7,26
DA:11,85
DA:19,92
DA:22,474
DA:37,6
LF:8
LH:8
BRF:0
BRH:0
end_of_record
TN:
SF:src/components/Toast/ToastContainerShell.tsx
FN:5,ToastContainerShell
FNF:1
FNH:1
FNDA:1,ToastContainerShell
DA:1,2
DA:3,2
DA:5,2
DA:6,1
LF:4
LH:4
BRF:0
BRH:0
end_of_record
TN:
SF:src/components/Toast/ToastDownload.tsx
FN:10,(anonymous_1)
FN:24,(anonymous_2)
FNF:2
FNH:2
FNDA:2,(anonymous_1)
FNDA:1,(anonymous_2)
DA:3,9
DA:10,9
DA:11,2
DA:24,1
DA:33,9
LF:5
LH:5
BRF:0
BRH:0
end_of_record
TN:
SF:src/components/Toast/ToastDownloadMultiple.tsx
FN:10,(anonymous_1)
FN:24,(anonymous_2)
FNF:2
FNH:2
FNDA:2,(anonymous_1)
FNDA:1,(anonymous_2)
DA:3,2
DA:10,2
DA:11,2
DA:24,1
DA:33,2
LF:5
LH:5
BRF:0
BRH:0
end_of_record
TN:
SF:src/components/Tooltip/FormToolTip.tsx
FN:23,(anonymous_8)
FN:34,(anonymous_9)
FN:93,(anonymous_10)
FN:109,(anonymous_11)
FN:112,(anonymous_12)
FN:112,(anonymous_13)
FN:138,(anonymous_14)
FN:150,(anonymous_15)
FN:150,(anonymous_16)
FNF:9
FNH:5
FNDA:3,(anonymous_8)
FNDA:7,(anonymous_9)
FNDA:138,(anonymous_10)
FNDA:66,(anonymous_11)
FNDA:0,(anonymous_12)
FNDA:0,(anonymous_13)
FNDA:66,(anonymous_14)
FNDA:0,(anonymous_15)
FNDA:0,(anonymous_16)
DA:1,5
DA:2,5
DA:3,5
DA:5,5
DA:6,5
DA:7,5
DA:8,5
DA:9,5
DA:10,5
DA:23,5
DA:32,3
DA:35,7
DA:93,5
DA:99,138
DA:100,138
DA:101,138
DA:109,138
DA:110,66
DA:112,0
DA:113,0
DA:114,0
DA:138,138
DA:139,66
DA:140,1
DA:142,65
DA:145,138
DA:150,0
DA:151,0
DA:152,0
DA:180,5
DA:182,5
LF:31
LH:25
BRDA:40,0,0,3
BRDA:40,0,1,4
BRDA:50,1,0,3
BRDA:50,1,1,4
BRDA:51,2,0,7
BRDA:51,2,1,0
BRDA:68,3,0,2
BRDA:68,3,1,1
BRDA:125,4,0,0
BRDA:125,4,1,66
BRDA:139,5,0,1
BRDA:140,6,0,1
BRDA:140,6,1,1
BRDA:147,7,0,72
BRDA:147,7,1,66
BRF:15
BRH:13
end_of_record
TN:
SF:src/hooks/useClientTable.ts
FN:10,(anonymous_0)
FNF:1
FNH:1
FNDA:12,(anonymous_0)
DA:1,8
DA:2,8
DA:10,8
DA:19,12
DA:20,12
DA:22,12
DA:33,12
LF:7
LH:7
BRF:0
BRH:0
end_of_record
TN:
SF:src/hooks/useTable.ts
FN:11,(anonymous_0)
FNF:1
FNH:1
FNDA:9,(anonymous_0)
DA:1,12
DA:2,12
DA:11,12
DA:20,9
DA:21,9
DA:22,9
DA:23,9
DA:24,9
DA:25,9
DA:29,9
DA:30,9
DA:32,9
DA:55,9
LF:13
LH:13
BRF:0
BRH:0
end_of_record
TN:
SF:src/hooks/useTableTool.ts
FN:7,(anonymous_0)
FNF:1
FNH:1
FNDA:4,(anonymous_0)
DA:3,2
DA:7,2
DA:8,4
DA:9,4
DA:10,4
DA:11,4
DA:12,4
DA:13,4
DA:14,4
LF:9
LH:9
BRF:0
BRH:0
end_of_record
TN:
SF:src/lib/auth-client.ts
FN:10,(anonymous_1)
FNF:1
FNH:1
FNDA:1,(anonymous_1)
DA:1,5
DA:4,5
DA:6,5
DA:10,5
LF:4
LH:4
BRF:0
BRH:0
end_of_record
TN:
SF:src/lib/auth.ts
FN:8,(anonymous_8)
FN:9,(anonymous_9)
FN:10,(anonymous_10)
FN:16,(anonymous_11)
FN:39,(anonymous_12)
FN:60,(anonymous_13)
FNF:6
FNH:5
FNDA:4,(anonymous_8)
FNDA:3,(anonymous_9)
FNDA:3,(anonymous_10)
FNDA:3,(anonymous_11)
FNDA:1,(anonymous_12)
FNDA:0,(anonymous_13)
DA:1,5
DA:3,5
DA:5,5
DA:6,5
DA:8,5
DA:9,5
DA:10,5
DA:16,3
DA:17,3
DA:18,1
DA:26,2
DA:27,1
DA:29,1
DA:37,1
DA:39,5
DA:41,5
DA:60,5
DA:61,0
DA:62,0
DA:64,0
LF:20
LH:17
BRDA:17,0,0,1
BRDA:26,1,0,1
BRDA:44,2,0,5
BRDA:44,2,1,5
BRDA:45,3,0,5
BRDA:45,3,1,5
BRDA:61,4,0,0
BRF:7
BRH:6
end_of_record
TN:
SF:src/lib/env.ts
FN:2,isBrowser
FN:10,env
FNF:2
FNH:2
FNDA:15,isBrowser
FNDA:15,env
DA:3,15
DA:10,10
DA:11,15
DA:12,0
DA:15,15
DA:17,10
LF:6
LH:5
BRDA:3,0,0,15
BRDA:3,0,1,15
BRDA:11,1,0,0
BRDA:12,2,0,0
BRDA:12,2,1,0
BRDA:15,3,0,15
BRDA:15,3,1,4
BRF:7
BRH:4
end_of_record
TN:
SF:src/lib/http.ts
FN:9,(anonymous_8)
FN:9,(anonymous_9)
FNF:2
FNH:2
FNDA:2,(anonymous_8)
FNDA:2,(anonymous_9)
DA:1,8
DA:3,8
DA:5,8
DA:7,8
DA:8,8
DA:9,8
DA:10,2
DA:11,2
DA:12,1
DA:14,1
DA:17,8
DA:25,8
LF:12
LH:12
BRDA:11,0,0,1
BRF:1
BRH:1
end_of_record
TN:
SF:src/lib/oauth.ts
FN:12,(anonymous_1)
FNF:1
FNH:1
FNDA:1,(anonymous_1)
DA:1,5
DA:5,5
DA:8,5
DA:12,5
LF:4
LH:4
BRDA:17,0,0,1
BRDA:17,0,1,0
BRF:2
BRH:1
end_of_record
TN:
SF:src/lib/utils.ts
FN:5,cn
FN:9,download
FN:22,(anonymous_2)
FN:30,(anonymous_3)
FN:34,(anonymous_4)
FN:37,(anonymous_5)
FN:39,(anonymous_6)
FN:53,(anonymous_7)
FN:55,(anonymous_8)
FN:60,(anonymous_9)
FN:65,(anonymous_10)
FN:72,(anonymous_11)
FN:73,(anonymous_12)
FN:78,(anonymous_13)
FN:79,(anonymous_14)
FNF:15
FNH:15
FNDA:76,cn
FNDA:1,download
FNDA:246,(anonymous_2)
FNDA:577,(anonymous_3)
FNDA:6,(anonymous_4)
FNDA:13,(anonymous_5)
FNDA:4,(anonymous_6)
FNDA:7,(anonymous_7)
FNDA:84,(anonymous_8)
FNDA:15,(anonymous_9)
FNDA:84,(anonymous_10)
FNDA:35,(anonymous_11)
FNDA:13,(anonymous_12)
FNDA:33,(anonymous_13)
FNDA:1361,(anonymous_14)
DA:1,22
DA:3,22
DA:5,22
DA:6,76
DA:9,22
DA:10,1
DA:14,1
DA:15,1
DA:16,1
DA:17,1
DA:18,1
DA:19,1
DA:22,22
DA:23,246
DA:24,2
DA:27,244
DA:30,577
DA:34,22
DA:35,6
DA:37,6
DA:38,13
DA:39,2
DA:40,4
DA:41,4
DA:44,11
DA:46,5
DA:50,6
DA:53,22
DA:54,7
DA:55,7
DA:56,84
DA:57,84
DA:60,7
DA:61,15
DA:62,3
DA:65,84
DA:69,7
DA:72,22
DA:73,35
DA:74,35
DA:75,27
DA:78,22
DA:79,33
DA:80,1361
DA:81,1361
DA:82,1353
DA:83,1353
DA:85,8
LF:48
LH:48
BRDA:23,0,0,2
BRDA:38,1,0,2
BRDA:38,1,1,11
BRDA:40,2,0,4
BRDA:40,3,0,4
BRDA:40,3,1,4
BRDA:44,4,0,5
BRDA:44,5,0,11
BRDA:44,5,1,9
BRDA:44,5,2,7
BRDA:60,6,0,0
BRDA:60,6,1,7
BRDA:60,7,0,7
BRDA:60,7,1,7
BRDA:61,8,0,3
BRDA:73,9,0,24
BRDA:73,9,1,11
BRDA:73,10,0,35
BRDA:73,10,1,35
BRDA:74,11,0,8
BRDA:81,12,0,1353
BRDA:81,12,1,8
BRDA:83,13,0,1353
BRDA:83,13,1,104
BRDA:85,14,0,8
BRDA:85,14,1,2
BRF:26
BRH:25
end_of_record
TN:
SF:src/types/RawMaterial.ts
FN:8,(anonymous_0)
FNF:1
FNH:1
FNDA:1,(anonymous_0)
DA:8,1
DA:9,1
DA:10,1
DA:11,1
DA:12,1
LF:5
LH:5
BRDA:8,0,0,1
BRDA:8,0,1,1
BRF:2
BRH:2
end_of_record
